21:39:29 INFO  : Launching XSDB server: xsdb -n -interactive /home/graham/Dropbox/N3workingG/TE0722Rebuild/N3Vivado/TE0722TD/TE0722TD.sdk/temp_xsdb_launch_script.tcl
21:39:32 INFO  : XSDB server has started successfully.
21:39:33 INFO  : Processing command line option -hwspec /home/graham/Dropbox/N3workingG/TE0722Rebuild/N3Vivado/TE0722TD/TE0722TD.sdk/PS_PL_wrapper.hdf.
21:50:11 INFO  : Connected to target on host '127.0.0.1' and port '3121'.
21:50:12 INFO  : 'targets -set -filter {jtag_cable_name =~ "Digilent JTAG-HS2 210249A0CF17" && level==0} -index 1' command is executed.
21:50:14 INFO  : FPGA configured successfully with bitstream "/home/graham/Dropbox/N3workingG/TE0722Rebuild/N3Vivado/TE0722TD/TE0722TD.sdk/PS_PL_wrapper_hw_platform_0/PS_PL_wrapper.bit"
21:52:10 ERROR : Unexpected error while launching program.
java.lang.IllegalArgumentException: Path for project must have only one segment.
	at org.eclipse.core.runtime.Assert.isLegal(Assert.java:63)
	at org.eclipse.core.internal.resources.WorkspaceRoot.getProject(WorkspaceRoot.java:147)
	at org.eclipse.cdt.debug.core.CDebugUtils.verifyCProject(CDebugUtils.java:618)
	at org.eclipse.cdt.debug.core.CDebugUtils.verifyProgramPath(CDebugUtils.java:655)
	at org.eclipse.cdt.debug.core.CDebugUtils.verifyProgramPath(CDebugUtils.java:707)
	at com.xilinx.sdk.debug.core.XilinxAppLaunchConfigurationDelegate.runApplication(XilinxAppLaunchConfigurationDelegate.java:578)
	at com.xilinx.sdk.debug.core.XilinxAppLaunchConfigurationDelegate.launch(XilinxAppLaunchConfigurationDelegate.java:309)
	at com.xilinx.sdk.debug.ui.XilinxAppLaunchDelegateWrapper.launch(XilinxAppLaunchDelegateWrapper.java:31)
	at org.eclipse.debug.internal.core.LaunchConfiguration.launch(LaunchConfiguration.java:885)
	at org.eclipse.debug.internal.core.LaunchConfiguration.launch(LaunchConfiguration.java:739)
	at org.eclipse.debug.internal.ui.DebugUIPlugin.buildAndLaunch(DebugUIPlugin.java:1039)
	at org.eclipse.debug.internal.ui.DebugUIPlugin$8.run(DebugUIPlugin.java:1256)
	at org.eclipse.core.internal.jobs.Worker.run(Worker.java:55)
21:53:37 ERROR : Unexpected error while launching program.
java.lang.IllegalArgumentException: Path for project must have only one segment.
	at org.eclipse.core.runtime.Assert.isLegal(Assert.java:63)
	at org.eclipse.core.internal.resources.WorkspaceRoot.getProject(WorkspaceRoot.java:147)
	at org.eclipse.cdt.debug.core.CDebugUtils.verifyCProject(CDebugUtils.java:618)
	at org.eclipse.cdt.debug.core.CDebugUtils.verifyProgramPath(CDebugUtils.java:655)
	at org.eclipse.cdt.debug.core.CDebugUtils.verifyProgramPath(CDebugUtils.java:707)
	at com.xilinx.sdk.debug.core.XilinxAppLaunchConfigurationDelegate.runApplication(XilinxAppLaunchConfigurationDelegate.java:578)
	at com.xilinx.sdk.debug.core.XilinxAppLaunchConfigurationDelegate.launch(XilinxAppLaunchConfigurationDelegate.java:309)
	at com.xilinx.sdk.debug.ui.XilinxAppLaunchDelegateWrapper.launch(XilinxAppLaunchDelegateWrapper.java:31)
	at org.eclipse.debug.internal.core.LaunchConfiguration.launch(LaunchConfiguration.java:885)
	at org.eclipse.debug.internal.core.LaunchConfiguration.launch(LaunchConfiguration.java:739)
	at org.eclipse.debug.internal.ui.DebugUIPlugin.buildAndLaunch(DebugUIPlugin.java:1039)
	at org.eclipse.debug.internal.ui.DebugUIPlugin$8.run(DebugUIPlugin.java:1256)
	at org.eclipse.core.internal.jobs.Worker.run(Worker.java:55)
21:54:03 ERROR : Unexpected error while launching program.
java.lang.IllegalArgumentException: Path for project must have only one segment.
	at org.eclipse.core.runtime.Assert.isLegal(Assert.java:63)
	at org.eclipse.core.internal.resources.WorkspaceRoot.getProject(WorkspaceRoot.java:147)
	at org.eclipse.cdt.debug.core.CDebugUtils.verifyCProject(CDebugUtils.java:618)
	at org.eclipse.cdt.debug.core.CDebugUtils.verifyProgramPath(CDebugUtils.java:655)
	at org.eclipse.cdt.debug.core.CDebugUtils.verifyProgramPath(CDebugUtils.java:707)
	at com.xilinx.sdk.debug.core.XilinxAppLaunchConfigurationDelegate.debugApplication(XilinxAppLaunchConfigurationDelegate.java:663)
	at com.xilinx.sdk.debug.core.XilinxAppLaunchConfigurationDelegate.launch(XilinxAppLaunchConfigurationDelegate.java:311)
	at com.xilinx.sdk.debug.ui.XilinxAppLaunchDelegateWrapper.launch(XilinxAppLaunchDelegateWrapper.java:31)
	at org.eclipse.debug.internal.core.LaunchConfiguration.launch(LaunchConfiguration.java:885)
	at org.eclipse.debug.internal.core.LaunchConfiguration.launch(LaunchConfiguration.java:739)
	at org.eclipse.debug.internal.ui.DebugUIPlugin.buildAndLaunch(DebugUIPlugin.java:1039)
	at org.eclipse.debug.internal.ui.DebugUIPlugin$8.run(DebugUIPlugin.java:1256)
	at org.eclipse.core.internal.jobs.Worker.run(Worker.java:55)
21:54:43 ERROR : Unexpected error while launching program.
java.lang.IllegalArgumentException: Path for project must have only one segment.
	at org.eclipse.core.runtime.Assert.isLegal(Assert.java:63)
	at org.eclipse.core.internal.resources.WorkspaceRoot.getProject(WorkspaceRoot.java:147)
	at org.eclipse.cdt.debug.core.CDebugUtils.verifyCProject(CDebugUtils.java:618)
	at org.eclipse.cdt.debug.core.CDebugUtils.verifyProgramPath(CDebugUtils.java:655)
	at org.eclipse.cdt.debug.core.CDebugUtils.verifyProgramPath(CDebugUtils.java:707)
	at com.xilinx.sdk.debug.core.XilinxAppLaunchConfigurationDelegate.debugApplication(XilinxAppLaunchConfigurationDelegate.java:663)
	at com.xilinx.sdk.debug.core.XilinxAppLaunchConfigurationDelegate.launch(XilinxAppLaunchConfigurationDelegate.java:311)
	at com.xilinx.sdk.debug.ui.XilinxAppLaunchDelegateWrapper.launch(XilinxAppLaunchDelegateWrapper.java:31)
	at org.eclipse.debug.internal.core.LaunchConfiguration.launch(LaunchConfiguration.java:885)
	at org.eclipse.debug.internal.core.LaunchConfiguration.launch(LaunchConfiguration.java:739)
	at org.eclipse.debug.internal.ui.DebugUIPlugin.buildAndLaunch(DebugUIPlugin.java:1039)
	at org.eclipse.debug.internal.ui.DebugUIPlugin$8.run(DebugUIPlugin.java:1256)
	at org.eclipse.core.internal.jobs.Worker.run(Worker.java:55)
21:55:03 ERROR : Unexpected error while launching program.
java.lang.IllegalArgumentException: Path for project must have only one segment.
	at org.eclipse.core.runtime.Assert.isLegal(Assert.java:63)
	at org.eclipse.core.internal.resources.WorkspaceRoot.getProject(WorkspaceRoot.java:147)
	at org.eclipse.cdt.debug.core.CDebugUtils.verifyCProject(CDebugUtils.java:618)
	at org.eclipse.cdt.debug.core.CDebugUtils.verifyProgramPath(CDebugUtils.java:655)
	at org.eclipse.cdt.debug.core.CDebugUtils.verifyProgramPath(CDebugUtils.java:707)
	at com.xilinx.sdk.debug.core.XilinxAppLaunchConfigurationDelegate.debugApplication(XilinxAppLaunchConfigurationDelegate.java:663)
	at com.xilinx.sdk.debug.core.XilinxAppLaunchConfigurationDelegate.launch(XilinxAppLaunchConfigurationDelegate.java:311)
	at com.xilinx.sdk.debug.ui.XilinxAppLaunchDelegateWrapper.launch(XilinxAppLaunchDelegateWrapper.java:31)
	at org.eclipse.debug.internal.core.LaunchConfiguration.launch(LaunchConfiguration.java:885)
	at org.eclipse.debug.internal.core.LaunchConfiguration.launch(LaunchConfiguration.java:739)
	at org.eclipse.debug.internal.ui.DebugUIPlugin.buildAndLaunch(DebugUIPlugin.java:1039)
	at org.eclipse.debug.internal.ui.DebugUIPlugin$8.run(DebugUIPlugin.java:1256)
	at org.eclipse.core.internal.jobs.Worker.run(Worker.java:55)
21:55:10 ERROR : Unexpected error while launching program.
java.lang.IllegalArgumentException: Path for project must have only one segment.
	at org.eclipse.core.runtime.Assert.isLegal(Assert.java:63)
	at org.eclipse.core.internal.resources.WorkspaceRoot.getProject(WorkspaceRoot.java:147)
	at org.eclipse.cdt.debug.core.CDebugUtils.verifyCProject(CDebugUtils.java:618)
	at org.eclipse.cdt.debug.core.CDebugUtils.verifyProgramPath(CDebugUtils.java:655)
	at org.eclipse.cdt.debug.core.CDebugUtils.verifyProgramPath(CDebugUtils.java:707)
	at com.xilinx.sdk.debug.core.XilinxAppLaunchConfigurationDelegate.runApplication(XilinxAppLaunchConfigurationDelegate.java:578)
	at com.xilinx.sdk.debug.core.XilinxAppLaunchConfigurationDelegate.launch(XilinxAppLaunchConfigurationDelegate.java:309)
	at com.xilinx.sdk.debug.ui.XilinxAppLaunchDelegateWrapper.launch(XilinxAppLaunchDelegateWrapper.java:31)
	at org.eclipse.debug.internal.core.LaunchConfiguration.launch(LaunchConfiguration.java:885)
	at org.eclipse.debug.internal.core.LaunchConfiguration.launch(LaunchConfiguration.java:739)
	at org.eclipse.debug.internal.ui.DebugUIPlugin.buildAndLaunch(DebugUIPlugin.java:1039)
	at org.eclipse.debug.internal.ui.DebugUIPlugin$8.run(DebugUIPlugin.java:1256)
	at org.eclipse.core.internal.jobs.Worker.run(Worker.java:55)
21:55:47 ERROR : Unexpected error while launching program.
java.lang.IllegalArgumentException: Path for project must have only one segment.
	at org.eclipse.core.runtime.Assert.isLegal(Assert.java:63)
	at org.eclipse.core.internal.resources.WorkspaceRoot.getProject(WorkspaceRoot.java:147)
	at org.eclipse.cdt.debug.core.CDebugUtils.verifyCProject(CDebugUtils.java:618)
	at org.eclipse.cdt.debug.core.CDebugUtils.verifyProgramPath(CDebugUtils.java:655)
	at org.eclipse.cdt.debug.core.CDebugUtils.verifyProgramPath(CDebugUtils.java:707)
	at com.xilinx.sdk.debug.core.XilinxAppLaunchConfigurationDelegate.runApplication(XilinxAppLaunchConfigurationDelegate.java:578)
	at com.xilinx.sdk.debug.core.XilinxAppLaunchConfigurationDelegate.launch(XilinxAppLaunchConfigurationDelegate.java:309)
	at com.xilinx.sdk.debug.ui.XilinxAppLaunchDelegateWrapper.launch(XilinxAppLaunchDelegateWrapper.java:31)
	at org.eclipse.debug.internal.core.LaunchConfiguration.launch(LaunchConfiguration.java:885)
	at org.eclipse.debug.internal.core.LaunchConfiguration.launch(LaunchConfiguration.java:739)
	at org.eclipse.debug.internal.ui.DebugUIPlugin.buildAndLaunch(DebugUIPlugin.java:1039)
	at org.eclipse.debug.internal.ui.DebugUIPlugin$8.run(DebugUIPlugin.java:1256)
	at org.eclipse.core.internal.jobs.Worker.run(Worker.java:55)
22:01:46 ERROR : Unexpected error while launching program.
java.lang.IllegalArgumentException: Path for project must have only one segment.
	at org.eclipse.core.runtime.Assert.isLegal(Assert.java:63)
	at org.eclipse.core.internal.resources.WorkspaceRoot.getProject(WorkspaceRoot.java:147)
	at org.eclipse.cdt.debug.core.CDebugUtils.verifyCProject(CDebugUtils.java:618)
	at org.eclipse.cdt.debug.core.CDebugUtils.verifyProgramPath(CDebugUtils.java:655)
	at org.eclipse.cdt.debug.core.CDebugUtils.verifyProgramPath(CDebugUtils.java:707)
	at com.xilinx.sdk.debug.core.XilinxAppLaunchConfigurationDelegate.debugApplication(XilinxAppLaunchConfigurationDelegate.java:663)
	at com.xilinx.sdk.debug.core.XilinxAppLaunchConfigurationDelegate.launch(XilinxAppLaunchConfigurationDelegate.java:311)
	at com.xilinx.sdk.debug.ui.XilinxAppLaunchDelegateWrapper.launch(XilinxAppLaunchDelegateWrapper.java:31)
	at org.eclipse.debug.internal.core.LaunchConfiguration.launch(LaunchConfiguration.java:885)
	at org.eclipse.debug.internal.core.LaunchConfiguration.launch(LaunchConfiguration.java:739)
	at org.eclipse.debug.internal.ui.DebugUIPlugin.buildAndLaunch(DebugUIPlugin.java:1039)
	at org.eclipse.debug.internal.ui.DebugUIPlugin$8.run(DebugUIPlugin.java:1256)
	at org.eclipse.core.internal.jobs.Worker.run(Worker.java:55)
22:01:58 ERROR : Unexpected error while launching program.
java.lang.IllegalArgumentException: Path for project must have only one segment.
	at org.eclipse.core.runtime.Assert.isLegal(Assert.java:63)
	at org.eclipse.core.internal.resources.WorkspaceRoot.getProject(WorkspaceRoot.java:147)
	at org.eclipse.cdt.debug.core.CDebugUtils.verifyCProject(CDebugUtils.java:618)
	at org.eclipse.cdt.debug.core.CDebugUtils.verifyProgramPath(CDebugUtils.java:655)
	at org.eclipse.cdt.debug.core.CDebugUtils.verifyProgramPath(CDebugUtils.java:707)
	at com.xilinx.sdk.debug.core.XilinxAppLaunchConfigurationDelegate.runApplication(XilinxAppLaunchConfigurationDelegate.java:578)
	at com.xilinx.sdk.debug.core.XilinxAppLaunchConfigurationDelegate.launch(XilinxAppLaunchConfigurationDelegate.java:309)
	at com.xilinx.sdk.debug.ui.XilinxAppLaunchDelegateWrapper.launch(XilinxAppLaunchDelegateWrapper.java:31)
	at org.eclipse.debug.internal.core.LaunchConfiguration.launch(LaunchConfiguration.java:885)
	at org.eclipse.debug.internal.core.LaunchConfiguration.launch(LaunchConfiguration.java:739)
	at org.eclipse.debug.internal.ui.DebugUIPlugin.buildAndLaunch(DebugUIPlugin.java:1039)
	at org.eclipse.debug.internal.ui.DebugUIPlugin$8.run(DebugUIPlugin.java:1256)
	at org.eclipse.core.internal.jobs.Worker.run(Worker.java:55)
22:02:48 INFO  : Connected to target on host '127.0.0.1' and port '3121'.
22:02:48 INFO  : 'targets -set -filter {jtag_cable_name =~ "Digilent JTAG-HS2 210249A0CF17" && level==0} -index 1' command is executed.
22:02:50 INFO  : FPGA configured successfully with bitstream "/home/graham/Dropbox/N3workingG/TE0722Rebuild/N3Vivado/TE0722TD/TE0722TD.sdk/PS_PL_wrapper_hw_platform_0/PS_PL_wrapper.bit"
22:03:00 ERROR : Unexpected error while launching program.
java.lang.IllegalArgumentException: Path for project must have only one segment.
	at org.eclipse.core.runtime.Assert.isLegal(Assert.java:63)
	at org.eclipse.core.internal.resources.WorkspaceRoot.getProject(WorkspaceRoot.java:147)
	at org.eclipse.cdt.debug.core.CDebugUtils.verifyCProject(CDebugUtils.java:618)
	at org.eclipse.cdt.debug.core.CDebugUtils.verifyProgramPath(CDebugUtils.java:655)
	at org.eclipse.cdt.debug.core.CDebugUtils.verifyProgramPath(CDebugUtils.java:707)
	at com.xilinx.sdk.debug.core.XilinxAppLaunchConfigurationDelegate.debugApplication(XilinxAppLaunchConfigurationDelegate.java:663)
	at com.xilinx.sdk.debug.core.XilinxAppLaunchConfigurationDelegate.launch(XilinxAppLaunchConfigurationDelegate.java:311)
	at com.xilinx.sdk.debug.ui.XilinxAppLaunchDelegateWrapper.launch(XilinxAppLaunchDelegateWrapper.java:31)
	at org.eclipse.debug.internal.core.LaunchConfiguration.launch(LaunchConfiguration.java:885)
	at org.eclipse.debug.internal.core.LaunchConfiguration.launch(LaunchConfiguration.java:739)
	at org.eclipse.debug.internal.ui.DebugUIPlugin.buildAndLaunch(DebugUIPlugin.java:1039)
	at org.eclipse.debug.internal.ui.DebugUIPlugin$8.run(DebugUIPlugin.java:1256)
	at org.eclipse.core.internal.jobs.Worker.run(Worker.java:55)
22:03:57 ERROR : Unexpected error while launching program.
java.lang.IllegalArgumentException: Path for project must have only one segment.
	at org.eclipse.core.runtime.Assert.isLegal(Assert.java:63)
	at org.eclipse.core.internal.resources.WorkspaceRoot.getProject(WorkspaceRoot.java:147)
	at org.eclipse.cdt.debug.core.CDebugUtils.verifyCProject(CDebugUtils.java:618)
	at org.eclipse.cdt.debug.core.CDebugUtils.verifyProgramPath(CDebugUtils.java:655)
	at org.eclipse.cdt.debug.core.CDebugUtils.verifyProgramPath(CDebugUtils.java:707)
	at com.xilinx.sdk.debug.core.XilinxAppLaunchConfigurationDelegate.runApplication(XilinxAppLaunchConfigurationDelegate.java:578)
	at com.xilinx.sdk.debug.core.XilinxAppLaunchConfigurationDelegate.launch(XilinxAppLaunchConfigurationDelegate.java:309)
	at com.xilinx.sdk.debug.ui.XilinxAppLaunchDelegateWrapper.launch(XilinxAppLaunchDelegateWrapper.java:31)
	at org.eclipse.debug.internal.core.LaunchConfiguration.launch(LaunchConfiguration.java:885)
	at org.eclipse.debug.internal.core.LaunchConfiguration.launch(LaunchConfiguration.java:739)
	at org.eclipse.debug.internal.ui.DebugUIPlugin.buildAndLaunch(DebugUIPlugin.java:1039)
	at org.eclipse.debug.internal.ui.DebugUIPlugin$8.run(DebugUIPlugin.java:1256)
	at org.eclipse.core.internal.jobs.Worker.run(Worker.java:55)
22:04:04 ERROR : Unexpected error while launching program.
java.lang.IllegalArgumentException: Path for project must have only one segment.
	at org.eclipse.core.runtime.Assert.isLegal(Assert.java:63)
	at org.eclipse.core.internal.resources.WorkspaceRoot.getProject(WorkspaceRoot.java:147)
	at org.eclipse.cdt.debug.core.CDebugUtils.verifyCProject(CDebugUtils.java:618)
	at org.eclipse.cdt.debug.core.CDebugUtils.verifyProgramPath(CDebugUtils.java:655)
	at org.eclipse.cdt.debug.core.CDebugUtils.verifyProgramPath(CDebugUtils.java:707)
	at com.xilinx.sdk.debug.core.XilinxAppLaunchConfigurationDelegate.debugApplication(XilinxAppLaunchConfigurationDelegate.java:663)
	at com.xilinx.sdk.debug.core.XilinxAppLaunchConfigurationDelegate.launch(XilinxAppLaunchConfigurationDelegate.java:311)
	at com.xilinx.sdk.debug.ui.XilinxAppLaunchDelegateWrapper.launch(XilinxAppLaunchDelegateWrapper.java:31)
	at org.eclipse.debug.internal.core.LaunchConfiguration.launch(LaunchConfiguration.java:885)
	at org.eclipse.debug.internal.core.LaunchConfiguration.launch(LaunchConfiguration.java:739)
	at org.eclipse.debug.internal.ui.DebugUIPlugin.buildAndLaunch(DebugUIPlugin.java:1039)
	at org.eclipse.debug.internal.ui.DebugUIPlugin$8.run(DebugUIPlugin.java:1256)
	at org.eclipse.core.internal.jobs.Worker.run(Worker.java:55)
22:04:43 ERROR : Unexpected error while launching program.
java.lang.IllegalArgumentException: Path for project must have only one segment.
	at org.eclipse.core.runtime.Assert.isLegal(Assert.java:63)
	at org.eclipse.core.internal.resources.WorkspaceRoot.getProject(WorkspaceRoot.java:147)
	at org.eclipse.cdt.debug.core.CDebugUtils.verifyCProject(CDebugUtils.java:618)
	at org.eclipse.cdt.debug.core.CDebugUtils.verifyProgramPath(CDebugUtils.java:655)
	at org.eclipse.cdt.debug.core.CDebugUtils.verifyProgramPath(CDebugUtils.java:707)
	at com.xilinx.sdk.debug.core.XilinxAppLaunchConfigurationDelegate.runApplication(XilinxAppLaunchConfigurationDelegate.java:578)
	at com.xilinx.sdk.debug.core.XilinxAppLaunchConfigurationDelegate.launch(XilinxAppLaunchConfigurationDelegate.java:309)
	at com.xilinx.sdk.debug.ui.XilinxAppLaunchDelegateWrapper.launch(XilinxAppLaunchDelegateWrapper.java:31)
	at org.eclipse.debug.internal.core.LaunchConfiguration.launch(LaunchConfiguration.java:885)
	at org.eclipse.debug.internal.core.LaunchConfiguration.launch(LaunchConfiguration.java:739)
	at org.eclipse.debug.internal.ui.DebugUIPlugin.buildAndLaunch(DebugUIPlugin.java:1039)
	at org.eclipse.debug.internal.ui.DebugUIPlugin$8.run(DebugUIPlugin.java:1256)
	at org.eclipse.core.internal.jobs.Worker.run(Worker.java:55)
22:04:56 ERROR : Unexpected error while launching program.
java.lang.IllegalArgumentException: Path for project must have only one segment.
	at org.eclipse.core.runtime.Assert.isLegal(Assert.java:63)
	at org.eclipse.core.internal.resources.WorkspaceRoot.getProject(WorkspaceRoot.java:147)
	at org.eclipse.cdt.debug.core.CDebugUtils.verifyCProject(CDebugUtils.java:618)
	at org.eclipse.cdt.debug.core.CDebugUtils.verifyProgramPath(CDebugUtils.java:655)
	at org.eclipse.cdt.debug.core.CDebugUtils.verifyProgramPath(CDebugUtils.java:707)
	at com.xilinx.sdk.debug.core.XilinxAppLaunchConfigurationDelegate.debugApplication(XilinxAppLaunchConfigurationDelegate.java:663)
	at com.xilinx.sdk.debug.core.XilinxAppLaunchConfigurationDelegate.launch(XilinxAppLaunchConfigurationDelegate.java:311)
	at com.xilinx.sdk.debug.ui.XilinxAppLaunchDelegateWrapper.launch(XilinxAppLaunchDelegateWrapper.java:31)
	at org.eclipse.debug.internal.core.LaunchConfiguration.launch(LaunchConfiguration.java:885)
	at org.eclipse.debug.internal.core.LaunchConfiguration.launch(LaunchConfiguration.java:739)
	at org.eclipse.debug.internal.ui.DebugUIPlugin.buildAndLaunch(DebugUIPlugin.java:1039)
	at org.eclipse.debug.internal.ui.DebugUIPlugin$8.run(DebugUIPlugin.java:1256)
	at org.eclipse.core.internal.jobs.Worker.run(Worker.java:55)
22:06:35 ERROR : Unexpected error while parsing XMD response ￿: com.google.gson.JsonSyntaxException: com.google.gson.stream.MalformedJsonException: invalid number or unquoted string near 
22:07:32 INFO  : Launching XSDB server: xsdb -n -interactive /home/graham/Dropbox/N3workingG/TE0722Rebuild/N3Vivado/TE0722TD/TE0722TD.sdk/temp_xsdb_launch_script.tcl
22:07:38 INFO  : XSDB server has started successfully.
22:07:48 INFO  : Processing command line option -hwspec /home/graham/Dropbox/N3workingG/TE0722Rebuild/N3Vivado/TE0722TD/TE0722TD.sdk/PS_PL_wrapper.hdf.
22:07:49 INFO  : Checking for hwspec changes in the project PS_PL_wrapper_hw_platform_0.
22:08:37 ERROR : Unexpected error while launching program.
java.lang.IllegalArgumentException: Path for project must have only one segment.
	at org.eclipse.core.runtime.Assert.isLegal(Assert.java:63)
	at org.eclipse.core.internal.resources.WorkspaceRoot.getProject(WorkspaceRoot.java:147)
	at org.eclipse.cdt.debug.core.CDebugUtils.verifyCProject(CDebugUtils.java:618)
	at org.eclipse.cdt.debug.core.CDebugUtils.verifyProgramPath(CDebugUtils.java:655)
	at org.eclipse.cdt.debug.core.CDebugUtils.verifyProgramPath(CDebugUtils.java:707)
	at com.xilinx.sdk.debug.core.XilinxAppLaunchConfigurationDelegate.runApplication(XilinxAppLaunchConfigurationDelegate.java:578)
	at com.xilinx.sdk.debug.core.XilinxAppLaunchConfigurationDelegate.launch(XilinxAppLaunchConfigurationDelegate.java:309)
	at com.xilinx.sdk.debug.ui.XilinxAppLaunchDelegateWrapper.launch(XilinxAppLaunchDelegateWrapper.java:31)
	at org.eclipse.debug.internal.core.LaunchConfiguration.launch(LaunchConfiguration.java:885)
	at org.eclipse.debug.internal.core.LaunchConfiguration.launch(LaunchConfiguration.java:739)
	at org.eclipse.debug.internal.ui.DebugUIPlugin.buildAndLaunch(DebugUIPlugin.java:1039)
	at org.eclipse.debug.internal.ui.DebugUIPlugin$8.run(DebugUIPlugin.java:1256)
	at org.eclipse.core.internal.jobs.Worker.run(Worker.java:55)
22:12:45 ERROR : Unexpected error while launching program.
java.lang.IllegalArgumentException: Path for project must have only one segment.
	at org.eclipse.core.runtime.Assert.isLegal(Assert.java:63)
	at org.eclipse.core.internal.resources.WorkspaceRoot.getProject(WorkspaceRoot.java:147)
	at org.eclipse.cdt.debug.core.CDebugUtils.verifyCProject(CDebugUtils.java:618)
	at org.eclipse.cdt.debug.core.CDebugUtils.verifyProgramPath(CDebugUtils.java:655)
	at org.eclipse.cdt.debug.core.CDebugUtils.verifyProgramPath(CDebugUtils.java:707)
	at com.xilinx.sdk.debug.core.XilinxAppLaunchConfigurationDelegate.debugApplication(XilinxAppLaunchConfigurationDelegate.java:663)
	at com.xilinx.sdk.debug.core.XilinxAppLaunchConfigurationDelegate.launch(XilinxAppLaunchConfigurationDelegate.java:311)
	at com.xilinx.sdk.debug.ui.XilinxAppLaunchDelegateWrapper.launch(XilinxAppLaunchDelegateWrapper.java:31)
	at org.eclipse.debug.internal.core.LaunchConfiguration.launch(LaunchConfiguration.java:885)
	at org.eclipse.debug.internal.core.LaunchConfiguration.launch(LaunchConfiguration.java:739)
	at org.eclipse.debug.internal.ui.DebugUIPlugin.buildAndLaunch(DebugUIPlugin.java:1039)
	at org.eclipse.debug.internal.ui.DebugUIPlugin$8.run(DebugUIPlugin.java:1256)
	at org.eclipse.core.internal.jobs.Worker.run(Worker.java:55)
22:17:17 ERROR : Unexpected error while launching program.
java.lang.IllegalArgumentException: Path for project must have only one segment.
	at org.eclipse.core.runtime.Assert.isLegal(Assert.java:63)
	at org.eclipse.core.internal.resources.WorkspaceRoot.getProject(WorkspaceRoot.java:147)
	at org.eclipse.cdt.debug.core.CDebugUtils.verifyCProject(CDebugUtils.java:618)
	at org.eclipse.cdt.debug.core.CDebugUtils.verifyProgramPath(CDebugUtils.java:655)
	at org.eclipse.cdt.debug.core.CDebugUtils.verifyProgramPath(CDebugUtils.java:707)
	at com.xilinx.sdk.debug.core.XilinxAppLaunchConfigurationDelegate.runApplication(XilinxAppLaunchConfigurationDelegate.java:578)
	at com.xilinx.sdk.debug.core.XilinxAppLaunchConfigurationDelegate.launch(XilinxAppLaunchConfigurationDelegate.java:309)
	at com.xilinx.sdk.debug.ui.XilinxAppLaunchDelegateWrapper.launch(XilinxAppLaunchDelegateWrapper.java:31)
	at org.eclipse.debug.internal.core.LaunchConfiguration.launch(LaunchConfiguration.java:885)
	at org.eclipse.debug.internal.core.LaunchConfiguration.launch(LaunchConfiguration.java:739)
	at org.eclipse.debug.internal.ui.DebugUIPlugin.buildAndLaunch(DebugUIPlugin.java:1039)
	at org.eclipse.debug.internal.ui.DebugUIPlugin$8.run(DebugUIPlugin.java:1256)
	at org.eclipse.core.internal.jobs.Worker.run(Worker.java:55)
22:17:58 INFO  : Attempting to launch Hardware server...
22:17:59 INFO  : Hardware server is launched successfully.
22:18:45 INFO  : Connected to target on host '127.0.0.1' and port '3121'.
22:18:46 INFO  : 'targets -set -filter {jtag_cable_name =~ "Digilent JTAG-HS2 210249A0CF17" && level==0} -index 1' command is executed.
22:18:50 INFO  : FPGA configured successfully with bitstream "/home/graham/Dropbox/N3workingG/TE0722Rebuild/N3Vivado/TE0722TD/TE0722TD.sdk/PS_PL_wrapper_hw_platform_0/PS_PL_wrapper.bit"
22:19:23 INFO  : 'targets -set -filter {jtag_cable_name =~ "Digilent JTAG-HS2 210249A0CF17" && level==0} -index 1' command is executed.
22:19:23 INFO  : 'fpga -state' command is executed.
22:19:23 INFO  : Connected to target on host '127.0.0.1' and port '3121'.
22:19:24 INFO  : Jtag cable 'Digilent JTAG-HS2 210249A0CF17' is selected.
22:19:24 INFO  : 'jtag frequency' command is executed.
22:19:24 INFO  : Sourcing of '/home/graham/Dropbox/N3workingG/TE0722Rebuild/N3Vivado/TE0722TD/TE0722TD.sdk/PS_PL_wrapper_hw_platform_0/ps7_init.tcl' is done.
22:19:24 INFO  : 'targets -set -filter {name =~"APU" && jtag_cable_name =~ "Digilent JTAG-HS2 210249A0CF17"} -index 0' command is executed.
22:19:24 INFO  : Hardware design information is loaded from '/home/graham/Dropbox/N3workingG/TE0722Rebuild/N3Vivado/TE0722TD/TE0722TD.sdk/PS_PL_wrapper_hw_platform_0/system.hdf'.
22:19:24 INFO  : 'targets -set -filter {name =~"APU" && jtag_cable_name =~ "Digilent JTAG-HS2 210249A0CF17"} -index 0' command is executed.
22:19:24 INFO  : 'stop' command is executed.
22:20:40 ERROR : Invalid DAP ACK value: 0
22:20:40 INFO  : ----------------XSDB Script----------------
connect -url tcp:127.0.0.1:3121
source /home/graham/Dropbox/N3workingG/TE0722Rebuild/N3Vivado/TE0722TD/TE0722TD.sdk/PS_PL_wrapper_hw_platform_0/ps7_init.tcl
targets -set -filter {name =~"APU" && jtag_cable_name =~ "Digilent JTAG-HS2 210249A0CF17"} -index 0
loadhw /home/graham/Dropbox/N3workingG/TE0722Rebuild/N3Vivado/TE0722TD/TE0722TD.sdk/PS_PL_wrapper_hw_platform_0/system.hdf
targets -set -filter {name =~"APU" && jtag_cable_name =~ "Digilent JTAG-HS2 210249A0CF17"} -index 0
stop
ps7_init
----------------End of Script----------------

22:21:03 INFO  : Connected to target on host '127.0.0.1' and port '3121'.
22:21:03 INFO  : 'targets -set -filter {jtag_cable_name =~ "Digilent JTAG-HS2 210249A0CF17" && level==0} -index 1' command is executed.
22:21:05 INFO  : FPGA configured successfully with bitstream "/home/graham/Dropbox/N3workingG/TE0722Rebuild/N3Vivado/TE0722TD/TE0722TD.sdk/PS_PL_wrapper_hw_platform_0/PS_PL_wrapper.bit"
22:21:12 INFO  : 'targets -set -filter {jtag_cable_name =~ "Digilent JTAG-HS2 210249A0CF17" && level==0} -index 1' command is executed.
22:21:12 INFO  : 'fpga -state' command is executed.
22:21:12 INFO  : Connected to target on host '127.0.0.1' and port '3121'.
22:21:13 INFO  : Jtag cable 'Digilent JTAG-HS2 210249A0CF17' is selected.
22:21:13 INFO  : 'jtag frequency' command is executed.
22:21:13 INFO  : Sourcing of '/home/graham/Dropbox/N3workingG/TE0722Rebuild/N3Vivado/TE0722TD/TE0722TD.sdk/PS_PL_wrapper_hw_platform_0/ps7_init.tcl' is done.
22:21:13 INFO  : 'targets -set -filter {name =~"APU" && jtag_cable_name =~ "Digilent JTAG-HS2 210249A0CF17"} -index 0' command is executed.
22:21:13 INFO  : Hardware design information is loaded from '/home/graham/Dropbox/N3workingG/TE0722Rebuild/N3Vivado/TE0722TD/TE0722TD.sdk/PS_PL_wrapper_hw_platform_0/system.hdf'.
22:21:13 INFO  : 'targets -set -filter {name =~"APU" && jtag_cable_name =~ "Digilent JTAG-HS2 210249A0CF17"} -index 0' command is executed.
22:21:13 INFO  : 'stop' command is executed.
22:25:34 ERROR : Invalid DAP ACK value: 0
22:25:34 INFO  : ----------------XSDB Script----------------
connect -url tcp:127.0.0.1:3121
source /home/graham/Dropbox/N3workingG/TE0722Rebuild/N3Vivado/TE0722TD/TE0722TD.sdk/PS_PL_wrapper_hw_platform_0/ps7_init.tcl
targets -set -filter {name =~"APU" && jtag_cable_name =~ "Digilent JTAG-HS2 210249A0CF17"} -index 0
loadhw /home/graham/Dropbox/N3workingG/TE0722Rebuild/N3Vivado/TE0722TD/TE0722TD.sdk/PS_PL_wrapper_hw_platform_0/system.hdf
targets -set -filter {name =~"APU" && jtag_cable_name =~ "Digilent JTAG-HS2 210249A0CF17"} -index 0
stop
ps7_init
----------------End of Script----------------

22:25:34 INFO  : Connected to target on host '127.0.0.1' and port '3121'.
22:25:34 INFO  : Connected to target on host '127.0.0.1' and port '3121'.
22:25:34 INFO  : Connected to target on host '127.0.0.1' and port '3121'.
22:25:34 INFO  : Connected to target on host '127.0.0.1' and port '3121'.
22:25:38 INFO  : 'targets -set -filter {jtag_cable_name =~ "Digilent JTAG-HS2 210249A0CF17" && level==0} -index 1' command is executed.
22:25:38 INFO  : 'fpga -state' command is executed.
22:25:38 INFO  : Connected to target on host '127.0.0.1' and port '3121'.
22:25:38 INFO  : ----------------XSDB Script----------------
connect -url tcp:127.0.0.1:3121
----------------End of Script----------------

22:25:39 INFO  : ----------------XSDB Script----------------
connect -url tcp:127.0.0.1:3121
----------------End of Script----------------

22:25:39 INFO  : ----------------XSDB Script----------------
connect -url tcp:127.0.0.1:3121
----------------End of Script----------------

22:25:39 INFO  : ----------------XSDB Script----------------
connect -url tcp:127.0.0.1:3121
----------------End of Script----------------

22:25:39 INFO  : Jtag cable 'Digilent JTAG-HS2 210249A0CF17' is selected.
22:25:39 INFO  : 'jtag frequency' command is executed.
22:25:39 INFO  : Sourcing of '/home/graham/Dropbox/N3workingG/TE0722Rebuild/N3Vivado/TE0722TD/TE0722TD.sdk/PS_PL_wrapper_hw_platform_0/ps7_init.tcl' is done.
22:25:39 INFO  : 'targets -set -filter {name =~"APU" && jtag_cable_name =~ "Digilent JTAG-HS2 210249A0CF17"} -index 0' command is executed.
22:25:39 INFO  : Hardware design information is loaded from '/home/graham/Dropbox/N3workingG/TE0722Rebuild/N3Vivado/TE0722TD/TE0722TD.sdk/PS_PL_wrapper_hw_platform_0/system.hdf'.
22:25:39 INFO  : 'targets -set -filter {name =~"APU" && jtag_cable_name =~ "Digilent JTAG-HS2 210249A0CF17"} -index 0' command is executed.
22:25:39 INFO  : 'stop' command is executed.
22:28:38 ERROR : Invalid DAP ACK value: 0
22:28:38 INFO  : ----------------XSDB Script----------------
connect -url tcp:127.0.0.1:3121
source /home/graham/Dropbox/N3workingG/TE0722Rebuild/N3Vivado/TE0722TD/TE0722TD.sdk/PS_PL_wrapper_hw_platform_0/ps7_init.tcl
targets -set -filter {name =~"APU" && jtag_cable_name =~ "Digilent JTAG-HS2 210249A0CF17"} -index 0
loadhw /home/graham/Dropbox/N3workingG/TE0722Rebuild/N3Vivado/TE0722TD/TE0722TD.sdk/PS_PL_wrapper_hw_platform_0/system.hdf
targets -set -filter {name =~"APU" && jtag_cable_name =~ "Digilent JTAG-HS2 210249A0CF17"} -index 0
stop
ps7_init
----------------End of Script----------------

22:28:53 ERROR : Unexpected error while parsing XMD response ￿: com.google.gson.JsonSyntaxException: com.google.gson.stream.MalformedJsonException: invalid number or unquoted string near 
17:23:07 INFO  : Launching XSDB server: xsdb.bat -interactive C:\Users\gnaylor.CCFEPC\Dropbox\N3workingG\TE0722Rebuild\N3Vivado\TE0722TD\TE0722TD.sdk\temp_xsdb_launch_script.tcl
17:23:11 INFO  : XSDB server has started successfully.
17:23:19 INFO  : Processing command line option -hwspec C:/Users/gnaylor.CCFEPC/Dropbox/N3workingG/TE0722Rebuild/N3Vivado/TE0722TD/TE0722TD.sdk/PS_PL_wrapper.hdf.
17:23:39 INFO  : Connected to target on host '127.0.0.1' and port '3121'.
17:23:40 INFO  : 'targets -set -filter {jtag_cable_name =~ "Digilent JTAG-HS2 210249A0CF17" && level==0} -index 1' command is executed.
17:23:41 INFO  : FPGA configured successfully with bitstream "C:/Users/gnaylor.CCFEPC/Dropbox/N3workingG/TE0722Rebuild/N3Vivado/TE0722TD/TE0722TD.sdk/PS_PL_wrapper_hw_platform_0/PS_PL_wrapper.bit"
17:24:07 INFO  : Connected to target on host '127.0.0.1' and port '3121'.
17:24:07 INFO  : Jtag cable 'Digilent JTAG-HS2 210249A0CF17' is selected.
17:24:07 INFO  : 'jtag frequency' command is executed.
17:24:07 INFO  : Sourcing of 'C:/Users/gnaylor.CCFEPC/Dropbox/N3workingG/TE0722Rebuild/N3Vivado/TE0722TD/TE0722TD.sdk/PS_PL_wrapper_hw_platform_0/ps7_init.tcl' is done.
17:24:07 INFO  : 'targets -set -filter {name =~"APU" && jtag_cable_name =~ "Digilent JTAG-HS2 210249A0CF17"} -index 0' command is executed.
17:24:07 INFO  : System reset is completed.
17:24:10 INFO  : 'after 3000' command is executed.
17:24:10 INFO  : 'targets -set -filter {jtag_cable_name =~ "Digilent JTAG-HS2 210249A0CF17" && level==0} -index 1' command is executed.
17:24:12 INFO  : FPGA configured successfully with bitstream "C:/Users/gnaylor.CCFEPC/Dropbox/N3workingG/TE0722Rebuild/N3Vivado/TE0722TD/TE0722TD.sdk/PS_PL_wrapper_hw_platform_0/PS_PL_wrapper.bit"
17:24:12 INFO  : 'targets -set -filter {name =~"APU" && jtag_cable_name =~ "Digilent JTAG-HS2 210249A0CF17"} -index 0' command is executed.
17:24:12 INFO  : Hardware design information is loaded from 'C:/Users/gnaylor.CCFEPC/Dropbox/N3workingG/TE0722Rebuild/N3Vivado/TE0722TD/TE0722TD.sdk/PS_PL_wrapper_hw_platform_0/system.hdf'.
17:24:12 INFO  : 'targets -set -filter {name =~"APU" && jtag_cable_name =~ "Digilent JTAG-HS2 210249A0CF17"} -index 0' command is executed.
17:24:13 INFO  : 'ps7_init' command is executed.
17:24:13 INFO  : 'ps7_post_config' command is executed.
17:24:13 INFO  : Context for processor 'ps7_cortexa9_0' is selected.
17:24:13 INFO  : The application 'C:/Users/gnaylor.CCFEPC/Dropbox/N3workingG/TE0722Rebuild/N3Vivado/TE0722TD/TE0722TD.sdk/N3Zbram/Debug/N3Zbram.elf' is downloaded to processor 'ps7_cortexa9_0'.
17:24:13 INFO  : ----------------XSDB Script----------------
connect -url tcp:127.0.0.1:3121
source C:/Users/gnaylor.CCFEPC/Dropbox/N3workingG/TE0722Rebuild/N3Vivado/TE0722TD/TE0722TD.sdk/PS_PL_wrapper_hw_platform_0/ps7_init.tcl
targets -set -filter {name =~"APU" && jtag_cable_name =~ "Digilent JTAG-HS2 210249A0CF17"} -index 0
rst -system
after 3000
targets -set -filter {jtag_cable_name =~ "Digilent JTAG-HS2 210249A0CF17" && level==0} -index 1
fpga -file C:/Users/gnaylor.CCFEPC/Dropbox/N3workingG/TE0722Rebuild/N3Vivado/TE0722TD/TE0722TD.sdk/PS_PL_wrapper_hw_platform_0/PS_PL_wrapper.bit
targets -set -filter {name =~"APU" && jtag_cable_name =~ "Digilent JTAG-HS2 210249A0CF17"} -index 0
loadhw C:/Users/gnaylor.CCFEPC/Dropbox/N3workingG/TE0722Rebuild/N3Vivado/TE0722TD/TE0722TD.sdk/PS_PL_wrapper_hw_platform_0/system.hdf
targets -set -filter {name =~"APU" && jtag_cable_name =~ "Digilent JTAG-HS2 210249A0CF17"} -index 0
ps7_init
ps7_post_config
targets -set -nocase -filter {name =~ "ARM*#0" && jtag_cable_name =~ "Digilent JTAG-HS2 210249A0CF17"} -index 0
dow C:/Users/gnaylor.CCFEPC/Dropbox/N3workingG/TE0722Rebuild/N3Vivado/TE0722TD/TE0722TD.sdk/N3Zbram/Debug/N3Zbram.elf
----------------End of Script----------------

17:24:13 INFO  : Memory regions updated for context APU
17:24:13 INFO  : Context for processor 'ps7_cortexa9_0' is selected.
17:24:13 INFO  : 'con' command is executed.
17:24:13 INFO  : ----------------XSDB Script (After Launch)----------------
targets -set -nocase -filter {name =~ "ARM*#0" && jtag_cable_name =~ "Digilent JTAG-HS2 210249A0CF17"} -index 0
con
----------------End of Script----------------

17:24:13 INFO  : Launch script is exported to file 'C:\Users\gnaylor.CCFEPC\Dropbox\N3workingG\TE0722Rebuild\N3Vivado\TE0722TD\TE0722TD.sdk\.sdk\launch_scripts\xilinx_c-c++_application_(system_debugger)\system_debugger_on_local_n3zbram.elf.tcl'
17:25:03 INFO  : Disconnected from the channel tcfchan#1.
17:25:03 INFO  : Connected to target on host '127.0.0.1' and port '3121'.
17:25:04 INFO  : Jtag cable 'Digilent JTAG-HS2 210249A0CF17' is selected.
17:25:04 INFO  : 'jtag frequency' command is executed.
17:25:04 INFO  : Sourcing of 'C:/Users/gnaylor.CCFEPC/Dropbox/N3workingG/TE0722Rebuild/N3Vivado/TE0722TD/TE0722TD.sdk/PS_PL_wrapper_hw_platform_0/ps7_init.tcl' is done.
17:25:04 INFO  : 'targets -set -filter {name =~"APU" && jtag_cable_name =~ "Digilent JTAG-HS2 210249A0CF17"} -index 0' command is executed.
17:25:04 INFO  : System reset is completed.
17:25:07 INFO  : 'after 3000' command is executed.
17:25:07 INFO  : 'targets -set -filter {jtag_cable_name =~ "Digilent JTAG-HS2 210249A0CF17" && level==0} -index 1' command is executed.
17:25:09 INFO  : FPGA configured successfully with bitstream "C:/Users/gnaylor.CCFEPC/Dropbox/N3workingG/TE0722Rebuild/N3Vivado/TE0722TD/TE0722TD.sdk/PS_PL_wrapper_hw_platform_0/PS_PL_wrapper.bit"
17:25:09 INFO  : 'targets -set -filter {name =~"APU" && jtag_cable_name =~ "Digilent JTAG-HS2 210249A0CF17"} -index 0' command is executed.
17:25:11 INFO  : Hardware design information is loaded from 'C:/Users/gnaylor.CCFEPC/Dropbox/N3workingG/TE0722Rebuild/N3Vivado/TE0722TD/TE0722TD.sdk/PS_PL_wrapper_hw_platform_0/system.hdf'.
17:25:11 INFO  : 'targets -set -filter {name =~"APU" && jtag_cable_name =~ "Digilent JTAG-HS2 210249A0CF17"} -index 0' command is executed.
17:25:11 INFO  : 'ps7_init' command is executed.
17:25:11 INFO  : 'ps7_post_config' command is executed.
17:25:11 INFO  : Context for processor 'ps7_cortexa9_0' is selected.
17:25:12 INFO  : The application 'C:/Users/gnaylor.CCFEPC/Dropbox/N3workingG/TE0722Rebuild/N3Vivado/TE0722TD/TE0722TD.sdk/N3Zbram/Debug/N3Zbram.elf' is downloaded to processor 'ps7_cortexa9_0'.
17:25:12 INFO  : ----------------XSDB Script----------------
connect -url tcp:127.0.0.1:3121
source C:/Users/gnaylor.CCFEPC/Dropbox/N3workingG/TE0722Rebuild/N3Vivado/TE0722TD/TE0722TD.sdk/PS_PL_wrapper_hw_platform_0/ps7_init.tcl
targets -set -filter {name =~"APU" && jtag_cable_name =~ "Digilent JTAG-HS2 210249A0CF17"} -index 0
rst -system
after 3000
targets -set -filter {jtag_cable_name =~ "Digilent JTAG-HS2 210249A0CF17" && level==0} -index 1
fpga -file C:/Users/gnaylor.CCFEPC/Dropbox/N3workingG/TE0722Rebuild/N3Vivado/TE0722TD/TE0722TD.sdk/PS_PL_wrapper_hw_platform_0/PS_PL_wrapper.bit
targets -set -filter {name =~"APU" && jtag_cable_name =~ "Digilent JTAG-HS2 210249A0CF17"} -index 0
loadhw C:/Users/gnaylor.CCFEPC/Dropbox/N3workingG/TE0722Rebuild/N3Vivado/TE0722TD/TE0722TD.sdk/PS_PL_wrapper_hw_platform_0/system.hdf
targets -set -filter {name =~"APU" && jtag_cable_name =~ "Digilent JTAG-HS2 210249A0CF17"} -index 0
ps7_init
ps7_post_config
targets -set -nocase -filter {name =~ "ARM*#0" && jtag_cable_name =~ "Digilent JTAG-HS2 210249A0CF17"} -index 0
dow C:/Users/gnaylor.CCFEPC/Dropbox/N3workingG/TE0722Rebuild/N3Vivado/TE0722TD/TE0722TD.sdk/N3Zbram/Debug/N3Zbram.elf
----------------End of Script----------------

17:25:12 INFO  : Memory regions updated for context APU
17:25:12 INFO  : Context for processor 'ps7_cortexa9_0' is selected.
17:25:12 INFO  : 'con' command is executed.
17:25:12 INFO  : ----------------XSDB Script (After Launch)----------------
targets -set -nocase -filter {name =~ "ARM*#0" && jtag_cable_name =~ "Digilent JTAG-HS2 210249A0CF17"} -index 0
con
----------------End of Script----------------

17:25:12 INFO  : Launch script is exported to file 'C:\Users\gnaylor.CCFEPC\Dropbox\N3workingG\TE0722Rebuild\N3Vivado\TE0722TD\TE0722TD.sdk\.sdk\launch_scripts\xilinx_c-c++_application_(system_debugger)\system_debugger_on_local_n3zbram.elf.tcl'
17:25:28 INFO  : Disconnected from the channel tcfchan#2.
17:25:29 INFO  : Connected to target on host '127.0.0.1' and port '3121'.
17:25:29 INFO  : Jtag cable 'Digilent JTAG-HS2 210249A0CF17' is selected.
17:25:29 INFO  : 'jtag frequency' command is executed.
17:25:29 INFO  : Sourcing of 'C:/Users/gnaylor.CCFEPC/Dropbox/N3workingG/TE0722Rebuild/N3Vivado/TE0722TD/TE0722TD.sdk/PS_PL_wrapper_hw_platform_0/ps7_init.tcl' is done.
17:25:29 INFO  : 'targets -set -filter {name =~"APU" && jtag_cable_name =~ "Digilent JTAG-HS2 210249A0CF17"} -index 0' command is executed.
17:25:29 INFO  : System reset is completed.
17:25:32 INFO  : 'after 3000' command is executed.
17:25:32 INFO  : 'targets -set -filter {jtag_cable_name =~ "Digilent JTAG-HS2 210249A0CF17" && level==0} -index 1' command is executed.
17:25:34 INFO  : FPGA configured successfully with bitstream "C:/Users/gnaylor.CCFEPC/Dropbox/N3workingG/TE0722Rebuild/N3Vivado/TE0722TD/TE0722TD.sdk/PS_PL_wrapper_hw_platform_0/PS_PL_wrapper.bit"
17:25:34 INFO  : 'targets -set -filter {name =~"APU" && jtag_cable_name =~ "Digilent JTAG-HS2 210249A0CF17"} -index 0' command is executed.
17:25:34 INFO  : Hardware design information is loaded from 'C:/Users/gnaylor.CCFEPC/Dropbox/N3workingG/TE0722Rebuild/N3Vivado/TE0722TD/TE0722TD.sdk/PS_PL_wrapper_hw_platform_0/system.hdf'.
17:25:34 INFO  : 'targets -set -filter {name =~"APU" && jtag_cable_name =~ "Digilent JTAG-HS2 210249A0CF17"} -index 0' command is executed.
17:25:34 INFO  : 'ps7_init' command is executed.
17:25:34 INFO  : 'ps7_post_config' command is executed.
17:25:34 INFO  : Context for processor 'ps7_cortexa9_0' is selected.
17:25:34 INFO  : The application 'C:/Users/gnaylor.CCFEPC/Dropbox/N3workingG/TE0722Rebuild/N3Vivado/TE0722TD/TE0722TD.sdk/N3Zbram/Debug/N3Zbram.elf' is downloaded to processor 'ps7_cortexa9_0'.
17:25:34 INFO  : ----------------XSDB Script----------------
connect -url tcp:127.0.0.1:3121
source C:/Users/gnaylor.CCFEPC/Dropbox/N3workingG/TE0722Rebuild/N3Vivado/TE0722TD/TE0722TD.sdk/PS_PL_wrapper_hw_platform_0/ps7_init.tcl
targets -set -filter {name =~"APU" && jtag_cable_name =~ "Digilent JTAG-HS2 210249A0CF17"} -index 0
rst -system
after 3000
targets -set -filter {jtag_cable_name =~ "Digilent JTAG-HS2 210249A0CF17" && level==0} -index 1
fpga -file C:/Users/gnaylor.CCFEPC/Dropbox/N3workingG/TE0722Rebuild/N3Vivado/TE0722TD/TE0722TD.sdk/PS_PL_wrapper_hw_platform_0/PS_PL_wrapper.bit
targets -set -filter {name =~"APU" && jtag_cable_name =~ "Digilent JTAG-HS2 210249A0CF17"} -index 0
loadhw C:/Users/gnaylor.CCFEPC/Dropbox/N3workingG/TE0722Rebuild/N3Vivado/TE0722TD/TE0722TD.sdk/PS_PL_wrapper_hw_platform_0/system.hdf
targets -set -filter {name =~"APU" && jtag_cable_name =~ "Digilent JTAG-HS2 210249A0CF17"} -index 0
ps7_init
ps7_post_config
targets -set -nocase -filter {name =~ "ARM*#0" && jtag_cable_name =~ "Digilent JTAG-HS2 210249A0CF17"} -index 0
dow C:/Users/gnaylor.CCFEPC/Dropbox/N3workingG/TE0722Rebuild/N3Vivado/TE0722TD/TE0722TD.sdk/N3Zbram/Debug/N3Zbram.elf
----------------End of Script----------------

17:25:34 INFO  : Memory regions updated for context APU
17:25:34 INFO  : Context for processor 'ps7_cortexa9_0' is selected.
17:25:34 INFO  : 'con' command is executed.
17:25:34 INFO  : ----------------XSDB Script (After Launch)----------------
targets -set -nocase -filter {name =~ "ARM*#0" && jtag_cable_name =~ "Digilent JTAG-HS2 210249A0CF17"} -index 0
con
----------------End of Script----------------

17:25:34 INFO  : Launch script is exported to file 'C:\Users\gnaylor.CCFEPC\Dropbox\N3workingG\TE0722Rebuild\N3Vivado\TE0722TD\TE0722TD.sdk\.sdk\launch_scripts\xilinx_c-c++_application_(system_debugger)\system_debugger_on_local_n3zbram.elf.tcl'
17:25:53 INFO  : Disconnected from the channel tcfchan#3.
17:25:53 INFO  : Connected to target on host '127.0.0.1' and port '3121'.
17:25:54 INFO  : Jtag cable 'Digilent JTAG-HS2 210249A0CF17' is selected.
17:25:54 INFO  : 'jtag frequency' command is executed.
17:25:54 INFO  : Sourcing of 'C:/Users/gnaylor.CCFEPC/Dropbox/N3workingG/TE0722Rebuild/N3Vivado/TE0722TD/TE0722TD.sdk/PS_PL_wrapper_hw_platform_0/ps7_init.tcl' is done.
17:25:54 INFO  : 'targets -set -filter {name =~"APU" && jtag_cable_name =~ "Digilent JTAG-HS2 210249A0CF17"} -index 0' command is executed.
17:25:54 INFO  : System reset is completed.
17:25:57 INFO  : 'after 3000' command is executed.
17:25:57 INFO  : 'targets -set -filter {jtag_cable_name =~ "Digilent JTAG-HS2 210249A0CF17" && level==0} -index 1' command is executed.
17:25:59 INFO  : FPGA configured successfully with bitstream "C:/Users/gnaylor.CCFEPC/Dropbox/N3workingG/TE0722Rebuild/N3Vivado/TE0722TD/TE0722TD.sdk/PS_PL_wrapper_hw_platform_0/PS_PL_wrapper.bit"
17:25:59 INFO  : 'targets -set -filter {name =~"APU" && jtag_cable_name =~ "Digilent JTAG-HS2 210249A0CF17"} -index 0' command is executed.
17:25:59 INFO  : Hardware design information is loaded from 'C:/Users/gnaylor.CCFEPC/Dropbox/N3workingG/TE0722Rebuild/N3Vivado/TE0722TD/TE0722TD.sdk/PS_PL_wrapper_hw_platform_0/system.hdf'.
17:25:59 INFO  : 'targets -set -filter {name =~"APU" && jtag_cable_name =~ "Digilent JTAG-HS2 210249A0CF17"} -index 0' command is executed.
17:25:59 INFO  : 'ps7_init' command is executed.
17:25:59 INFO  : 'ps7_post_config' command is executed.
17:25:59 INFO  : Context for processor 'ps7_cortexa9_0' is selected.
17:25:59 INFO  : The application 'C:/Users/gnaylor.CCFEPC/Dropbox/N3workingG/TE0722Rebuild/N3Vivado/TE0722TD/TE0722TD.sdk/N3Zbram/Debug/N3Zbram.elf' is downloaded to processor 'ps7_cortexa9_0'.
17:25:59 INFO  : ----------------XSDB Script----------------
connect -url tcp:127.0.0.1:3121
source C:/Users/gnaylor.CCFEPC/Dropbox/N3workingG/TE0722Rebuild/N3Vivado/TE0722TD/TE0722TD.sdk/PS_PL_wrapper_hw_platform_0/ps7_init.tcl
targets -set -filter {name =~"APU" && jtag_cable_name =~ "Digilent JTAG-HS2 210249A0CF17"} -index 0
rst -system
after 3000
targets -set -filter {jtag_cable_name =~ "Digilent JTAG-HS2 210249A0CF17" && level==0} -index 1
fpga -file C:/Users/gnaylor.CCFEPC/Dropbox/N3workingG/TE0722Rebuild/N3Vivado/TE0722TD/TE0722TD.sdk/PS_PL_wrapper_hw_platform_0/PS_PL_wrapper.bit
targets -set -filter {name =~"APU" && jtag_cable_name =~ "Digilent JTAG-HS2 210249A0CF17"} -index 0
loadhw C:/Users/gnaylor.CCFEPC/Dropbox/N3workingG/TE0722Rebuild/N3Vivado/TE0722TD/TE0722TD.sdk/PS_PL_wrapper_hw_platform_0/system.hdf
targets -set -filter {name =~"APU" && jtag_cable_name =~ "Digilent JTAG-HS2 210249A0CF17"} -index 0
ps7_init
ps7_post_config
targets -set -nocase -filter {name =~ "ARM*#0" && jtag_cable_name =~ "Digilent JTAG-HS2 210249A0CF17"} -index 0
dow C:/Users/gnaylor.CCFEPC/Dropbox/N3workingG/TE0722Rebuild/N3Vivado/TE0722TD/TE0722TD.sdk/N3Zbram/Debug/N3Zbram.elf
----------------End of Script----------------

17:25:59 INFO  : Memory regions updated for context APU
17:25:59 INFO  : Context for processor 'ps7_cortexa9_0' is selected.
17:25:59 INFO  : 'con' command is executed.
17:25:59 INFO  : ----------------XSDB Script (After Launch)----------------
targets -set -nocase -filter {name =~ "ARM*#0" && jtag_cable_name =~ "Digilent JTAG-HS2 210249A0CF17"} -index 0
con
----------------End of Script----------------

17:25:59 INFO  : Launch script is exported to file 'C:\Users\gnaylor.CCFEPC\Dropbox\N3workingG\TE0722Rebuild\N3Vivado\TE0722TD\TE0722TD.sdk\.sdk\launch_scripts\xilinx_c-c++_application_(system_debugger)\system_debugger_on_local_n3zbram.elf.tcl'
17:26:17 INFO  : Connected to target on host '127.0.0.1' and port '3121'.
17:26:17 INFO  : 'targets -set -filter {jtag_cable_name =~ "Digilent JTAG-HS2 210249A0CF17" && level==0} -index 1' command is executed.
17:26:19 INFO  : FPGA configured successfully with bitstream "C:/Users/gnaylor.CCFEPC/Dropbox/N3workingG/TE0722Rebuild/N3Vivado/TE0722TD/TE0722TD.sdk/PS_PL_wrapper_hw_platform_0/PS_PL_wrapper.bit"
17:26:27 INFO  : Disconnected from the channel tcfchan#4.
17:26:27 INFO  : Connected to target on host '127.0.0.1' and port '3121'.
17:26:27 INFO  : Jtag cable 'Digilent JTAG-HS2 210249A0CF17' is selected.
17:26:27 INFO  : 'jtag frequency' command is executed.
17:26:27 INFO  : Sourcing of 'C:/Users/gnaylor.CCFEPC/Dropbox/N3workingG/TE0722Rebuild/N3Vivado/TE0722TD/TE0722TD.sdk/PS_PL_wrapper_hw_platform_0/ps7_init.tcl' is done.
17:26:27 INFO  : 'targets -set -filter {name =~"APU" && jtag_cable_name =~ "Digilent JTAG-HS2 210249A0CF17"} -index 0' command is executed.
17:26:27 INFO  : System reset is completed.
17:26:30 INFO  : 'after 3000' command is executed.
17:26:30 INFO  : 'targets -set -filter {jtag_cable_name =~ "Digilent JTAG-HS2 210249A0CF17" && level==0} -index 1' command is executed.
17:26:32 INFO  : FPGA configured successfully with bitstream "C:/Users/gnaylor.CCFEPC/Dropbox/N3workingG/TE0722Rebuild/N3Vivado/TE0722TD/TE0722TD.sdk/PS_PL_wrapper_hw_platform_0/PS_PL_wrapper.bit"
17:26:32 INFO  : 'targets -set -filter {name =~"APU" && jtag_cable_name =~ "Digilent JTAG-HS2 210249A0CF17"} -index 0' command is executed.
17:26:32 INFO  : Hardware design information is loaded from 'C:/Users/gnaylor.CCFEPC/Dropbox/N3workingG/TE0722Rebuild/N3Vivado/TE0722TD/TE0722TD.sdk/PS_PL_wrapper_hw_platform_0/system.hdf'.
17:26:32 INFO  : 'targets -set -filter {name =~"APU" && jtag_cable_name =~ "Digilent JTAG-HS2 210249A0CF17"} -index 0' command is executed.
17:26:32 INFO  : 'ps7_init' command is executed.
17:26:32 INFO  : 'ps7_post_config' command is executed.
17:26:32 INFO  : Context for processor 'ps7_cortexa9_0' is selected.
17:26:32 INFO  : The application 'C:/Users/gnaylor.CCFEPC/Dropbox/N3workingG/TE0722Rebuild/N3Vivado/TE0722TD/TE0722TD.sdk/N3Zbram/Debug/N3Zbram.elf' is downloaded to processor 'ps7_cortexa9_0'.
17:26:32 INFO  : ----------------XSDB Script----------------
connect -url tcp:127.0.0.1:3121
source C:/Users/gnaylor.CCFEPC/Dropbox/N3workingG/TE0722Rebuild/N3Vivado/TE0722TD/TE0722TD.sdk/PS_PL_wrapper_hw_platform_0/ps7_init.tcl
targets -set -filter {name =~"APU" && jtag_cable_name =~ "Digilent JTAG-HS2 210249A0CF17"} -index 0
rst -system
after 3000
targets -set -filter {jtag_cable_name =~ "Digilent JTAG-HS2 210249A0CF17" && level==0} -index 1
fpga -file C:/Users/gnaylor.CCFEPC/Dropbox/N3workingG/TE0722Rebuild/N3Vivado/TE0722TD/TE0722TD.sdk/PS_PL_wrapper_hw_platform_0/PS_PL_wrapper.bit
targets -set -filter {name =~"APU" && jtag_cable_name =~ "Digilent JTAG-HS2 210249A0CF17"} -index 0
loadhw C:/Users/gnaylor.CCFEPC/Dropbox/N3workingG/TE0722Rebuild/N3Vivado/TE0722TD/TE0722TD.sdk/PS_PL_wrapper_hw_platform_0/system.hdf
targets -set -filter {name =~"APU" && jtag_cable_name =~ "Digilent JTAG-HS2 210249A0CF17"} -index 0
ps7_init
ps7_post_config
targets -set -nocase -filter {name =~ "ARM*#0" && jtag_cable_name =~ "Digilent JTAG-HS2 210249A0CF17"} -index 0
dow C:/Users/gnaylor.CCFEPC/Dropbox/N3workingG/TE0722Rebuild/N3Vivado/TE0722TD/TE0722TD.sdk/N3Zbram/Debug/N3Zbram.elf
----------------End of Script----------------

17:26:32 INFO  : Memory regions updated for context APU
17:26:32 INFO  : Context for processor 'ps7_cortexa9_0' is selected.
17:26:32 INFO  : 'con' command is executed.
17:26:32 INFO  : ----------------XSDB Script (After Launch)----------------
targets -set -nocase -filter {name =~ "ARM*#0" && jtag_cable_name =~ "Digilent JTAG-HS2 210249A0CF17"} -index 0
con
----------------End of Script----------------

17:26:32 INFO  : Launch script is exported to file 'C:\Users\gnaylor.CCFEPC\Dropbox\N3workingG\TE0722Rebuild\N3Vivado\TE0722TD\TE0722TD.sdk\.sdk\launch_scripts\xilinx_c-c++_application_(system_debugger)\system_debugger_on_local_n3zbram.elf.tcl'
17:35:52 INFO  : Disconnected from the channel tcfchan#5.
16:37:58 INFO  : Launching XSDB server: xsdb -n -interactive /home/graham/Dropbox/N3workingG/TE0722Rebuild/N3Vivado/TE0722TD/TE0722TD.sdk/temp_xsdb_launch_script.tcl
16:38:10 INFO  : XSDB server has started successfully.
16:38:37 INFO  : Processing command line option -hwspec /home/graham/Dropbox/N3workingG/TE0722Rebuild/N3Vivado/TE0722TD/TE0722TD.sdk/PS_PL_wrapper.hdf.
16:38:38 INFO  : Checking for hwspec changes in the project PS_PL_wrapper_hw_platform_0.
16:38:50 INFO  : SDK has detected change in the last modified timestamps for source hardware specification file Source:1476529877000,  Project:1476302238000
16:38:50 INFO  : The hardware specification for project 'PS_PL_wrapper_hw_platform_0' is different from /home/graham/Dropbox/N3workingG/TE0722Rebuild/N3Vivado/TE0722TD/TE0722TD.sdk/PS_PL_wrapper.hdf.
16:38:50 INFO  : Copied contents of /home/graham/Dropbox/N3workingG/TE0722Rebuild/N3Vivado/TE0722TD/TE0722TD.sdk/PS_PL_wrapper.hdf into /PS_PL_wrapper_hw_platform_0/system.hdf.
16:39:06 INFO  : Synchronizing projects in the workspace with the hardware platform specification changes.
16:39:33 INFO  : 
16:39:34 INFO  : Updating hardware inferred compiler options for N3Zbram.
16:39:35 INFO  : Clearing existing target manager status.
16:41:34 INFO  : Connected to target on host '127.0.0.1' and port '3121'.
16:41:35 INFO  : 'targets -set -filter {jtag_cable_name =~ "Digilent JTAG-HS2 210249A0CF17" && level==0} -index 1' command is executed.
16:41:40 INFO  : FPGA configured successfully with bitstream "/home/graham/Dropbox/N3workingG/TE0722Rebuild/N3Vivado/TE0722TD/TE0722TD.sdk/PS_PL_wrapper_hw_platform_0/PS_PL_wrapper.bit"
16:41:56 INFO  : Connected to target on host '127.0.0.1' and port '3121'.
16:41:57 INFO  : Jtag cable 'Digilent JTAG-HS2 210249A0CF17' is selected.
16:41:57 INFO  : 'jtag frequency' command is executed.
16:41:57 INFO  : Sourcing of '/home/graham/Dropbox/N3workingG/TE0722Rebuild/N3Vivado/TE0722TD/TE0722TD.sdk/PS_PL_wrapper_hw_platform_0/ps7_init.tcl' is done.
16:41:57 INFO  : 'targets -set -filter {name =~"APU" && jtag_cable_name =~ "Digilent JTAG-HS2 210249A0CF17"} -index 0' command is executed.
16:41:57 INFO  : System reset is completed.
16:42:00 INFO  : 'after 3000' command is executed.
16:42:00 INFO  : 'targets -set -filter {jtag_cable_name =~ "Digilent JTAG-HS2 210249A0CF17" && level==0} -index 1' command is executed.
16:42:03 INFO  : FPGA configured successfully with bitstream "/home/graham/Dropbox/N3workingG/TE0722Rebuild/N3Vivado/TE0722TD/TE0722TD.sdk/PS_PL_wrapper_hw_platform_0/PS_PL_wrapper.bit"
16:42:03 INFO  : 'targets -set -filter {name =~"APU" && jtag_cable_name =~ "Digilent JTAG-HS2 210249A0CF17"} -index 0' command is executed.
16:42:04 INFO  : Hardware design information is loaded from '/home/graham/Dropbox/N3workingG/TE0722Rebuild/N3Vivado/TE0722TD/TE0722TD.sdk/PS_PL_wrapper_hw_platform_0/system.hdf'.
16:42:04 INFO  : 'targets -set -filter {name =~"APU" && jtag_cable_name =~ "Digilent JTAG-HS2 210249A0CF17"} -index 0' command is executed.
16:42:04 INFO  : 'ps7_init' command is executed.
16:42:04 INFO  : 'ps7_post_config' command is executed.
16:42:04 INFO  : Context for processor 'ps7_cortexa9_0' is selected.
16:42:05 INFO  : The application '/home/graham/Dropbox/N3workingG/TE0722Rebuild/N3Vivado/TE0722TD/TE0722TD.sdk/N3Zbram/Debug/N3Zbram.elf' is downloaded to processor 'ps7_cortexa9_0'.
16:42:05 INFO  : ----------------XSDB Script----------------
connect -url tcp:127.0.0.1:3121
source /home/graham/Dropbox/N3workingG/TE0722Rebuild/N3Vivado/TE0722TD/TE0722TD.sdk/PS_PL_wrapper_hw_platform_0/ps7_init.tcl
targets -set -filter {name =~"APU" && jtag_cable_name =~ "Digilent JTAG-HS2 210249A0CF17"} -index 0
rst -system
after 3000
targets -set -filter {jtag_cable_name =~ "Digilent JTAG-HS2 210249A0CF17" && level==0} -index 1
fpga -file /home/graham/Dropbox/N3workingG/TE0722Rebuild/N3Vivado/TE0722TD/TE0722TD.sdk/PS_PL_wrapper_hw_platform_0/PS_PL_wrapper.bit
targets -set -filter {name =~"APU" && jtag_cable_name =~ "Digilent JTAG-HS2 210249A0CF17"} -index 0
loadhw /home/graham/Dropbox/N3workingG/TE0722Rebuild/N3Vivado/TE0722TD/TE0722TD.sdk/PS_PL_wrapper_hw_platform_0/system.hdf
targets -set -filter {name =~"APU" && jtag_cable_name =~ "Digilent JTAG-HS2 210249A0CF17"} -index 0
ps7_init
ps7_post_config
targets -set -nocase -filter {name =~ "ARM*#0" && jtag_cable_name =~ "Digilent JTAG-HS2 210249A0CF17"} -index 0
dow /home/graham/Dropbox/N3workingG/TE0722Rebuild/N3Vivado/TE0722TD/TE0722TD.sdk/N3Zbram/Debug/N3Zbram.elf
----------------End of Script----------------

16:42:05 INFO  : Memory regions updated for context APU
16:42:05 INFO  : Context for processor 'ps7_cortexa9_0' is selected.
16:42:05 INFO  : 'con' command is executed.
16:42:05 INFO  : ----------------XSDB Script (After Launch)----------------
targets -set -nocase -filter {name =~ "ARM*#0" && jtag_cable_name =~ "Digilent JTAG-HS2 210249A0CF17"} -index 0
con
----------------End of Script----------------

16:42:05 INFO  : Launch script is exported to file '/home/graham/Dropbox/N3workingG/TE0722Rebuild/N3Vivado/TE0722TD/TE0722TD.sdk/.sdk/launch_scripts/xilinx_c-c++_application_(system_debugger)/system_debugger_on_local_n3zbram.elf.tcl'
16:50:54 INFO  : Disconnected from the channel tcfchan#1.
16:50:59 ERROR : Unexpected error while parsing XMD response ￿: com.google.gson.JsonSyntaxException: com.google.gson.stream.MalformedJsonException: invalid number or unquoted string near 
17:11:34 INFO  : Launching XSDB server: xsdb -n -interactive /home/graham/Dropbox/N3workingG/TE0722Rebuild/N3Vivado/TE0722TD/TE0722TD.sdk/temp_xsdb_launch_script.tcl
17:11:41 INFO  : XSDB server has started successfully.
17:11:48 INFO  : Processing command line option -hwspec /home/graham/Dropbox/N3workingG/TE0722Rebuild/N3Vivado/TE0722TD/TE0722TD.sdk/PS_PL_wrapper.hdf.
17:11:50 INFO  : Checking for hwspec changes in the project PS_PL_wrapper_hw_platform_0.
12:39:28 INFO  : Connected to target on host '127.0.0.1' and port '3121'.
12:39:30 INFO  : 'targets -set -filter {jtag_cable_name =~ "Digilent JTAG-HS2 210249A0CF17" && level==0} -index 1' command is executed.
12:39:32 INFO  : FPGA configured successfully with bitstream "/home/graham/Dropbox/N3workingG/TE0722Rebuild/N3Vivado/TE0722TD/TE0722TD.sdk/PS_PL_wrapper_hw_platform_0/PS_PL_wrapper.bit"
12:39:48 INFO  : Connected to target on host '127.0.0.1' and port '3121'.
12:39:49 INFO  : Jtag cable 'Digilent JTAG-HS2 210249A0CF17' is selected.
12:39:49 INFO  : 'jtag frequency' command is executed.
12:39:49 INFO  : Sourcing of '/home/graham/Dropbox/N3workingG/TE0722Rebuild/N3Vivado/TE0722TD/TE0722TD.sdk/PS_PL_wrapper_hw_platform_0/ps7_init.tcl' is done.
12:39:49 INFO  : 'targets -set -filter {name =~"APU" && jtag_cable_name =~ "Digilent JTAG-HS2 210249A0CF17"} -index 0' command is executed.
12:39:49 INFO  : System reset is completed.
12:39:52 INFO  : 'after 3000' command is executed.
12:39:52 INFO  : 'targets -set -filter {jtag_cable_name =~ "Digilent JTAG-HS2 210249A0CF17" && level==0} -index 1' command is executed.
12:39:54 INFO  : FPGA configured successfully with bitstream "/home/graham/Dropbox/N3workingG/TE0722Rebuild/N3Vivado/TE0722TD/TE0722TD.sdk/PS_PL_wrapper_hw_platform_0/PS_PL_wrapper.bit"
12:39:54 INFO  : 'targets -set -filter {name =~"APU" && jtag_cable_name =~ "Digilent JTAG-HS2 210249A0CF17"} -index 0' command is executed.
12:39:55 INFO  : Hardware design information is loaded from '/home/graham/Dropbox/N3workingG/TE0722Rebuild/N3Vivado/TE0722TD/TE0722TD.sdk/PS_PL_wrapper_hw_platform_0/system.hdf'.
12:39:55 INFO  : 'targets -set -filter {name =~"APU" && jtag_cable_name =~ "Digilent JTAG-HS2 210249A0CF17"} -index 0' command is executed.
12:39:55 INFO  : 'ps7_init' command is executed.
12:39:55 INFO  : 'ps7_post_config' command is executed.
12:39:55 INFO  : Context for processor 'ps7_cortexa9_0' is selected.
12:39:56 INFO  : The application '/home/graham/Dropbox/N3workingG/TE0722Rebuild/N3Vivado/TE0722TD/TE0722TD.sdk/N3Zbram/Debug/N3Zbram.elf' is downloaded to processor 'ps7_cortexa9_0'.
12:39:56 INFO  : ----------------XSDB Script----------------
connect -url tcp:127.0.0.1:3121
source /home/graham/Dropbox/N3workingG/TE0722Rebuild/N3Vivado/TE0722TD/TE0722TD.sdk/PS_PL_wrapper_hw_platform_0/ps7_init.tcl
targets -set -filter {name =~"APU" && jtag_cable_name =~ "Digilent JTAG-HS2 210249A0CF17"} -index 0
rst -system
after 3000
targets -set -filter {jtag_cable_name =~ "Digilent JTAG-HS2 210249A0CF17" && level==0} -index 1
fpga -file /home/graham/Dropbox/N3workingG/TE0722Rebuild/N3Vivado/TE0722TD/TE0722TD.sdk/PS_PL_wrapper_hw_platform_0/PS_PL_wrapper.bit
targets -set -filter {name =~"APU" && jtag_cable_name =~ "Digilent JTAG-HS2 210249A0CF17"} -index 0
loadhw /home/graham/Dropbox/N3workingG/TE0722Rebuild/N3Vivado/TE0722TD/TE0722TD.sdk/PS_PL_wrapper_hw_platform_0/system.hdf
targets -set -filter {name =~"APU" && jtag_cable_name =~ "Digilent JTAG-HS2 210249A0CF17"} -index 0
ps7_init
ps7_post_config
targets -set -nocase -filter {name =~ "ARM*#0" && jtag_cable_name =~ "Digilent JTAG-HS2 210249A0CF17"} -index 0
dow /home/graham/Dropbox/N3workingG/TE0722Rebuild/N3Vivado/TE0722TD/TE0722TD.sdk/N3Zbram/Debug/N3Zbram.elf
----------------End of Script----------------

12:39:56 INFO  : Memory regions updated for context APU
12:39:56 INFO  : Context for processor 'ps7_cortexa9_0' is selected.
12:39:56 INFO  : 'con' command is executed.
12:39:56 INFO  : ----------------XSDB Script (After Launch)----------------
targets -set -nocase -filter {name =~ "ARM*#0" && jtag_cable_name =~ "Digilent JTAG-HS2 210249A0CF17"} -index 0
con
----------------End of Script----------------

12:39:57 INFO  : Launch script is exported to file '/home/graham/Dropbox/N3workingG/TE0722Rebuild/N3Vivado/TE0722TD/TE0722TD.sdk/.sdk/launch_scripts/xilinx_c-c++_application_(system_debugger)/system_debugger_on_local_n3zbram.elf.tcl'
12:40:29 INFO  : Disconnected from the channel tcfchan#1.
12:40:29 INFO  : Connected to target on host '127.0.0.1' and port '3121'.
12:40:30 INFO  : Jtag cable 'Digilent JTAG-HS2 210249A0CF17' is selected.
12:40:30 INFO  : 'jtag frequency' command is executed.
12:40:30 INFO  : Sourcing of '/home/graham/Dropbox/N3workingG/TE0722Rebuild/N3Vivado/TE0722TD/TE0722TD.sdk/PS_PL_wrapper_hw_platform_0/ps7_init.tcl' is done.
12:40:30 INFO  : 'targets -set -filter {name =~"APU" && jtag_cable_name =~ "Digilent JTAG-HS2 210249A0CF17"} -index 0' command is executed.
12:40:30 INFO  : System reset is completed.
12:40:33 INFO  : 'after 3000' command is executed.
12:40:33 INFO  : 'targets -set -filter {jtag_cable_name =~ "Digilent JTAG-HS2 210249A0CF17" && level==0} -index 1' command is executed.
12:40:35 INFO  : FPGA configured successfully with bitstream "/home/graham/Dropbox/N3workingG/TE0722Rebuild/N3Vivado/TE0722TD/TE0722TD.sdk/PS_PL_wrapper_hw_platform_0/PS_PL_wrapper.bit"
12:40:36 INFO  : 'targets -set -filter {name =~"APU" && jtag_cable_name =~ "Digilent JTAG-HS2 210249A0CF17"} -index 0' command is executed.
12:40:46 INFO  : Hardware design information is loaded from '/home/graham/Dropbox/N3workingG/TE0722Rebuild/N3Vivado/TE0722TD/TE0722TD.sdk/PS_PL_wrapper_hw_platform_0/system.hdf'.
12:40:47 INFO  : 'targets -set -filter {name =~"APU" && jtag_cable_name =~ "Digilent JTAG-HS2 210249A0CF17"} -index 0' command is executed.
12:40:47 INFO  : 'ps7_init' command is executed.
12:40:47 INFO  : 'ps7_post_config' command is executed.
12:40:47 INFO  : Context for processor 'ps7_cortexa9_0' is selected.
12:40:47 INFO  : The application '/home/graham/Dropbox/N3workingG/TE0722Rebuild/N3Vivado/TE0722TD/TE0722TD.sdk/N3Zbram/Debug/N3Zbram.elf' is downloaded to processor 'ps7_cortexa9_0'.
12:40:47 INFO  : ----------------XSDB Script----------------
connect -url tcp:127.0.0.1:3121
source /home/graham/Dropbox/N3workingG/TE0722Rebuild/N3Vivado/TE0722TD/TE0722TD.sdk/PS_PL_wrapper_hw_platform_0/ps7_init.tcl
targets -set -filter {name =~"APU" && jtag_cable_name =~ "Digilent JTAG-HS2 210249A0CF17"} -index 0
rst -system
after 3000
targets -set -filter {jtag_cable_name =~ "Digilent JTAG-HS2 210249A0CF17" && level==0} -index 1
fpga -file /home/graham/Dropbox/N3workingG/TE0722Rebuild/N3Vivado/TE0722TD/TE0722TD.sdk/PS_PL_wrapper_hw_platform_0/PS_PL_wrapper.bit
targets -set -filter {name =~"APU" && jtag_cable_name =~ "Digilent JTAG-HS2 210249A0CF17"} -index 0
loadhw /home/graham/Dropbox/N3workingG/TE0722Rebuild/N3Vivado/TE0722TD/TE0722TD.sdk/PS_PL_wrapper_hw_platform_0/system.hdf
targets -set -filter {name =~"APU" && jtag_cable_name =~ "Digilent JTAG-HS2 210249A0CF17"} -index 0
ps7_init
ps7_post_config
targets -set -nocase -filter {name =~ "ARM*#0" && jtag_cable_name =~ "Digilent JTAG-HS2 210249A0CF17"} -index 0
dow /home/graham/Dropbox/N3workingG/TE0722Rebuild/N3Vivado/TE0722TD/TE0722TD.sdk/N3Zbram/Debug/N3Zbram.elf
----------------End of Script----------------

12:40:47 INFO  : Memory regions updated for context APU
12:40:48 INFO  : Context for processor 'ps7_cortexa9_0' is selected.
12:40:48 INFO  : 'con' command is executed.
12:40:48 INFO  : ----------------XSDB Script (After Launch)----------------
targets -set -nocase -filter {name =~ "ARM*#0" && jtag_cable_name =~ "Digilent JTAG-HS2 210249A0CF17"} -index 0
con
----------------End of Script----------------

12:40:48 INFO  : Launch script is exported to file '/home/graham/Dropbox/N3workingG/TE0722Rebuild/N3Vivado/TE0722TD/TE0722TD.sdk/.sdk/launch_scripts/xilinx_c-c++_application_(system_debugger)/system_debugger_on_local_n3zbram.elf.tcl'
12:41:54 INFO  : Disconnected from the channel tcfchan#2.
12:41:54 INFO  : Connected to target on host '127.0.0.1' and port '3121'.
12:41:55 INFO  : Jtag cable 'Digilent JTAG-HS2 210249A0CF17' is selected.
12:41:55 INFO  : 'jtag frequency' command is executed.
12:41:55 INFO  : Sourcing of '/home/graham/Dropbox/N3workingG/TE0722Rebuild/N3Vivado/TE0722TD/TE0722TD.sdk/PS_PL_wrapper_hw_platform_0/ps7_init.tcl' is done.
12:41:55 INFO  : 'targets -set -filter {name =~"APU" && jtag_cable_name =~ "Digilent JTAG-HS2 210249A0CF17"} -index 0' command is executed.
12:41:55 INFO  : System reset is completed.
12:41:58 INFO  : 'after 3000' command is executed.
12:41:58 INFO  : 'targets -set -filter {jtag_cable_name =~ "Digilent JTAG-HS2 210249A0CF17" && level==0} -index 1' command is executed.
12:42:00 INFO  : FPGA configured successfully with bitstream "/home/graham/Dropbox/N3workingG/TE0722Rebuild/N3Vivado/TE0722TD/TE0722TD.sdk/PS_PL_wrapper_hw_platform_0/PS_PL_wrapper.bit"
12:42:00 INFO  : 'targets -set -filter {name =~"APU" && jtag_cable_name =~ "Digilent JTAG-HS2 210249A0CF17"} -index 0' command is executed.
12:42:00 INFO  : Hardware design information is loaded from '/home/graham/Dropbox/N3workingG/TE0722Rebuild/N3Vivado/TE0722TD/TE0722TD.sdk/PS_PL_wrapper_hw_platform_0/system.hdf'.
12:42:01 INFO  : 'targets -set -filter {name =~"APU" && jtag_cable_name =~ "Digilent JTAG-HS2 210249A0CF17"} -index 0' command is executed.
12:42:01 INFO  : 'ps7_init' command is executed.
12:42:01 INFO  : 'ps7_post_config' command is executed.
12:42:01 INFO  : Context for processor 'ps7_cortexa9_0' is selected.
12:42:02 INFO  : The application '/home/graham/Dropbox/N3workingG/TE0722Rebuild/N3Vivado/TE0722TD/TE0722TD.sdk/N3Zbram/Debug/N3Zbram.elf' is downloaded to processor 'ps7_cortexa9_0'.
12:42:02 INFO  : ----------------XSDB Script----------------
connect -url tcp:127.0.0.1:3121
source /home/graham/Dropbox/N3workingG/TE0722Rebuild/N3Vivado/TE0722TD/TE0722TD.sdk/PS_PL_wrapper_hw_platform_0/ps7_init.tcl
targets -set -filter {name =~"APU" && jtag_cable_name =~ "Digilent JTAG-HS2 210249A0CF17"} -index 0
rst -system
after 3000
targets -set -filter {jtag_cable_name =~ "Digilent JTAG-HS2 210249A0CF17" && level==0} -index 1
fpga -file /home/graham/Dropbox/N3workingG/TE0722Rebuild/N3Vivado/TE0722TD/TE0722TD.sdk/PS_PL_wrapper_hw_platform_0/PS_PL_wrapper.bit
targets -set -filter {name =~"APU" && jtag_cable_name =~ "Digilent JTAG-HS2 210249A0CF17"} -index 0
loadhw /home/graham/Dropbox/N3workingG/TE0722Rebuild/N3Vivado/TE0722TD/TE0722TD.sdk/PS_PL_wrapper_hw_platform_0/system.hdf
targets -set -filter {name =~"APU" && jtag_cable_name =~ "Digilent JTAG-HS2 210249A0CF17"} -index 0
ps7_init
ps7_post_config
targets -set -nocase -filter {name =~ "ARM*#0" && jtag_cable_name =~ "Digilent JTAG-HS2 210249A0CF17"} -index 0
dow /home/graham/Dropbox/N3workingG/TE0722Rebuild/N3Vivado/TE0722TD/TE0722TD.sdk/N3Zbram/Debug/N3Zbram.elf
----------------End of Script----------------

12:42:02 INFO  : Memory regions updated for context APU
12:42:02 INFO  : Context for processor 'ps7_cortexa9_0' is selected.
12:42:02 INFO  : 'con' command is executed.
12:42:02 INFO  : ----------------XSDB Script (After Launch)----------------
targets -set -nocase -filter {name =~ "ARM*#0" && jtag_cable_name =~ "Digilent JTAG-HS2 210249A0CF17"} -index 0
con
----------------End of Script----------------

12:42:02 INFO  : Launch script is exported to file '/home/graham/Dropbox/N3workingG/TE0722Rebuild/N3Vivado/TE0722TD/TE0722TD.sdk/.sdk/launch_scripts/xilinx_c-c++_application_(system_debugger)/system_debugger_on_local_n3zbram.elf.tcl'
20:41:42 INFO  : Connected to target on host '127.0.0.1' and port '3121'.
20:41:42 INFO  : 'targets -set -filter {jtag_cable_name =~ "Digilent JTAG-HS2 210249A0CF17" && level==0} -index 1' command is executed.
20:41:44 INFO  : FPGA configured successfully with bitstream "/home/graham/Dropbox/N3workingG/TE0722Rebuild/N3Vivado/TE0722TD/TE0722TD.sdk/PS_PL_wrapper_hw_platform_0/PS_PL_wrapper.bit"
20:42:01 INFO  : Disconnected from the channel tcfchan#3.
20:42:01 INFO  : Connected to target on host '127.0.0.1' and port '3121'.
20:42:02 INFO  : Jtag cable 'Digilent JTAG-HS2 210249A0CF17' is selected.
20:42:02 INFO  : 'jtag frequency' command is executed.
20:42:02 INFO  : Sourcing of '/home/graham/Dropbox/N3workingG/TE0722Rebuild/N3Vivado/TE0722TD/TE0722TD.sdk/PS_PL_wrapper_hw_platform_0/ps7_init.tcl' is done.
20:42:02 INFO  : 'targets -set -filter {name =~"APU" && jtag_cable_name =~ "Digilent JTAG-HS2 210249A0CF17"} -index 0' command is executed.
20:42:02 INFO  : System reset is completed.
20:42:05 INFO  : 'after 3000' command is executed.
20:42:06 INFO  : 'targets -set -filter {jtag_cable_name =~ "Digilent JTAG-HS2 210249A0CF17" && level==0} -index 1' command is executed.
20:42:07 INFO  : FPGA configured successfully with bitstream "/home/graham/Dropbox/N3workingG/TE0722Rebuild/N3Vivado/TE0722TD/TE0722TD.sdk/PS_PL_wrapper_hw_platform_0/PS_PL_wrapper.bit"
20:42:08 INFO  : 'targets -set -filter {name =~"APU" && jtag_cable_name =~ "Digilent JTAG-HS2 210249A0CF17"} -index 0' command is executed.
20:42:08 INFO  : Hardware design information is loaded from '/home/graham/Dropbox/N3workingG/TE0722Rebuild/N3Vivado/TE0722TD/TE0722TD.sdk/PS_PL_wrapper_hw_platform_0/system.hdf'.
20:42:08 INFO  : 'targets -set -filter {name =~"APU" && jtag_cable_name =~ "Digilent JTAG-HS2 210249A0CF17"} -index 0' command is executed.
20:42:09 INFO  : 'ps7_init' command is executed.
20:42:09 INFO  : 'ps7_post_config' command is executed.
20:42:09 INFO  : Context for processor 'ps7_cortexa9_0' is selected.
20:42:09 INFO  : The application '/home/graham/Dropbox/N3workingG/TE0722Rebuild/N3Vivado/TE0722TD/TE0722TD.sdk/N3Zbram/Debug/N3Zbram.elf' is downloaded to processor 'ps7_cortexa9_0'.
20:42:09 INFO  : ----------------XSDB Script----------------
connect -url tcp:127.0.0.1:3121
source /home/graham/Dropbox/N3workingG/TE0722Rebuild/N3Vivado/TE0722TD/TE0722TD.sdk/PS_PL_wrapper_hw_platform_0/ps7_init.tcl
targets -set -filter {name =~"APU" && jtag_cable_name =~ "Digilent JTAG-HS2 210249A0CF17"} -index 0
rst -system
after 3000
targets -set -filter {jtag_cable_name =~ "Digilent JTAG-HS2 210249A0CF17" && level==0} -index 1
fpga -file /home/graham/Dropbox/N3workingG/TE0722Rebuild/N3Vivado/TE0722TD/TE0722TD.sdk/PS_PL_wrapper_hw_platform_0/PS_PL_wrapper.bit
targets -set -filter {name =~"APU" && jtag_cable_name =~ "Digilent JTAG-HS2 210249A0CF17"} -index 0
loadhw /home/graham/Dropbox/N3workingG/TE0722Rebuild/N3Vivado/TE0722TD/TE0722TD.sdk/PS_PL_wrapper_hw_platform_0/system.hdf
targets -set -filter {name =~"APU" && jtag_cable_name =~ "Digilent JTAG-HS2 210249A0CF17"} -index 0
ps7_init
ps7_post_config
targets -set -nocase -filter {name =~ "ARM*#0" && jtag_cable_name =~ "Digilent JTAG-HS2 210249A0CF17"} -index 0
dow /home/graham/Dropbox/N3workingG/TE0722Rebuild/N3Vivado/TE0722TD/TE0722TD.sdk/N3Zbram/Debug/N3Zbram.elf
----------------End of Script----------------

20:42:09 INFO  : Memory regions updated for context APU
20:42:09 INFO  : Context for processor 'ps7_cortexa9_0' is selected.
20:42:09 INFO  : 'con' command is executed.
20:42:09 INFO  : ----------------XSDB Script (After Launch)----------------
targets -set -nocase -filter {name =~ "ARM*#0" && jtag_cable_name =~ "Digilent JTAG-HS2 210249A0CF17"} -index 0
con
----------------End of Script----------------

20:42:09 INFO  : Launch script is exported to file '/home/graham/Dropbox/N3workingG/TE0722Rebuild/N3Vivado/TE0722TD/TE0722TD.sdk/.sdk/launch_scripts/xilinx_c-c++_application_(system_debugger)/system_debugger_on_local_n3zbram.elf.tcl'
20:45:24 INFO  : Disconnected from the channel tcfchan#4.
20:45:24 INFO  : Connected to target on host '127.0.0.1' and port '3121'.
20:45:25 INFO  : Jtag cable 'Digilent JTAG-HS2 210249A0CF17' is selected.
20:45:25 INFO  : 'jtag frequency' command is executed.
20:45:25 INFO  : Sourcing of '/home/graham/Dropbox/N3workingG/TE0722Rebuild/N3Vivado/TE0722TD/TE0722TD.sdk/PS_PL_wrapper_hw_platform_0/ps7_init.tcl' is done.
20:45:25 INFO  : 'targets -set -filter {name =~"APU" && jtag_cable_name =~ "Digilent JTAG-HS2 210249A0CF17"} -index 0' command is executed.
20:45:25 INFO  : System reset is completed.
20:45:28 INFO  : 'after 3000' command is executed.
20:45:28 INFO  : 'targets -set -filter {jtag_cable_name =~ "Digilent JTAG-HS2 210249A0CF17" && level==0} -index 1' command is executed.
20:45:30 INFO  : FPGA configured successfully with bitstream "/home/graham/Dropbox/N3workingG/TE0722Rebuild/N3Vivado/TE0722TD/TE0722TD.sdk/PS_PL_wrapper_hw_platform_0/PS_PL_wrapper.bit"
20:45:31 INFO  : 'targets -set -filter {name =~"APU" && jtag_cable_name =~ "Digilent JTAG-HS2 210249A0CF17"} -index 0' command is executed.
20:45:31 INFO  : Hardware design information is loaded from '/home/graham/Dropbox/N3workingG/TE0722Rebuild/N3Vivado/TE0722TD/TE0722TD.sdk/PS_PL_wrapper_hw_platform_0/system.hdf'.
20:45:31 INFO  : 'targets -set -filter {name =~"APU" && jtag_cable_name =~ "Digilent JTAG-HS2 210249A0CF17"} -index 0' command is executed.
20:45:31 INFO  : 'ps7_init' command is executed.
20:45:31 INFO  : 'ps7_post_config' command is executed.
20:45:31 INFO  : Context for processor 'ps7_cortexa9_0' is selected.
20:45:32 INFO  : The application '/home/graham/Dropbox/N3workingG/TE0722Rebuild/N3Vivado/TE0722TD/TE0722TD.sdk/N3Zbram/Debug/N3Zbram.elf' is downloaded to processor 'ps7_cortexa9_0'.
20:45:32 INFO  : ----------------XSDB Script----------------
connect -url tcp:127.0.0.1:3121
source /home/graham/Dropbox/N3workingG/TE0722Rebuild/N3Vivado/TE0722TD/TE0722TD.sdk/PS_PL_wrapper_hw_platform_0/ps7_init.tcl
targets -set -filter {name =~"APU" && jtag_cable_name =~ "Digilent JTAG-HS2 210249A0CF17"} -index 0
rst -system
after 3000
targets -set -filter {jtag_cable_name =~ "Digilent JTAG-HS2 210249A0CF17" && level==0} -index 1
fpga -file /home/graham/Dropbox/N3workingG/TE0722Rebuild/N3Vivado/TE0722TD/TE0722TD.sdk/PS_PL_wrapper_hw_platform_0/PS_PL_wrapper.bit
targets -set -filter {name =~"APU" && jtag_cable_name =~ "Digilent JTAG-HS2 210249A0CF17"} -index 0
loadhw /home/graham/Dropbox/N3workingG/TE0722Rebuild/N3Vivado/TE0722TD/TE0722TD.sdk/PS_PL_wrapper_hw_platform_0/system.hdf
targets -set -filter {name =~"APU" && jtag_cable_name =~ "Digilent JTAG-HS2 210249A0CF17"} -index 0
ps7_init
ps7_post_config
targets -set -nocase -filter {name =~ "ARM*#0" && jtag_cable_name =~ "Digilent JTAG-HS2 210249A0CF17"} -index 0
dow /home/graham/Dropbox/N3workingG/TE0722Rebuild/N3Vivado/TE0722TD/TE0722TD.sdk/N3Zbram/Debug/N3Zbram.elf
----------------End of Script----------------

20:45:32 INFO  : Memory regions updated for context APU
20:45:32 INFO  : Context for processor 'ps7_cortexa9_0' is selected.
20:45:32 INFO  : 'con' command is executed.
20:45:32 INFO  : ----------------XSDB Script (After Launch)----------------
targets -set -nocase -filter {name =~ "ARM*#0" && jtag_cable_name =~ "Digilent JTAG-HS2 210249A0CF17"} -index 0
con
----------------End of Script----------------

20:45:32 INFO  : Launch script is exported to file '/home/graham/Dropbox/N3workingG/TE0722Rebuild/N3Vivado/TE0722TD/TE0722TD.sdk/.sdk/launch_scripts/xilinx_c-c++_application_(system_debugger)/system_debugger_on_local_n3zbram.elf.tcl'
20:45:58 INFO  : Disconnected from the channel tcfchan#5.
20:45:58 INFO  : Connected to target on host '127.0.0.1' and port '3121'.
20:45:59 INFO  : Jtag cable 'Digilent JTAG-HS2 210249A0CF17' is selected.
20:45:59 INFO  : 'jtag frequency' command is executed.
20:45:59 INFO  : Sourcing of '/home/graham/Dropbox/N3workingG/TE0722Rebuild/N3Vivado/TE0722TD/TE0722TD.sdk/PS_PL_wrapper_hw_platform_0/ps7_init.tcl' is done.
20:45:59 INFO  : 'targets -set -filter {name =~"APU" && jtag_cable_name =~ "Digilent JTAG-HS2 210249A0CF17"} -index 0' command is executed.
20:45:59 INFO  : System reset is completed.
20:46:02 INFO  : 'after 3000' command is executed.
20:46:02 INFO  : 'targets -set -filter {jtag_cable_name =~ "Digilent JTAG-HS2 210249A0CF17" && level==0} -index 1' command is executed.
20:46:04 INFO  : FPGA configured successfully with bitstream "/home/graham/Dropbox/N3workingG/TE0722Rebuild/N3Vivado/TE0722TD/TE0722TD.sdk/PS_PL_wrapper_hw_platform_0/PS_PL_wrapper.bit"
20:46:05 INFO  : 'targets -set -filter {name =~"APU" && jtag_cable_name =~ "Digilent JTAG-HS2 210249A0CF17"} -index 0' command is executed.
20:46:05 INFO  : Hardware design information is loaded from '/home/graham/Dropbox/N3workingG/TE0722Rebuild/N3Vivado/TE0722TD/TE0722TD.sdk/PS_PL_wrapper_hw_platform_0/system.hdf'.
20:46:05 INFO  : 'targets -set -filter {name =~"APU" && jtag_cable_name =~ "Digilent JTAG-HS2 210249A0CF17"} -index 0' command is executed.
20:46:05 INFO  : 'ps7_init' command is executed.
20:46:05 INFO  : 'ps7_post_config' command is executed.
20:46:05 INFO  : Context for processor 'ps7_cortexa9_0' is selected.
20:46:06 INFO  : The application '/home/graham/Dropbox/N3workingG/TE0722Rebuild/N3Vivado/TE0722TD/TE0722TD.sdk/N3Zbram/Debug/N3Zbram.elf' is downloaded to processor 'ps7_cortexa9_0'.
20:46:06 INFO  : ----------------XSDB Script----------------
connect -url tcp:127.0.0.1:3121
source /home/graham/Dropbox/N3workingG/TE0722Rebuild/N3Vivado/TE0722TD/TE0722TD.sdk/PS_PL_wrapper_hw_platform_0/ps7_init.tcl
targets -set -filter {name =~"APU" && jtag_cable_name =~ "Digilent JTAG-HS2 210249A0CF17"} -index 0
rst -system
after 3000
targets -set -filter {jtag_cable_name =~ "Digilent JTAG-HS2 210249A0CF17" && level==0} -index 1
fpga -file /home/graham/Dropbox/N3workingG/TE0722Rebuild/N3Vivado/TE0722TD/TE0722TD.sdk/PS_PL_wrapper_hw_platform_0/PS_PL_wrapper.bit
targets -set -filter {name =~"APU" && jtag_cable_name =~ "Digilent JTAG-HS2 210249A0CF17"} -index 0
loadhw /home/graham/Dropbox/N3workingG/TE0722Rebuild/N3Vivado/TE0722TD/TE0722TD.sdk/PS_PL_wrapper_hw_platform_0/system.hdf
targets -set -filter {name =~"APU" && jtag_cable_name =~ "Digilent JTAG-HS2 210249A0CF17"} -index 0
ps7_init
ps7_post_config
targets -set -nocase -filter {name =~ "ARM*#0" && jtag_cable_name =~ "Digilent JTAG-HS2 210249A0CF17"} -index 0
dow /home/graham/Dropbox/N3workingG/TE0722Rebuild/N3Vivado/TE0722TD/TE0722TD.sdk/N3Zbram/Debug/N3Zbram.elf
----------------End of Script----------------

20:46:06 INFO  : Memory regions updated for context APU
20:46:06 INFO  : Context for processor 'ps7_cortexa9_0' is selected.
20:46:06 INFO  : 'con' command is executed.
20:46:06 INFO  : ----------------XSDB Script (After Launch)----------------
targets -set -nocase -filter {name =~ "ARM*#0" && jtag_cable_name =~ "Digilent JTAG-HS2 210249A0CF17"} -index 0
con
----------------End of Script----------------

20:46:06 INFO  : Launch script is exported to file '/home/graham/Dropbox/N3workingG/TE0722Rebuild/N3Vivado/TE0722TD/TE0722TD.sdk/.sdk/launch_scripts/xilinx_c-c++_application_(system_debugger)/system_debugger_on_local_n3zbram.elf.tcl'
20:47:19 INFO  : Disconnected from the channel tcfchan#6.
20:47:19 INFO  : Connected to target on host '127.0.0.1' and port '3121'.
20:47:20 INFO  : Jtag cable 'Digilent JTAG-HS2 210249A0CF17' is selected.
20:47:20 INFO  : 'jtag frequency' command is executed.
20:47:20 INFO  : Sourcing of '/home/graham/Dropbox/N3workingG/TE0722Rebuild/N3Vivado/TE0722TD/TE0722TD.sdk/PS_PL_wrapper_hw_platform_0/ps7_init.tcl' is done.
20:47:20 INFO  : 'targets -set -filter {name =~"APU" && jtag_cable_name =~ "Digilent JTAG-HS2 210249A0CF17"} -index 0' command is executed.
20:47:20 INFO  : System reset is completed.
20:47:23 INFO  : 'after 3000' command is executed.
20:47:23 INFO  : 'targets -set -filter {jtag_cable_name =~ "Digilent JTAG-HS2 210249A0CF17" && level==0} -index 1' command is executed.
20:47:25 INFO  : FPGA configured successfully with bitstream "/home/graham/Dropbox/N3workingG/TE0722Rebuild/N3Vivado/TE0722TD/TE0722TD.sdk/PS_PL_wrapper_hw_platform_0/PS_PL_wrapper.bit"
20:47:26 INFO  : 'targets -set -filter {name =~"APU" && jtag_cable_name =~ "Digilent JTAG-HS2 210249A0CF17"} -index 0' command is executed.
20:47:26 INFO  : Hardware design information is loaded from '/home/graham/Dropbox/N3workingG/TE0722Rebuild/N3Vivado/TE0722TD/TE0722TD.sdk/PS_PL_wrapper_hw_platform_0/system.hdf'.
20:47:26 INFO  : 'targets -set -filter {name =~"APU" && jtag_cable_name =~ "Digilent JTAG-HS2 210249A0CF17"} -index 0' command is executed.
20:47:26 INFO  : 'ps7_init' command is executed.
20:47:26 INFO  : 'ps7_post_config' command is executed.
20:47:27 INFO  : Context for processor 'ps7_cortexa9_0' is selected.
20:47:27 INFO  : The application '/home/graham/Dropbox/N3workingG/TE0722Rebuild/N3Vivado/TE0722TD/TE0722TD.sdk/N3Zbram/Debug/N3Zbram.elf' is downloaded to processor 'ps7_cortexa9_0'.
20:47:27 INFO  : ----------------XSDB Script----------------
connect -url tcp:127.0.0.1:3121
source /home/graham/Dropbox/N3workingG/TE0722Rebuild/N3Vivado/TE0722TD/TE0722TD.sdk/PS_PL_wrapper_hw_platform_0/ps7_init.tcl
targets -set -filter {name =~"APU" && jtag_cable_name =~ "Digilent JTAG-HS2 210249A0CF17"} -index 0
rst -system
after 3000
targets -set -filter {jtag_cable_name =~ "Digilent JTAG-HS2 210249A0CF17" && level==0} -index 1
fpga -file /home/graham/Dropbox/N3workingG/TE0722Rebuild/N3Vivado/TE0722TD/TE0722TD.sdk/PS_PL_wrapper_hw_platform_0/PS_PL_wrapper.bit
targets -set -filter {name =~"APU" && jtag_cable_name =~ "Digilent JTAG-HS2 210249A0CF17"} -index 0
loadhw /home/graham/Dropbox/N3workingG/TE0722Rebuild/N3Vivado/TE0722TD/TE0722TD.sdk/PS_PL_wrapper_hw_platform_0/system.hdf
targets -set -filter {name =~"APU" && jtag_cable_name =~ "Digilent JTAG-HS2 210249A0CF17"} -index 0
ps7_init
ps7_post_config
targets -set -nocase -filter {name =~ "ARM*#0" && jtag_cable_name =~ "Digilent JTAG-HS2 210249A0CF17"} -index 0
dow /home/graham/Dropbox/N3workingG/TE0722Rebuild/N3Vivado/TE0722TD/TE0722TD.sdk/N3Zbram/Debug/N3Zbram.elf
----------------End of Script----------------

20:47:27 INFO  : Memory regions updated for context APU
20:47:27 INFO  : Context for processor 'ps7_cortexa9_0' is selected.
20:47:27 INFO  : 'con' command is executed.
20:47:27 INFO  : ----------------XSDB Script (After Launch)----------------
targets -set -nocase -filter {name =~ "ARM*#0" && jtag_cable_name =~ "Digilent JTAG-HS2 210249A0CF17"} -index 0
con
----------------End of Script----------------

20:47:27 INFO  : Launch script is exported to file '/home/graham/Dropbox/N3workingG/TE0722Rebuild/N3Vivado/TE0722TD/TE0722TD.sdk/.sdk/launch_scripts/xilinx_c-c++_application_(system_debugger)/system_debugger_on_local_n3zbram.elf.tcl'
20:57:33 INFO  : Disconnected from the channel tcfchan#7.
20:57:33 INFO  : Connected to target on host '127.0.0.1' and port '3121'.
20:57:34 INFO  : Jtag cable 'Digilent JTAG-HS2 210249A0CF17' is selected.
20:57:34 INFO  : 'jtag frequency' command is executed.
20:57:34 INFO  : Sourcing of '/home/graham/Dropbox/N3workingG/TE0722Rebuild/N3Vivado/TE0722TD/TE0722TD.sdk/PS_PL_wrapper_hw_platform_0/ps7_init.tcl' is done.
20:57:34 INFO  : 'targets -set -filter {name =~"APU" && jtag_cable_name =~ "Digilent JTAG-HS2 210249A0CF17"} -index 0' command is executed.
20:57:34 INFO  : System reset is completed.
20:57:37 INFO  : 'after 3000' command is executed.
20:57:37 INFO  : 'targets -set -filter {jtag_cable_name =~ "Digilent JTAG-HS2 210249A0CF17" && level==0} -index 1' command is executed.
20:57:39 INFO  : FPGA configured successfully with bitstream "/home/graham/Dropbox/N3workingG/TE0722Rebuild/N3Vivado/TE0722TD/TE0722TD.sdk/PS_PL_wrapper_hw_platform_0/PS_PL_wrapper.bit"
20:57:39 INFO  : 'targets -set -filter {name =~"APU" && jtag_cable_name =~ "Digilent JTAG-HS2 210249A0CF17"} -index 0' command is executed.
20:57:39 INFO  : Hardware design information is loaded from '/home/graham/Dropbox/N3workingG/TE0722Rebuild/N3Vivado/TE0722TD/TE0722TD.sdk/PS_PL_wrapper_hw_platform_0/system.hdf'.
20:57:40 INFO  : 'targets -set -filter {name =~"APU" && jtag_cable_name =~ "Digilent JTAG-HS2 210249A0CF17"} -index 0' command is executed.
20:57:40 INFO  : 'ps7_init' command is executed.
20:57:40 INFO  : 'ps7_post_config' command is executed.
20:57:40 INFO  : Context for processor 'ps7_cortexa9_0' is selected.
20:57:40 INFO  : The application '/home/graham/Dropbox/N3workingG/TE0722Rebuild/N3Vivado/TE0722TD/TE0722TD.sdk/N3Zbram/Debug/N3Zbram.elf' is downloaded to processor 'ps7_cortexa9_0'.
20:57:40 INFO  : ----------------XSDB Script----------------
connect -url tcp:127.0.0.1:3121
source /home/graham/Dropbox/N3workingG/TE0722Rebuild/N3Vivado/TE0722TD/TE0722TD.sdk/PS_PL_wrapper_hw_platform_0/ps7_init.tcl
targets -set -filter {name =~"APU" && jtag_cable_name =~ "Digilent JTAG-HS2 210249A0CF17"} -index 0
rst -system
after 3000
targets -set -filter {jtag_cable_name =~ "Digilent JTAG-HS2 210249A0CF17" && level==0} -index 1
fpga -file /home/graham/Dropbox/N3workingG/TE0722Rebuild/N3Vivado/TE0722TD/TE0722TD.sdk/PS_PL_wrapper_hw_platform_0/PS_PL_wrapper.bit
targets -set -filter {name =~"APU" && jtag_cable_name =~ "Digilent JTAG-HS2 210249A0CF17"} -index 0
loadhw /home/graham/Dropbox/N3workingG/TE0722Rebuild/N3Vivado/TE0722TD/TE0722TD.sdk/PS_PL_wrapper_hw_platform_0/system.hdf
targets -set -filter {name =~"APU" && jtag_cable_name =~ "Digilent JTAG-HS2 210249A0CF17"} -index 0
ps7_init
ps7_post_config
targets -set -nocase -filter {name =~ "ARM*#0" && jtag_cable_name =~ "Digilent JTAG-HS2 210249A0CF17"} -index 0
dow /home/graham/Dropbox/N3workingG/TE0722Rebuild/N3Vivado/TE0722TD/TE0722TD.sdk/N3Zbram/Debug/N3Zbram.elf
----------------End of Script----------------

20:57:40 INFO  : Memory regions updated for context APU
20:57:41 INFO  : Context for processor 'ps7_cortexa9_0' is selected.
20:57:41 INFO  : 'con' command is executed.
20:57:41 INFO  : ----------------XSDB Script (After Launch)----------------
targets -set -nocase -filter {name =~ "ARM*#0" && jtag_cable_name =~ "Digilent JTAG-HS2 210249A0CF17"} -index 0
con
----------------End of Script----------------

20:57:41 INFO  : Launch script is exported to file '/home/graham/Dropbox/N3workingG/TE0722Rebuild/N3Vivado/TE0722TD/TE0722TD.sdk/.sdk/launch_scripts/xilinx_c-c++_application_(system_debugger)/system_debugger_on_local_n3zbram.elf.tcl'
20:59:25 INFO  : Disconnected from the channel tcfchan#8.
20:59:25 INFO  : Connected to target on host '127.0.0.1' and port '3121'.
20:59:26 INFO  : Jtag cable 'Digilent JTAG-HS2 210249A0CF17' is selected.
20:59:26 INFO  : 'jtag frequency' command is executed.
20:59:26 INFO  : Sourcing of '/home/graham/Dropbox/N3workingG/TE0722Rebuild/N3Vivado/TE0722TD/TE0722TD.sdk/PS_PL_wrapper_hw_platform_0/ps7_init.tcl' is done.
20:59:26 INFO  : 'targets -set -filter {name =~"APU" && jtag_cable_name =~ "Digilent JTAG-HS2 210249A0CF17"} -index 0' command is executed.
20:59:26 INFO  : System reset is completed.
20:59:29 INFO  : 'after 3000' command is executed.
20:59:29 INFO  : 'targets -set -filter {jtag_cable_name =~ "Digilent JTAG-HS2 210249A0CF17" && level==0} -index 1' command is executed.
20:59:31 INFO  : FPGA configured successfully with bitstream "/home/graham/Dropbox/N3workingG/TE0722Rebuild/N3Vivado/TE0722TD/TE0722TD.sdk/PS_PL_wrapper_hw_platform_0/PS_PL_wrapper.bit"
20:59:31 INFO  : 'targets -set -filter {name =~"APU" && jtag_cable_name =~ "Digilent JTAG-HS2 210249A0CF17"} -index 0' command is executed.
20:59:31 INFO  : Hardware design information is loaded from '/home/graham/Dropbox/N3workingG/TE0722Rebuild/N3Vivado/TE0722TD/TE0722TD.sdk/PS_PL_wrapper_hw_platform_0/system.hdf'.
20:59:32 INFO  : 'targets -set -filter {name =~"APU" && jtag_cable_name =~ "Digilent JTAG-HS2 210249A0CF17"} -index 0' command is executed.
20:59:32 INFO  : 'ps7_init' command is executed.
20:59:32 INFO  : 'ps7_post_config' command is executed.
20:59:32 INFO  : Context for processor 'ps7_cortexa9_0' is selected.
20:59:33 INFO  : The application '/home/graham/Dropbox/N3workingG/TE0722Rebuild/N3Vivado/TE0722TD/TE0722TD.sdk/N3Zbram/Debug/N3Zbram.elf' is downloaded to processor 'ps7_cortexa9_0'.
20:59:33 INFO  : ----------------XSDB Script----------------
connect -url tcp:127.0.0.1:3121
source /home/graham/Dropbox/N3workingG/TE0722Rebuild/N3Vivado/TE0722TD/TE0722TD.sdk/PS_PL_wrapper_hw_platform_0/ps7_init.tcl
targets -set -filter {name =~"APU" && jtag_cable_name =~ "Digilent JTAG-HS2 210249A0CF17"} -index 0
rst -system
after 3000
targets -set -filter {jtag_cable_name =~ "Digilent JTAG-HS2 210249A0CF17" && level==0} -index 1
fpga -file /home/graham/Dropbox/N3workingG/TE0722Rebuild/N3Vivado/TE0722TD/TE0722TD.sdk/PS_PL_wrapper_hw_platform_0/PS_PL_wrapper.bit
targets -set -filter {name =~"APU" && jtag_cable_name =~ "Digilent JTAG-HS2 210249A0CF17"} -index 0
loadhw /home/graham/Dropbox/N3workingG/TE0722Rebuild/N3Vivado/TE0722TD/TE0722TD.sdk/PS_PL_wrapper_hw_platform_0/system.hdf
targets -set -filter {name =~"APU" && jtag_cable_name =~ "Digilent JTAG-HS2 210249A0CF17"} -index 0
ps7_init
ps7_post_config
targets -set -nocase -filter {name =~ "ARM*#0" && jtag_cable_name =~ "Digilent JTAG-HS2 210249A0CF17"} -index 0
dow /home/graham/Dropbox/N3workingG/TE0722Rebuild/N3Vivado/TE0722TD/TE0722TD.sdk/N3Zbram/Debug/N3Zbram.elf
----------------End of Script----------------

20:59:33 INFO  : Memory regions updated for context APU
20:59:33 INFO  : Context for processor 'ps7_cortexa9_0' is selected.
20:59:33 INFO  : 'con' command is executed.
20:59:33 INFO  : ----------------XSDB Script (After Launch)----------------
targets -set -nocase -filter {name =~ "ARM*#0" && jtag_cable_name =~ "Digilent JTAG-HS2 210249A0CF17"} -index 0
con
----------------End of Script----------------

20:59:33 INFO  : Launch script is exported to file '/home/graham/Dropbox/N3workingG/TE0722Rebuild/N3Vivado/TE0722TD/TE0722TD.sdk/.sdk/launch_scripts/xilinx_c-c++_application_(system_debugger)/system_debugger_on_local_n3zbram.elf.tcl'
21:00:31 INFO  : Disconnected from the channel tcfchan#9.
21:00:31 INFO  : Connected to target on host '127.0.0.1' and port '3121'.
21:00:32 INFO  : Jtag cable 'Digilent JTAG-HS2 210249A0CF17' is selected.
21:00:32 INFO  : 'jtag frequency' command is executed.
21:00:32 INFO  : Sourcing of '/home/graham/Dropbox/N3workingG/TE0722Rebuild/N3Vivado/TE0722TD/TE0722TD.sdk/PS_PL_wrapper_hw_platform_0/ps7_init.tcl' is done.
21:00:32 INFO  : 'targets -set -filter {name =~"APU" && jtag_cable_name =~ "Digilent JTAG-HS2 210249A0CF17"} -index 0' command is executed.
21:00:32 INFO  : System reset is completed.
21:00:35 INFO  : 'after 3000' command is executed.
21:00:35 INFO  : 'targets -set -filter {jtag_cable_name =~ "Digilent JTAG-HS2 210249A0CF17" && level==0} -index 1' command is executed.
21:00:39 INFO  : FPGA configured successfully with bitstream "/home/graham/Dropbox/N3workingG/TE0722Rebuild/N3Vivado/TE0722TD/TE0722TD.sdk/PS_PL_wrapper_hw_platform_0/PS_PL_wrapper.bit"
21:00:40 INFO  : 'targets -set -filter {name =~"APU" && jtag_cable_name =~ "Digilent JTAG-HS2 210249A0CF17"} -index 0' command is executed.
21:00:40 INFO  : Hardware design information is loaded from '/home/graham/Dropbox/N3workingG/TE0722Rebuild/N3Vivado/TE0722TD/TE0722TD.sdk/PS_PL_wrapper_hw_platform_0/system.hdf'.
21:00:40 INFO  : 'targets -set -filter {name =~"APU" && jtag_cable_name =~ "Digilent JTAG-HS2 210249A0CF17"} -index 0' command is executed.
21:00:40 INFO  : 'ps7_init' command is executed.
21:00:40 INFO  : 'ps7_post_config' command is executed.
21:00:40 INFO  : Context for processor 'ps7_cortexa9_0' is selected.
21:00:41 INFO  : The application '/home/graham/Dropbox/N3workingG/TE0722Rebuild/N3Vivado/TE0722TD/TE0722TD.sdk/N3Zbram/Debug/N3Zbram.elf' is downloaded to processor 'ps7_cortexa9_0'.
21:00:41 INFO  : ----------------XSDB Script----------------
connect -url tcp:127.0.0.1:3121
source /home/graham/Dropbox/N3workingG/TE0722Rebuild/N3Vivado/TE0722TD/TE0722TD.sdk/PS_PL_wrapper_hw_platform_0/ps7_init.tcl
targets -set -filter {name =~"APU" && jtag_cable_name =~ "Digilent JTAG-HS2 210249A0CF17"} -index 0
rst -system
after 3000
targets -set -filter {jtag_cable_name =~ "Digilent JTAG-HS2 210249A0CF17" && level==0} -index 1
fpga -file /home/graham/Dropbox/N3workingG/TE0722Rebuild/N3Vivado/TE0722TD/TE0722TD.sdk/PS_PL_wrapper_hw_platform_0/PS_PL_wrapper.bit
targets -set -filter {name =~"APU" && jtag_cable_name =~ "Digilent JTAG-HS2 210249A0CF17"} -index 0
loadhw /home/graham/Dropbox/N3workingG/TE0722Rebuild/N3Vivado/TE0722TD/TE0722TD.sdk/PS_PL_wrapper_hw_platform_0/system.hdf
targets -set -filter {name =~"APU" && jtag_cable_name =~ "Digilent JTAG-HS2 210249A0CF17"} -index 0
ps7_init
ps7_post_config
targets -set -nocase -filter {name =~ "ARM*#0" && jtag_cable_name =~ "Digilent JTAG-HS2 210249A0CF17"} -index 0
dow /home/graham/Dropbox/N3workingG/TE0722Rebuild/N3Vivado/TE0722TD/TE0722TD.sdk/N3Zbram/Debug/N3Zbram.elf
----------------End of Script----------------

21:00:41 INFO  : Memory regions updated for context APU
21:00:41 INFO  : Context for processor 'ps7_cortexa9_0' is selected.
21:00:41 INFO  : 'con' command is executed.
21:00:41 INFO  : ----------------XSDB Script (After Launch)----------------
targets -set -nocase -filter {name =~ "ARM*#0" && jtag_cable_name =~ "Digilent JTAG-HS2 210249A0CF17"} -index 0
con
----------------End of Script----------------

21:00:41 INFO  : Launch script is exported to file '/home/graham/Dropbox/N3workingG/TE0722Rebuild/N3Vivado/TE0722TD/TE0722TD.sdk/.sdk/launch_scripts/xilinx_c-c++_application_(system_debugger)/system_debugger_on_local_n3zbram.elf.tcl'
21:06:48 INFO  : Disconnected from the channel tcfchan#10.
