#-----------------------------------------------------------
# Vivado v2016.2 (64-bit)
# SW Build 1577090 on Thu Jun  2 16:32:35 MDT 2016
# IP Build 1577682 on Fri Jun  3 12:00:54 MDT 2016
# Start of session at: Mon Oct  9 21:15:20 2017
# Process ID: 5207
# Current directory: /home/gnaylor/Dropbox/N3workingG/TE0722Rebuild/N3Vivado/N3Z_TD_FIFO/N3Z_TD_FIFO.sdk/NicolaRadio/bootimage
# Command line: vivado
# Log file: /home/gnaylor/Dropbox/N3workingG/TE0722Rebuild/N3Vivado/N3Z_TD_FIFO/N3Z_TD_FIFO.sdk/NicolaRadio/bootimage/vivado.log
# Journal file: /home/gnaylor/Dropbox/N3workingG/TE0722Rebuild/N3Vivado/N3Z_TD_FIFO/N3Z_TD_FIFO.sdk/NicolaRadio/bootimage/vivado.jou
#-----------------------------------------------------------
start_gui
open_project /home/gnaylor/Dropbox/N3workingG/TE0722Rebuild/N3Vivado/N3Z_TD_FIFO/N3Z_TD_FIFO.xpr
Scanning sources...
Finished scanning sources
INFO: [IP_Flow 19-234] Refreshing IP repositories
INFO: [IP_Flow 19-1700] Loaded user IP repository '/home/gnaylor/Dropbox/cores'.
INFO: [IP_Flow 19-1700] Loaded user IP repository '/home/gnaylor/Dropbox/SysgenOutput/TE0722/ToneDetect2'.
INFO: [IP_Flow 19-2313] Loaded Vivado IP repository '/opt/Xilinx/Vivado/2016.2/data/ip'.
open_project: Time (s): cpu = 00:00:19 ; elapsed = 00:00:09 . Memory (MB): peak = 5958.879 ; gain = 227.301 ; free physical = 864 ; free virtual = 10373
open_hw
connect_hw_server
INFO: [Labtools 27-2285] Connecting to hw_server url TCP:localhost:3121
open_hw_target
INFO: [Labtoolstcl 44-466] Opening hw_target localhost:3121/xilinx_tcf/Digilent/210299A1F0C3
set_property PROGRAM.FILE {/home/gnaylor/Dropbox/N3workingG/TE0722Rebuild/N3Vivado/N3Z_TD_FIFO/N3Z_TD_FIFO.runs/impl_1/PS_PL_wrapper.bit} [lindex [get_hw_devices] 1]
current_hw_device [lindex [get_hw_devices] 1]
refresh_hw_device -update_hw_probes false [lindex [get_hw_devices] 1]
INFO: [Labtools 27-1434] Device xc7z010 (JTAG device index = 1) is programmed with a design that has no supported debug core(s) in it.
WARNING: [Labtools 27-3123] The debug hub core was not detected at User Scan Chain 1 or 3.
Resolution: 
1. Make sure the clock connected to the debug hub (dbg_hub) core is a free running clock and is active OR
2. Manually launch hw_server with -e "set xsdb-user-bscan <C_USER_SCAN_CHAIN scan_chain_number>" to detect the debug hub at User Scan Chain of 2 or 4. To determine the user scan chain setting, open the implemented design and use: get_property C_USER_SCAN_CHAIN [get_debug_cores dbg_hub].
refresh_hw_device [lindex [get_hw_devices] 1]
INFO: [Labtools 27-1434] Device xc7z010 (JTAG device index = 1) is programmed with a design that has no supported debug core(s) in it.
WARNING: [Labtools 27-3123] The debug hub core was not detected at User Scan Chain 1 or 3.
Resolution: 
1. Make sure the clock connected to the debug hub (dbg_hub) core is a free running clock and is active OR
2. Manually launch hw_server with -e "set xsdb-user-bscan <C_USER_SCAN_CHAIN scan_chain_number>" to detect the debug hub at User Scan Chain of 2 or 4. To determine the user scan chain setting, open the implemented design and use: get_property C_USER_SCAN_CHAIN [get_debug_cores dbg_hub].
set_property PROBES.FILE {} [lindex [get_hw_devices] 1]
set_property PROGRAM.FILE {/home/gnaylor/Dropbox/N3workingG/TE0722Rebuild/N3Vivado/N3Z_TD_FIFO/N3Z_TD_FIFO.runs/impl_1/PS_PL_wrapper.bit} [lindex [get_hw_devices] 1]
program_hw_devices [lindex [get_hw_devices] 1]
INFO: [Labtools 27-3164] End of startup status: HIGH
refresh_hw_device [lindex [get_hw_devices] 1]
INFO: [Labtools 27-1434] Device xc7z010 (JTAG device index = 1) is programmed with a design that has no supported debug core(s) in it.
WARNING: [Labtools 27-3123] The debug hub core was not detected at User Scan Chain 1 or 3.
Resolution: 
1. Make sure the clock connected to the debug hub (dbg_hub) core is a free running clock and is active OR
2. Manually launch hw_server with -e "set xsdb-user-bscan <C_USER_SCAN_CHAIN scan_chain_number>" to detect the debug hub at User Scan Chain of 2 or 4. To determine the user scan chain setting, open the implemented design and use: get_property C_USER_SCAN_CHAIN [get_debug_cores dbg_hub].
launch_sdk -workspace /home/gnaylor/Dropbox/N3workingG/TE0722Rebuild/N3Vivado/N3Z_TD_FIFO/N3Z_TD_FIFO.sdk -hwspec /home/gnaylor/Dropbox/N3workingG/TE0722Rebuild/N3Vivado/N3Z_TD_FIFO/N3Z_TD_FIFO.sdk/PS_PL_wrapper.hdf
INFO: [Vivado 12-393] Launching SDK...
INFO: [Vivado 12-417] Running xsdk -workspace /home/gnaylor/Dropbox/N3workingG/TE0722Rebuild/N3Vivado/N3Z_TD_FIFO/N3Z_TD_FIFO.sdk -hwspec /home/gnaylor/Dropbox/N3workingG/TE0722Rebuild/N3Vivado/N3Z_TD_FIFO/N3Z_TD_FIFO.sdk/PS_PL_wrapper.hdf
INFO: [Vivado 12-3157] SDK launch initiated. Please check console for any further messages.
ERROR: [Labtoolstcl 44-513] HW Target shutdown. Closing target: localhost:3121/xilinx_tcf/Digilent/210299A1F0C3
exit
INFO: [Common 17-206] Exiting Vivado at Mon Oct  9 21:23:24 2017...
