#-----------------------------------------------------------
# Vivado v2016.2 (64-bit)
# SW Build 1577090 on Thu Jun  2 16:32:35 MDT 2016
# IP Build 1577682 on Fri Jun  3 12:00:54 MDT 2016
# Start of session at: Fri Oct 28 22:36:11 2016
# Process ID: 12402
# Current directory: /home/graham/Dropbox/N3workingG/TE0722Rebuild/N3Vivado/TE0722TD/N3Z_TD_FIFO
# Command line: vivado
# Log file: /home/graham/Dropbox/N3workingG/TE0722Rebuild/N3Vivado/TE0722TD/N3Z_TD_FIFO/vivado.log
# Journal file: /home/graham/Dropbox/N3workingG/TE0722Rebuild/N3Vivado/TE0722TD/N3Z_TD_FIFO/vivado.jou
#-----------------------------------------------------------
start_gui
open_project /home/graham/Dropbox/N3workingG/TE0722Rebuild/N3Vivado/TE0722TD/N3Z_TD_FIFO/N3Z_TD_FIFO.xpr
Scanning sources...
Finished scanning sources
INFO: [IP_Flow 19-234] Refreshing IP repositories
INFO: [IP_Flow 19-1700] Loaded user IP repository '/home/graham/Dropbox/SysgenOutput/TE0722/ip'.
INFO: [IP_Flow 19-1700] Loaded user IP repository '/home/graham/Dropbox/SysgenOutput/TE0722/ToneDetect/ip'.
INFO: [IP_Flow 19-2313] Loaded Vivado IP repository '/opt/Xilinx16/Vivado/2016.2/data/ip'.
open_project: Time (s): cpu = 00:00:32 ; elapsed = 00:02:06 . Memory (MB): peak = 5866.469 ; gain = 133.934 ; free physical = 121 ; free virtual = 1292
update_compile_order -fileset sources_1
exit
INFO: [Common 17-206] Exiting Vivado at Fri Oct 28 22:45:21 2016...
