INFO: [VRFC 10-163] Analyzing VHDL file "/opt/Xilinx/Vivado/2016.2/data/ip/xpm/xpm_VCOMP.vhd" into library xpm
INFO: [VRFC 10-163] Analyzing VHDL file "/home/graham/Dropbox/N3workingG/TE0722Rebuild/N3Vivado/TE0722TD/N3Z_TD_FIFO/N3Z_TD_FIFO.srcs/sources_1/bd/PS_PL/ip/PS_PL_n3z_tonetest_0_0/n3z_tonetest_c_addsub_v12_0_i0/xbip_utils_v3_0_6/hdl/xbip_utils_v3_0_vh_rfs.vhd" into library xbip_utils_v3_0_6
INFO: [VRFC 10-163] Analyzing VHDL file "/home/graham/Dropbox/N3workingG/TE0722Rebuild/N3Vivado/TE0722TD/N3Z_TD_FIFO/N3Z_TD_FIFO.srcs/sources_1/bd/PS_PL/ip/PS_PL_n3z_tonetest_0_0/n3z_tonetest_c_addsub_v12_0_i0/c_reg_fd_v12_0_2/hdl/c_reg_fd_v12_0_vh_rfs.vhd" into library c_reg_fd_v12_0_2
INFO: [VRFC 10-307] analyzing entity c_reg_fd_v12_0_2_viv
INFO: [VRFC 10-163] Analyzing VHDL file "/home/graham/Dropbox/N3workingG/TE0722Rebuild/N3Vivado/TE0722TD/N3Z_TD_FIFO/N3Z_TD_FIFO.srcs/sources_1/bd/PS_PL/ip/PS_PL_n3z_tonetest_0_0/n3z_tonetest_c_addsub_v12_0_i0/c_reg_fd_v12_0_2/hdl/c_reg_fd_v12_0.vhd" into library c_reg_fd_v12_0_2
INFO: [VRFC 10-307] analyzing entity c_reg_fd_v12_0_2
INFO: [VRFC 10-163] Analyzing VHDL file "/home/graham/Dropbox/N3workingG/TE0722Rebuild/N3Vivado/TE0722TD/N3Z_TD_FIFO/N3Z_TD_FIFO.srcs/sources_1/bd/PS_PL/ip/PS_PL_n3z_tonetest_0_0/n3z_tonetest_c_addsub_v12_0_i0/xbip_dsp48_wrapper_v3_0_4/hdl/xbip_dsp48_wrapper_v3_0_vh_rfs.vhd" into library xbip_dsp48_wrapper_v3_0_4
INFO: [VRFC 10-307] analyzing entity xbip_dsp48a_wrapper_v3_0
INFO: [VRFC 10-307] analyzing entity xbip_dsp48a1_wrapper_v3_0
INFO: [VRFC 10-307] analyzing entity xbip_dsp48e_wrapper_v3_0
INFO: [VRFC 10-307] analyzing entity xbip_dsp48e1_wrapper_v3_0
INFO: [VRFC 10-307] analyzing entity xbip_dsp48e2_wrapper_v3_0
INFO: [VRFC 10-307] analyzing entity xbip_dsp48_wrapper_v3_0_4
INFO: [VRFC 10-163] Analyzing VHDL file "/home/graham/Dropbox/N3workingG/TE0722Rebuild/N3Vivado/TE0722TD/N3Z_TD_FIFO/N3Z_TD_FIFO.srcs/sources_1/bd/PS_PL/ip/PS_PL_n3z_tonetest_0_0/n3z_tonetest_c_addsub_v12_0_i0/xbip_pipe_v3_0_2/hdl/xbip_pipe_v3_0_vh_rfs.vhd" into library xbip_pipe_v3_0_2
INFO: [VRFC 10-307] analyzing entity xbip_pipe_v3_0_2_viv
INFO: [VRFC 10-163] Analyzing VHDL file "/home/graham/Dropbox/N3workingG/TE0722Rebuild/N3Vivado/TE0722TD/N3Z_TD_FIFO/N3Z_TD_FIFO.srcs/sources_1/bd/PS_PL/ip/PS_PL_n3z_tonetest_0_0/n3z_tonetest_c_addsub_v12_0_i0/xbip_pipe_v3_0_2/hdl/xbip_pipe_v3_0.vhd" into library xbip_pipe_v3_0_2
INFO: [VRFC 10-307] analyzing entity xbip_pipe_v3_0_2
INFO: [VRFC 10-163] Analyzing VHDL file "/home/graham/Dropbox/N3workingG/TE0722Rebuild/N3Vivado/TE0722TD/N3Z_TD_FIFO/N3Z_TD_FIFO.srcs/sources_1/bd/PS_PL/ip/PS_PL_n3z_tonetest_0_0/n3z_tonetest_c_addsub_v12_0_i0/xbip_dsp48_addsub_v3_0_2/hdl/xbip_dsp48_addsub_v3_0_vh_rfs.vhd" into library xbip_dsp48_addsub_v3_0_2
INFO: [VRFC 10-307] analyzing entity xbip_dsp48_addsub_rtl
INFO: [VRFC 10-307] analyzing entity xbip_dsp48_addsub_synth
INFO: [VRFC 10-307] analyzing entity xbip_dsp48_addsub_v3_0_2_viv
INFO: [VRFC 10-163] Analyzing VHDL file "/home/graham/Dropbox/N3workingG/TE0722Rebuild/N3Vivado/TE0722TD/N3Z_TD_FIFO/N3Z_TD_FIFO.srcs/sources_1/bd/PS_PL/ip/PS_PL_n3z_tonetest_0_0/n3z_tonetest_c_addsub_v12_0_i0/xbip_dsp48_addsub_v3_0_2/hdl/xbip_dsp48_addsub_v3_0.vhd" into library xbip_dsp48_addsub_v3_0_2
INFO: [VRFC 10-307] analyzing entity xbip_dsp48_addsub_v3_0_2
INFO: [VRFC 10-163] Analyzing VHDL file "/home/graham/Dropbox/N3workingG/TE0722Rebuild/N3Vivado/TE0722TD/N3Z_TD_FIFO/N3Z_TD_FIFO.srcs/sources_1/bd/PS_PL/ip/PS_PL_n3z_tonetest_0_0/n3z_tonetest_c_addsub_v12_0_i0/xbip_addsub_v3_0_2/hdl/xbip_addsub_v3_0_vh_rfs.vhd" into library xbip_addsub_v3_0_2
INFO: [VRFC 10-307] analyzing entity xbip_addsub_v3_0_2_viv
INFO: [VRFC 10-163] Analyzing VHDL file "/home/graham/Dropbox/N3workingG/TE0722Rebuild/N3Vivado/TE0722TD/N3Z_TD_FIFO/N3Z_TD_FIFO.srcs/sources_1/bd/PS_PL/ip/PS_PL_n3z_tonetest_0_0/n3z_tonetest_c_addsub_v12_0_i0/xbip_addsub_v3_0_2/hdl/xbip_addsub_v3_0.vhd" into library xbip_addsub_v3_0_2
INFO: [VRFC 10-307] analyzing entity xbip_addsub_v3_0_2
INFO: [VRFC 10-163] Analyzing VHDL file "/home/graham/Dropbox/N3workingG/TE0722Rebuild/N3Vivado/TE0722TD/N3Z_TD_FIFO/N3Z_TD_FIFO.srcs/sources_1/bd/PS_PL/ip/PS_PL_n3z_tonetest_0_0/n3z_tonetest_c_addsub_v12_0_i0/c_addsub_v12_0_9/hdl/c_addsub_v12_0_vh_rfs.vhd" into library c_addsub_v12_0_9
INFO: [VRFC 10-307] analyzing entity c_addsub_v12_0_9_lut6_legacy
INFO: [VRFC 10-307] analyzing entity c_addsub_v12_0_9_base_legacy
INFO: [VRFC 10-307] analyzing entity c_addsub_v12_0_9_fabric_legacy
INFO: [VRFC 10-307] analyzing entity c_addsub_v12_0_9_legacy
INFO: [VRFC 10-307] analyzing entity c_addsub_v12_0_9_viv
INFO: [VRFC 10-163] Analyzing VHDL file "/home/graham/Dropbox/N3workingG/TE0722Rebuild/N3Vivado/TE0722TD/N3Z_TD_FIFO/N3Z_TD_FIFO.srcs/sources_1/bd/PS_PL/ip/PS_PL_n3z_tonetest_0_0/n3z_tonetest_c_addsub_v12_0_i0/c_addsub_v12_0_9/hdl/c_addsub_v12_0.vhd" into library c_addsub_v12_0_9
INFO: [VRFC 10-307] analyzing entity c_addsub_v12_0_9
INFO: [VRFC 10-163] Analyzing VHDL file "/home/graham/Dropbox/N3workingG/TE0722Rebuild/N3Vivado/TE0722TD/N3Z_TD_FIFO/N3Z_TD_FIFO.ip_user_files/bd/PS_PL/ip/PS_PL_n3z_tonetest_0_0/n3z_tonetest_c_addsub_v12_0_i0/sim/n3z_tonetest_c_addsub_v12_0_i0.vhd" into library c_addsub_v12_0_9
INFO: [VRFC 10-307] analyzing entity n3z_tonetest_c_addsub_v12_0_i0
INFO: [VRFC 10-163] Analyzing VHDL file "/home/graham/Dropbox/N3workingG/TE0722Rebuild/N3Vivado/TE0722TD/N3Z_TD_FIFO/N3Z_TD_FIFO.ip_user_files/bd/PS_PL/ip/PS_PL_n3z_tonetest_0_0/n3z_tonetest_c_addsub_v12_0_i1/sim/n3z_tonetest_c_addsub_v12_0_i1.vhd" into library c_addsub_v12_0_9
INFO: [VRFC 10-307] analyzing entity n3z_tonetest_c_addsub_v12_0_i1
INFO: [VRFC 10-163] Analyzing VHDL file "/home/graham/Dropbox/N3workingG/TE0722Rebuild/N3Vivado/TE0722TD/N3Z_TD_FIFO/N3Z_TD_FIFO.ip_user_files/bd/PS_PL/ip/PS_PL_n3z_tonetest_0_0/n3z_tonetest_c_addsub_v12_0_i10/sim/n3z_tonetest_c_addsub_v12_0_i10.vhd" into library c_addsub_v12_0_9
INFO: [VRFC 10-307] analyzing entity n3z_tonetest_c_addsub_v12_0_i10
INFO: [VRFC 10-163] Analyzing VHDL file "/home/graham/Dropbox/N3workingG/TE0722Rebuild/N3Vivado/TE0722TD/N3Z_TD_FIFO/N3Z_TD_FIFO.ip_user_files/bd/PS_PL/ip/PS_PL_n3z_tonetest_0_0/n3z_tonetest_c_addsub_v12_0_i11/sim/n3z_tonetest_c_addsub_v12_0_i11.vhd" into library c_addsub_v12_0_9
INFO: [VRFC 10-307] analyzing entity n3z_tonetest_c_addsub_v12_0_i11
INFO: [VRFC 10-163] Analyzing VHDL file "/home/graham/Dropbox/N3workingG/TE0722Rebuild/N3Vivado/TE0722TD/N3Z_TD_FIFO/N3Z_TD_FIFO.ip_user_files/bd/PS_PL/ip/PS_PL_n3z_tonetest_0_0/n3z_tonetest_c_addsub_v12_0_i12/sim/n3z_tonetest_c_addsub_v12_0_i12.vhd" into library c_addsub_v12_0_9
INFO: [VRFC 10-307] analyzing entity n3z_tonetest_c_addsub_v12_0_i12
INFO: [VRFC 10-163] Analyzing VHDL file "/home/graham/Dropbox/N3workingG/TE0722Rebuild/N3Vivado/TE0722TD/N3Z_TD_FIFO/N3Z_TD_FIFO.ip_user_files/bd/PS_PL/ip/PS_PL_n3z_tonetest_0_0/n3z_tonetest_c_addsub_v12_0_i13/sim/n3z_tonetest_c_addsub_v12_0_i13.vhd" into library c_addsub_v12_0_9
INFO: [VRFC 10-307] analyzing entity n3z_tonetest_c_addsub_v12_0_i13
INFO: [VRFC 10-163] Analyzing VHDL file "/home/graham/Dropbox/N3workingG/TE0722Rebuild/N3Vivado/TE0722TD/N3Z_TD_FIFO/N3Z_TD_FIFO.ip_user_files/bd/PS_PL/ip/PS_PL_n3z_tonetest_0_0/n3z_tonetest_c_addsub_v12_0_i14/sim/n3z_tonetest_c_addsub_v12_0_i14.vhd" into library c_addsub_v12_0_9
INFO: [VRFC 10-307] analyzing entity n3z_tonetest_c_addsub_v12_0_i14
INFO: [VRFC 10-163] Analyzing VHDL file "/home/graham/Dropbox/N3workingG/TE0722Rebuild/N3Vivado/TE0722TD/N3Z_TD_FIFO/N3Z_TD_FIFO.ip_user_files/bd/PS_PL/ip/PS_PL_n3z_tonetest_0_0/n3z_tonetest_c_addsub_v12_0_i15/sim/n3z_tonetest_c_addsub_v12_0_i15.vhd" into library c_addsub_v12_0_9
INFO: [VRFC 10-307] analyzing entity n3z_tonetest_c_addsub_v12_0_i15
INFO: [VRFC 10-163] Analyzing VHDL file "/home/graham/Dropbox/N3workingG/TE0722Rebuild/N3Vivado/TE0722TD/N3Z_TD_FIFO/N3Z_TD_FIFO.ip_user_files/bd/PS_PL/ip/PS_PL_n3z_tonetest_0_0/n3z_tonetest_c_addsub_v12_0_i16/sim/n3z_tonetest_c_addsub_v12_0_i16.vhd" into library c_addsub_v12_0_9
INFO: [VRFC 10-307] analyzing entity n3z_tonetest_c_addsub_v12_0_i16
INFO: [VRFC 10-163] Analyzing VHDL file "/home/graham/Dropbox/N3workingG/TE0722Rebuild/N3Vivado/TE0722TD/N3Z_TD_FIFO/N3Z_TD_FIFO.ip_user_files/bd/PS_PL/ip/PS_PL_n3z_tonetest_0_0/n3z_tonetest_c_addsub_v12_0_i17/sim/n3z_tonetest_c_addsub_v12_0_i17.vhd" into library c_addsub_v12_0_9
INFO: [VRFC 10-307] analyzing entity n3z_tonetest_c_addsub_v12_0_i17
INFO: [VRFC 10-163] Analyzing VHDL file "/home/graham/Dropbox/N3workingG/TE0722Rebuild/N3Vivado/TE0722TD/N3Z_TD_FIFO/N3Z_TD_FIFO.ip_user_files/bd/PS_PL/ip/PS_PL_n3z_tonetest_0_0/n3z_tonetest_c_addsub_v12_0_i18/sim/n3z_tonetest_c_addsub_v12_0_i18.vhd" into library c_addsub_v12_0_9
INFO: [VRFC 10-307] analyzing entity n3z_tonetest_c_addsub_v12_0_i18
INFO: [VRFC 10-163] Analyzing VHDL file "/home/graham/Dropbox/N3workingG/TE0722Rebuild/N3Vivado/TE0722TD/N3Z_TD_FIFO/N3Z_TD_FIFO.ip_user_files/bd/PS_PL/ip/PS_PL_n3z_tonetest_0_0/n3z_tonetest_c_addsub_v12_0_i2/sim/n3z_tonetest_c_addsub_v12_0_i2.vhd" into library c_addsub_v12_0_9
INFO: [VRFC 10-307] analyzing entity n3z_tonetest_c_addsub_v12_0_i2
INFO: [VRFC 10-163] Analyzing VHDL file "/home/graham/Dropbox/N3workingG/TE0722Rebuild/N3Vivado/TE0722TD/N3Z_TD_FIFO/N3Z_TD_FIFO.ip_user_files/bd/PS_PL/ip/PS_PL_n3z_tonetest_0_0/n3z_tonetest_c_addsub_v12_0_i3/sim/n3z_tonetest_c_addsub_v12_0_i3.vhd" into library c_addsub_v12_0_9
INFO: [VRFC 10-307] analyzing entity n3z_tonetest_c_addsub_v12_0_i3
INFO: [VRFC 10-163] Analyzing VHDL file "/home/graham/Dropbox/N3workingG/TE0722Rebuild/N3Vivado/TE0722TD/N3Z_TD_FIFO/N3Z_TD_FIFO.ip_user_files/bd/PS_PL/ip/PS_PL_n3z_tonetest_0_0/n3z_tonetest_c_addsub_v12_0_i4/sim/n3z_tonetest_c_addsub_v12_0_i4.vhd" into library c_addsub_v12_0_9
INFO: [VRFC 10-307] analyzing entity n3z_tonetest_c_addsub_v12_0_i4
INFO: [VRFC 10-163] Analyzing VHDL file "/home/graham/Dropbox/N3workingG/TE0722Rebuild/N3Vivado/TE0722TD/N3Z_TD_FIFO/N3Z_TD_FIFO.ip_user_files/bd/PS_PL/ip/PS_PL_n3z_tonetest_0_0/n3z_tonetest_c_addsub_v12_0_i5/sim/n3z_tonetest_c_addsub_v12_0_i5.vhd" into library c_addsub_v12_0_9
INFO: [VRFC 10-307] analyzing entity n3z_tonetest_c_addsub_v12_0_i5
INFO: [VRFC 10-163] Analyzing VHDL file "/home/graham/Dropbox/N3workingG/TE0722Rebuild/N3Vivado/TE0722TD/N3Z_TD_FIFO/N3Z_TD_FIFO.ip_user_files/bd/PS_PL/ip/PS_PL_n3z_tonetest_0_0/n3z_tonetest_c_addsub_v12_0_i6/sim/n3z_tonetest_c_addsub_v12_0_i6.vhd" into library c_addsub_v12_0_9
INFO: [VRFC 10-307] analyzing entity n3z_tonetest_c_addsub_v12_0_i6
INFO: [VRFC 10-163] Analyzing VHDL file "/home/graham/Dropbox/N3workingG/TE0722Rebuild/N3Vivado/TE0722TD/N3Z_TD_FIFO/N3Z_TD_FIFO.ip_user_files/bd/PS_PL/ip/PS_PL_n3z_tonetest_0_0/n3z_tonetest_c_addsub_v12_0_i7/sim/n3z_tonetest_c_addsub_v12_0_i7.vhd" into library c_addsub_v12_0_9
INFO: [VRFC 10-307] analyzing entity n3z_tonetest_c_addsub_v12_0_i7
INFO: [VRFC 10-163] Analyzing VHDL file "/home/graham/Dropbox/N3workingG/TE0722Rebuild/N3Vivado/TE0722TD/N3Z_TD_FIFO/N3Z_TD_FIFO.ip_user_files/bd/PS_PL/ip/PS_PL_n3z_tonetest_0_0/n3z_tonetest_c_addsub_v12_0_i8/sim/n3z_tonetest_c_addsub_v12_0_i8.vhd" into library c_addsub_v12_0_9
INFO: [VRFC 10-307] analyzing entity n3z_tonetest_c_addsub_v12_0_i8
INFO: [VRFC 10-163] Analyzing VHDL file "/home/graham/Dropbox/N3workingG/TE0722Rebuild/N3Vivado/TE0722TD/N3Z_TD_FIFO/N3Z_TD_FIFO.ip_user_files/bd/PS_PL/ip/PS_PL_n3z_tonetest_0_0/n3z_tonetest_c_addsub_v12_0_i9/sim/n3z_tonetest_c_addsub_v12_0_i9.vhd" into library c_addsub_v12_0_9
INFO: [VRFC 10-307] analyzing entity n3z_tonetest_c_addsub_v12_0_i9
INFO: [VRFC 10-163] Analyzing VHDL file "/home/graham/Dropbox/N3workingG/TE0722Rebuild/N3Vivado/TE0722TD/N3Z_TD_FIFO/N3Z_TD_FIFO.srcs/sources_1/bd/PS_PL/ip/PS_PL_n3z_tonetest_0_0/n3z_tonetest_c_counter_binary_v12_0_i0/c_gate_bit_v12_0_2/hdl/c_gate_bit_v12_0_vh_rfs.vhd" into library c_gate_bit_v12_0_2
INFO: [VRFC 10-307] analyzing entity c_gate_bit_tile
INFO: [VRFC 10-307] analyzing entity c_gate_bit_tier
INFO: [VRFC 10-307] analyzing entity c_gate_bit_v12_0_2_viv
INFO: [VRFC 10-163] Analyzing VHDL file "/home/graham/Dropbox/N3workingG/TE0722Rebuild/N3Vivado/TE0722TD/N3Z_TD_FIFO/N3Z_TD_FIFO.srcs/sources_1/bd/PS_PL/ip/PS_PL_n3z_tonetest_0_0/n3z_tonetest_c_counter_binary_v12_0_i0/c_gate_bit_v12_0_2/hdl/c_gate_bit_v12_0.vhd" into library c_gate_bit_v12_0_2
INFO: [VRFC 10-307] analyzing entity c_gate_bit_v12_0_2
INFO: [VRFC 10-163] Analyzing VHDL file "/home/graham/Dropbox/N3workingG/TE0722Rebuild/N3Vivado/TE0722TD/N3Z_TD_FIFO/N3Z_TD_FIFO.srcs/sources_1/bd/PS_PL/ip/PS_PL_n3z_tonetest_0_0/n3z_tonetest_c_counter_binary_v12_0_i0/xbip_counter_v3_0_2/hdl/xbip_counter_v3_0_vh_rfs.vhd" into library xbip_counter_v3_0_2
INFO: [VRFC 10-307] analyzing entity dsp48_counter
INFO: [VRFC 10-307] analyzing entity fabric_counter
INFO: [VRFC 10-307] analyzing entity xbip_counter_v3_0_2_viv
INFO: [VRFC 10-163] Analyzing VHDL file "/home/graham/Dropbox/N3workingG/TE0722Rebuild/N3Vivado/TE0722TD/N3Z_TD_FIFO/N3Z_TD_FIFO.srcs/sources_1/bd/PS_PL/ip/PS_PL_n3z_tonetest_0_0/n3z_tonetest_c_counter_binary_v12_0_i0/xbip_counter_v3_0_2/hdl/xbip_counter_v3_0.vhd" into library xbip_counter_v3_0_2
INFO: [VRFC 10-307] analyzing entity xbip_counter_v3_0_2
INFO: [VRFC 10-163] Analyzing VHDL file "/home/graham/Dropbox/N3workingG/TE0722Rebuild/N3Vivado/TE0722TD/N3Z_TD_FIFO/N3Z_TD_FIFO.srcs/sources_1/bd/PS_PL/ip/PS_PL_n3z_tonetest_0_0/n3z_tonetest_c_counter_binary_v12_0_i0/c_counter_binary_v12_0_9/hdl/c_counter_binary_v12_0_vh_rfs.vhd" into library c_counter_binary_v12_0_9
INFO: [VRFC 10-307] analyzing entity c_counter_binary_v12_0_9_legacy
INFO: [VRFC 10-307] analyzing entity c_counter_binary_v12_0_9_viv
INFO: [VRFC 10-163] Analyzing VHDL file "/home/graham/Dropbox/N3workingG/TE0722Rebuild/N3Vivado/TE0722TD/N3Z_TD_FIFO/N3Z_TD_FIFO.srcs/sources_1/bd/PS_PL/ip/PS_PL_n3z_tonetest_0_0/n3z_tonetest_c_counter_binary_v12_0_i0/c_counter_binary_v12_0_9/hdl/c_counter_binary_v12_0.vhd" into library c_counter_binary_v12_0_9
INFO: [VRFC 10-307] analyzing entity c_counter_binary_v12_0_9
INFO: [VRFC 10-163] Analyzing VHDL file "/home/graham/Dropbox/N3workingG/TE0722Rebuild/N3Vivado/TE0722TD/N3Z_TD_FIFO/N3Z_TD_FIFO.ip_user_files/bd/PS_PL/ip/PS_PL_n3z_tonetest_0_0/n3z_tonetest_c_counter_binary_v12_0_i0/sim/n3z_tonetest_c_counter_binary_v12_0_i0.vhd" into library c_counter_binary_v12_0_9
INFO: [VRFC 10-307] analyzing entity n3z_tonetest_c_counter_binary_v12_0_i0
INFO: [VRFC 10-163] Analyzing VHDL file "/home/graham/Dropbox/N3workingG/TE0722Rebuild/N3Vivado/TE0722TD/N3Z_TD_FIFO/N3Z_TD_FIFO.ip_user_files/bd/PS_PL/ip/PS_PL_n3z_tonetest_0_0/n3z_tonetest_c_counter_binary_v12_0_i1/sim/n3z_tonetest_c_counter_binary_v12_0_i1.vhd" into library c_counter_binary_v12_0_9
INFO: [VRFC 10-307] analyzing entity n3z_tonetest_c_counter_binary_v12_0_i1
INFO: [VRFC 10-163] Analyzing VHDL file "/home/graham/Dropbox/N3workingG/TE0722Rebuild/N3Vivado/TE0722TD/N3Z_TD_FIFO/N3Z_TD_FIFO.ip_user_files/bd/PS_PL/ip/PS_PL_n3z_tonetest_0_0/n3z_tonetest_c_counter_binary_v12_0_i10/sim/n3z_tonetest_c_counter_binary_v12_0_i10.vhd" into library c_counter_binary_v12_0_9
INFO: [VRFC 10-307] analyzing entity n3z_tonetest_c_counter_binary_v12_0_i10
INFO: [VRFC 10-163] Analyzing VHDL file "/home/graham/Dropbox/N3workingG/TE0722Rebuild/N3Vivado/TE0722TD/N3Z_TD_FIFO/N3Z_TD_FIFO.ip_user_files/bd/PS_PL/ip/PS_PL_n3z_tonetest_0_0/n3z_tonetest_c_counter_binary_v12_0_i11/sim/n3z_tonetest_c_counter_binary_v12_0_i11.vhd" into library c_counter_binary_v12_0_9
INFO: [VRFC 10-307] analyzing entity n3z_tonetest_c_counter_binary_v12_0_i11
INFO: [VRFC 10-163] Analyzing VHDL file "/home/graham/Dropbox/N3workingG/TE0722Rebuild/N3Vivado/TE0722TD/N3Z_TD_FIFO/N3Z_TD_FIFO.ip_user_files/bd/PS_PL/ip/PS_PL_n3z_tonetest_0_0/n3z_tonetest_c_counter_binary_v12_0_i2/sim/n3z_tonetest_c_counter_binary_v12_0_i2.vhd" into library c_counter_binary_v12_0_9
INFO: [VRFC 10-307] analyzing entity n3z_tonetest_c_counter_binary_v12_0_i2
INFO: [VRFC 10-163] Analyzing VHDL file "/home/graham/Dropbox/N3workingG/TE0722Rebuild/N3Vivado/TE0722TD/N3Z_TD_FIFO/N3Z_TD_FIFO.ip_user_files/bd/PS_PL/ip/PS_PL_n3z_tonetest_0_0/n3z_tonetest_c_counter_binary_v12_0_i3/sim/n3z_tonetest_c_counter_binary_v12_0_i3.vhd" into library c_counter_binary_v12_0_9
INFO: [VRFC 10-307] analyzing entity n3z_tonetest_c_counter_binary_v12_0_i3
INFO: [VRFC 10-163] Analyzing VHDL file "/home/graham/Dropbox/N3workingG/TE0722Rebuild/N3Vivado/TE0722TD/N3Z_TD_FIFO/N3Z_TD_FIFO.ip_user_files/bd/PS_PL/ip/PS_PL_n3z_tonetest_0_0/n3z_tonetest_c_counter_binary_v12_0_i4/sim/n3z_tonetest_c_counter_binary_v12_0_i4.vhd" into library c_counter_binary_v12_0_9
INFO: [VRFC 10-307] analyzing entity n3z_tonetest_c_counter_binary_v12_0_i4
INFO: [VRFC 10-163] Analyzing VHDL file "/home/graham/Dropbox/N3workingG/TE0722Rebuild/N3Vivado/TE0722TD/N3Z_TD_FIFO/N3Z_TD_FIFO.ip_user_files/bd/PS_PL/ip/PS_PL_n3z_tonetest_0_0/n3z_tonetest_c_counter_binary_v12_0_i5/sim/n3z_tonetest_c_counter_binary_v12_0_i5.vhd" into library c_counter_binary_v12_0_9
INFO: [VRFC 10-307] analyzing entity n3z_tonetest_c_counter_binary_v12_0_i5
INFO: [VRFC 10-163] Analyzing VHDL file "/home/graham/Dropbox/N3workingG/TE0722Rebuild/N3Vivado/TE0722TD/N3Z_TD_FIFO/N3Z_TD_FIFO.ip_user_files/bd/PS_PL/ip/PS_PL_n3z_tonetest_0_0/n3z_tonetest_c_counter_binary_v12_0_i6/sim/n3z_tonetest_c_counter_binary_v12_0_i6.vhd" into library c_counter_binary_v12_0_9
INFO: [VRFC 10-307] analyzing entity n3z_tonetest_c_counter_binary_v12_0_i6
INFO: [VRFC 10-163] Analyzing VHDL file "/home/graham/Dropbox/N3workingG/TE0722Rebuild/N3Vivado/TE0722TD/N3Z_TD_FIFO/N3Z_TD_FIFO.ip_user_files/bd/PS_PL/ip/PS_PL_n3z_tonetest_0_0/n3z_tonetest_c_counter_binary_v12_0_i7/sim/n3z_tonetest_c_counter_binary_v12_0_i7.vhd" into library c_counter_binary_v12_0_9
INFO: [VRFC 10-307] analyzing entity n3z_tonetest_c_counter_binary_v12_0_i7
INFO: [VRFC 10-163] Analyzing VHDL file "/home/graham/Dropbox/N3workingG/TE0722Rebuild/N3Vivado/TE0722TD/N3Z_TD_FIFO/N3Z_TD_FIFO.ip_user_files/bd/PS_PL/ip/PS_PL_n3z_tonetest_0_0/n3z_tonetest_c_counter_binary_v12_0_i8/sim/n3z_tonetest_c_counter_binary_v12_0_i8.vhd" into library c_counter_binary_v12_0_9
INFO: [VRFC 10-307] analyzing entity n3z_tonetest_c_counter_binary_v12_0_i8
INFO: [VRFC 10-163] Analyzing VHDL file "/home/graham/Dropbox/N3workingG/TE0722Rebuild/N3Vivado/TE0722TD/N3Z_TD_FIFO/N3Z_TD_FIFO.ip_user_files/bd/PS_PL/ip/PS_PL_n3z_tonetest_0_0/n3z_tonetest_c_counter_binary_v12_0_i9/sim/n3z_tonetest_c_counter_binary_v12_0_i9.vhd" into library c_counter_binary_v12_0_9
INFO: [VRFC 10-307] analyzing entity n3z_tonetest_c_counter_binary_v12_0_i9
INFO: [VRFC 10-163] Analyzing VHDL file "/home/graham/Dropbox/N3workingG/TE0722Rebuild/N3Vivado/TE0722TD/N3Z_TD_FIFO/N3Z_TD_FIFO.srcs/sources_1/bd/PS_PL/ip/PS_PL_n3z_tonetest_0_0/n3z_tonetest_fifo_generator_v13_1_i0/fifo_generator_v13_1_1/hdl/fifo_generator_v13_1_rfs.vhd" into library fifo_generator_v13_1_1
INFO: [VRFC 10-307] analyzing entity input_blk
INFO: [VRFC 10-307] analyzing entity output_blk
INFO: [VRFC 10-307] analyzing entity shft_wrapper
INFO: [VRFC 10-307] analyzing entity shft_ram
INFO: [VRFC 10-307] analyzing entity wr_pf_as
INFO: [VRFC 10-307] analyzing entity wr_pf_ss
INFO: [VRFC 10-307] analyzing entity rd_pe_as
INFO: [VRFC 10-307] analyzing entity rd_pe_ss
INFO: [VRFC 10-307] analyzing entity synchronizer_ff
INFO: [VRFC 10-307] analyzing entity delay
INFO: [VRFC 10-307] analyzing entity bin_cntr
INFO: [VRFC 10-307] analyzing entity clk_x_pntrs_builtin
INFO: [VRFC 10-307] analyzing entity logic_builtin
INFO: [VRFC 10-307] analyzing entity builtin_prim
INFO: [VRFC 10-307] analyzing entity builtin_extdepth
INFO: [VRFC 10-307] analyzing entity builtin_top
INFO: [VRFC 10-307] analyzing entity reset_builtin
INFO: [VRFC 10-307] analyzing entity builtin_prim_v6
INFO: [VRFC 10-307] analyzing entity builtin_extdepth_v6
INFO: [VRFC 10-307] analyzing entity builtin_extdepth_low_latency
INFO: [VRFC 10-307] analyzing entity builtin_top_v6
INFO: [VRFC 10-307] analyzing entity fifo_generator_v13_1_1_builtin
INFO: [VRFC 10-307] analyzing entity bram_sync_reg
INFO: [VRFC 10-307] analyzing entity bram_fifo_rstlogic
INFO: [VRFC 10-307] analyzing entity reset_blk_ramfifo
INFO: [VRFC 10-307] analyzing entity axi_reg_slice
INFO: [VRFC 10-307] analyzing entity fifo_generator_top
INFO: [VRFC 10-307] analyzing entity fifo_generator_v13_1_1_synth
INFO: [VRFC 10-163] Analyzing VHDL file "/home/graham/Dropbox/N3workingG/TE0722Rebuild/N3Vivado/TE0722TD/N3Z_TD_FIFO/N3Z_TD_FIFO.srcs/sources_1/bd/PS_PL/ip/PS_PL_n3z_tonetest_0_0/n3z_tonetest_mult_gen_v12_0_i0/xbip_bram18k_v3_0_2/hdl/xbip_bram18k_v3_0_vh_rfs.vhd" into library xbip_bram18k_v3_0_2
INFO: [VRFC 10-307] analyzing entity xbip_bram18k_synth
INFO: [VRFC 10-307] analyzing entity xbip_bram18k_rtl
INFO: [VRFC 10-307] analyzing entity xbip_bram18k_v3_0_2_viv
INFO: [VRFC 10-163] Analyzing VHDL file "/home/graham/Dropbox/N3workingG/TE0722Rebuild/N3Vivado/TE0722TD/N3Z_TD_FIFO/N3Z_TD_FIFO.srcs/sources_1/bd/PS_PL/ip/PS_PL_n3z_tonetest_0_0/n3z_tonetest_mult_gen_v12_0_i0/xbip_bram18k_v3_0_2/hdl/xbip_bram18k_v3_0.vhd" into library xbip_bram18k_v3_0_2
INFO: [VRFC 10-307] analyzing entity xbip_bram18k_v3_0_2
INFO: [VRFC 10-163] Analyzing VHDL file "/home/graham/Dropbox/N3workingG/TE0722Rebuild/N3Vivado/TE0722TD/N3Z_TD_FIFO/N3Z_TD_FIFO.srcs/sources_1/bd/PS_PL/ip/PS_PL_n3z_tonetest_0_0/n3z_tonetest_mult_gen_v12_0_i0/mult_gen_v12_0_11/hdl/mult_gen_v12_0_vh_rfs.vhd" into library mult_gen_v12_0_11
INFO: [VRFC 10-307] analyzing entity op_resize
INFO: [VRFC 10-307] analyzing entity delay_line
INFO: [VRFC 10-307] analyzing entity cc_compare
INFO: [VRFC 10-307] analyzing entity luts
INFO: [VRFC 10-307] analyzing entity mult18
INFO: [VRFC 10-307] analyzing entity dsp
INFO: [VRFC 10-307] analyzing entity hybrid
INFO: [VRFC 10-307] analyzing entity ccm_dist_mem
INFO: [VRFC 10-307] analyzing entity ccm_sp_block_mem
INFO: [VRFC 10-307] analyzing entity ccm_dp_block_mem
INFO: [VRFC 10-307] analyzing entity ccm_syncmem
INFO: [VRFC 10-307] analyzing entity ccm_scaled_adder
INFO: [VRFC 10-307] analyzing entity ccm_operation
INFO: [VRFC 10-307] analyzing entity ccm
INFO: [VRFC 10-307] analyzing entity three_input_adder
INFO: [VRFC 10-307] analyzing entity multmxn_lut6
INFO: [VRFC 10-307] analyzing entity mult_gen_v12_0_11_viv
INFO: [VRFC 10-163] Analyzing VHDL file "/home/graham/Dropbox/N3workingG/TE0722Rebuild/N3Vivado/TE0722TD/N3Z_TD_FIFO/N3Z_TD_FIFO.srcs/sources_1/bd/PS_PL/ip/PS_PL_n3z_tonetest_0_0/n3z_tonetest_mult_gen_v12_0_i0/mult_gen_v12_0_11/hdl/mult_gen_v12_0.vhd" into library mult_gen_v12_0_11
INFO: [VRFC 10-307] analyzing entity mult_gen_v12_0_11
INFO: [VRFC 10-163] Analyzing VHDL file "/home/graham/Dropbox/N3workingG/TE0722Rebuild/N3Vivado/TE0722TD/N3Z_TD_FIFO/N3Z_TD_FIFO.ip_user_files/bd/PS_PL/ip/PS_PL_n3z_tonetest_0_0/n3z_tonetest_mult_gen_v12_0_i0/sim/n3z_tonetest_mult_gen_v12_0_i0.vhd" into library mult_gen_v12_0_11
INFO: [VRFC 10-307] analyzing entity n3z_tonetest_mult_gen_v12_0_i0
INFO: [VRFC 10-163] Analyzing VHDL file "/home/graham/Dropbox/N3workingG/TE0722Rebuild/N3Vivado/TE0722TD/N3Z_TD_FIFO/N3Z_TD_FIFO.ip_user_files/bd/PS_PL/ip/PS_PL_n3z_tonetest_0_0/n3z_tonetest_mult_gen_v12_0_i1/sim/n3z_tonetest_mult_gen_v12_0_i1.vhd" into library mult_gen_v12_0_11
INFO: [VRFC 10-307] analyzing entity n3z_tonetest_mult_gen_v12_0_i1
INFO: [VRFC 10-163] Analyzing VHDL file "/home/graham/Dropbox/N3workingG/TE0722Rebuild/N3Vivado/TE0722TD/N3Z_TD_FIFO/N3Z_TD_FIFO.ip_user_files/bd/PS_PL/ip/PS_PL_n3z_tonetest_0_0/n3z_tonetest_mult_gen_v12_0_i2/sim/n3z_tonetest_mult_gen_v12_0_i2.vhd" into library mult_gen_v12_0_11
INFO: [VRFC 10-307] analyzing entity n3z_tonetest_mult_gen_v12_0_i2
INFO: [VRFC 10-163] Analyzing VHDL file "/home/graham/Dropbox/N3workingG/TE0722Rebuild/N3Vivado/TE0722TD/N3Z_TD_FIFO/N3Z_TD_FIFO.ip_user_files/bd/PS_PL/ip/PS_PL_n3z_tonetest_0_0/n3z_tonetest_mult_gen_v12_0_i3/sim/n3z_tonetest_mult_gen_v12_0_i3.vhd" into library mult_gen_v12_0_11
INFO: [VRFC 10-307] analyzing entity n3z_tonetest_mult_gen_v12_0_i3
INFO: [VRFC 10-163] Analyzing VHDL file "/home/graham/Dropbox/N3workingG/TE0722Rebuild/N3Vivado/TE0722TD/N3Z_TD_FIFO/N3Z_TD_FIFO.srcs/sources_1/bd/PS_PL/ipshared/associationnicola/n3z_tonetest_v1_09/hdl/conv_pkg.vhd" into library xil_defaultlib
INFO: [VRFC 10-163] Analyzing VHDL file "/home/graham/Dropbox/N3workingG/TE0722Rebuild/N3Vivado/TE0722TD/N3Z_TD_FIFO/N3Z_TD_FIFO.srcs/sources_1/bd/PS_PL/ipshared/associationnicola/n3z_tonetest_v1_09/hdl/synth_reg.vhd" into library xil_defaultlib
INFO: [VRFC 10-307] analyzing entity synth_reg
INFO: [VRFC 10-163] Analyzing VHDL file "/home/graham/Dropbox/N3workingG/TE0722Rebuild/N3Vivado/TE0722TD/N3Z_TD_FIFO/N3Z_TD_FIFO.srcs/sources_1/bd/PS_PL/ipshared/associationnicola/n3z_tonetest_v1_09/hdl/synth_reg_w_init.vhd" into library xil_defaultlib
INFO: [VRFC 10-307] analyzing entity synth_reg_w_init
INFO: [VRFC 10-163] Analyzing VHDL file "/home/graham/Dropbox/N3workingG/TE0722Rebuild/N3Vivado/TE0722TD/N3Z_TD_FIFO/N3Z_TD_FIFO.srcs/sources_1/bd/PS_PL/ipshared/associationnicola/n3z_tonetest_v1_09/hdl/srl17e.vhd" into library xil_defaultlib
INFO: [VRFC 10-307] analyzing entity srl17e
INFO: [VRFC 10-163] Analyzing VHDL file "/home/graham/Dropbox/N3workingG/TE0722Rebuild/N3Vivado/TE0722TD/N3Z_TD_FIFO/N3Z_TD_FIFO.srcs/sources_1/bd/PS_PL/ipshared/associationnicola/n3z_tonetest_v1_09/hdl/srl33e.vhd" into library xil_defaultlib
INFO: [VRFC 10-307] analyzing entity srlc33e
INFO: [VRFC 10-163] Analyzing VHDL file "/home/graham/Dropbox/N3workingG/TE0722Rebuild/N3Vivado/TE0722TD/N3Z_TD_FIFO/N3Z_TD_FIFO.srcs/sources_1/bd/PS_PL/ipshared/associationnicola/n3z_tonetest_v1_09/hdl/synth_reg_reg.vhd" into library xil_defaultlib
INFO: [VRFC 10-307] analyzing entity synth_reg_reg
INFO: [VRFC 10-163] Analyzing VHDL file "/home/graham/Dropbox/N3workingG/TE0722Rebuild/N3Vivado/TE0722TD/N3Z_TD_FIFO/N3Z_TD_FIFO.srcs/sources_1/bd/PS_PL/ipshared/associationnicola/n3z_tonetest_v1_09/hdl/single_reg_w_init.vhd" into library xil_defaultlib
INFO: [VRFC 10-307] analyzing entity single_reg_w_init
INFO: [VRFC 10-163] Analyzing VHDL file "/home/graham/Dropbox/N3workingG/TE0722Rebuild/N3Vivado/TE0722TD/N3Z_TD_FIFO/N3Z_TD_FIFO.srcs/sources_1/bd/PS_PL/ipshared/associationnicola/n3z_tonetest_v1_09/hdl/xlclockdriver_rd.vhd" into library xil_defaultlib
INFO: [VRFC 10-307] analyzing entity xlclockdriver
INFO: [VRFC 10-163] Analyzing VHDL file "/home/graham/Dropbox/N3workingG/TE0722Rebuild/N3Vivado/TE0722TD/N3Z_TD_FIFO/N3Z_TD_FIFO.srcs/sources_1/bd/PS_PL/ipshared/associationnicola/n3z_tonetest_v1_09/hdl/n3z_tonetest_entity_declarations.vhd" into library xil_defaultlib
INFO: [VRFC 10-307] analyzing entity sysgen_concat_8327f19d3f
INFO: [VRFC 10-307] analyzing entity sysgen_concat_70764c071c
INFO: [VRFC 10-307] analyzing entity sysgen_concat_6f3f039edd
INFO: [VRFC 10-307] analyzing entity sysgen_concat_a02e301377
INFO: [VRFC 10-307] analyzing entity sysgen_concat_7135b596a0
INFO: [VRFC 10-307] analyzing entity sysgen_concat_ad7d5ccd72
INFO: [VRFC 10-307] analyzing entity sysgen_constant_aa73bd71eb
INFO: [VRFC 10-307] analyzing entity sysgen_constant_95996df5e3
INFO: [VRFC 10-307] analyzing entity sysgen_constant_ed2983513d
INFO: [VRFC 10-307] analyzing entity sysgen_constant_f9ecb94ebe
INFO: [VRFC 10-307] analyzing entity sysgen_constant_43831abc60
INFO: [VRFC 10-307] analyzing entity sysgen_constant_727dcb5418
INFO: [VRFC 10-307] analyzing entity convert_func_call_n3z_tonetest_xlconvert
INFO: [VRFC 10-307] analyzing entity n3z_tonetest_xlconvert
INFO: [VRFC 10-307] analyzing entity n3z_tonetest_xlregister
INFO: [VRFC 10-307] analyzing entity n3z_tonetest_xldelay
INFO: [VRFC 10-307] analyzing entity sysgen_inverter_5105f17b7b
INFO: [VRFC 10-307] analyzing entity sysgen_inverter_a35fcdf048
INFO: [VRFC 10-307] analyzing entity sysgen_inverter_4e357e05b1
INFO: [VRFC 10-307] analyzing entity sysgen_logical_cddbae5b41
INFO: [VRFC 10-307] analyzing entity sysgen_logical_222ceed782
INFO: [VRFC 10-307] analyzing entity sysgen_logical_e45b646e6b
INFO: [VRFC 10-307] analyzing entity sysgen_logical_d2cee2c8ad
INFO: [VRFC 10-307] analyzing entity sysgen_logical_7eb4d35172
INFO: [VRFC 10-307] analyzing entity sysgen_logical_78a6f25df3
INFO: [VRFC 10-307] analyzing entity sysgen_mux_51a7972d3c
INFO: [VRFC 10-307] analyzing entity sysgen_mux_b3f130dff9
INFO: [VRFC 10-307] analyzing entity sysgen_mux_c3014f6b16
INFO: [VRFC 10-307] analyzing entity sysgen_mux_c18da20ebb
INFO: [VRFC 10-307] analyzing entity sysgen_reinterpret_bce6d4f7b3
INFO: [VRFC 10-307] analyzing entity sysgen_reinterpret_8b540ca26d
INFO: [VRFC 10-307] analyzing entity sysgen_reinterpret_70903483da
INFO: [VRFC 10-307] analyzing entity sysgen_reinterpret_0aab830ee0
INFO: [VRFC 10-307] analyzing entity sysgen_relational_15640a82da
INFO: [VRFC 10-307] analyzing entity sysgen_relational_eb56806bdd
INFO: [VRFC 10-307] analyzing entity sysgen_relational_a8082771c2
INFO: [VRFC 10-307] analyzing entity n3z_tonetest_xlslice
INFO: [VRFC 10-307] analyzing entity sysgen_concat_73376b6c30
INFO: [VRFC 10-307] analyzing entity sysgen_constant_e539002db5
INFO: [VRFC 10-307] analyzing entity sysgen_constant_a9615b3741
INFO: [VRFC 10-307] analyzing entity sysgen_counter_d6d8543bb8
INFO: [VRFC 10-307] analyzing entity sysgen_relational_ef59dabc43
INFO: [VRFC 10-307] analyzing entity sysgen_accum_7ce6ed9657
INFO: [VRFC 10-307] analyzing entity sysgen_constant_ade4088759
INFO: [VRFC 10-307] analyzing entity sysgen_constant_173715c57c
INFO: [VRFC 10-307] analyzing entity sysgen_relational_90fd6f9dd3
INFO: [VRFC 10-307] analyzing entity sysgen_logical_e7013a6c42
INFO: [VRFC 10-307] analyzing entity sysgen_concat_3097dd369f
INFO: [VRFC 10-307] analyzing entity sysgen_constant_2780f822c8
INFO: [VRFC 10-307] analyzing entity sysgen_constant_e5b787ccc8
INFO: [VRFC 10-307] analyzing entity sysgen_relational_a9bcc6fcd1
INFO: [VRFC 10-307] analyzing entity sysgen_relational_fd8438917a
INFO: [VRFC 10-307] analyzing entity sysgen_concat_3468eb371a
INFO: [VRFC 10-307] analyzing entity sysgen_addsub_909e183af5
INFO: [VRFC 10-307] analyzing entity sysgen_addsub_da2aa58f7c
INFO: [VRFC 10-307] analyzing entity xlpassthrough
INFO: [VRFC 10-307] analyzing entity sysgen_concat_0b0b5b091f
INFO: [VRFC 10-307] analyzing entity sysgen_constant_c0edae39a5
INFO: [VRFC 10-307] analyzing entity kcpsm6
INFO: [VRFC 10-307] analyzing entity sysgen_concat_e89a3b98d5
INFO: [VRFC 10-307] analyzing entity sysgen_concat_c027f7f292
INFO: [VRFC 10-307] analyzing entity sysgen_constant_1eb6753fd5
INFO: [VRFC 10-307] analyzing entity sysgen_mux_ad8f8562f0
INFO: [VRFC 10-307] analyzing entity sysgen_concat_0a45c5a438
INFO: [VRFC 10-307] analyzing entity sysgen_concat_69beafd7ba
INFO: [VRFC 10-307] analyzing entity sysgen_constant_9d0d8dba2f
INFO: [VRFC 10-307] analyzing entity sysgen_relational_9e4476deab
INFO: [VRFC 10-307] analyzing entity sysgen_constant_4190c690be
INFO: [VRFC 10-307] analyzing entity sysgen_constant_c00788aea8
INFO: [VRFC 10-307] analyzing entity sysgen_constant_e09cd2cc02
INFO: [VRFC 10-307] analyzing entity sysgen_constant_821288e337
INFO: [VRFC 10-307] analyzing entity sysgen_constant_6aeed7700f
INFO: [VRFC 10-307] analyzing entity sysgen_constant_4dee2ca19f
INFO: [VRFC 10-307] analyzing entity sysgen_constant_2f41f97971
INFO: [VRFC 10-307] analyzing entity sysgen_constant_7ac4993069
INFO: [VRFC 10-307] analyzing entity sysgen_constant_b6f29614f9
INFO: [VRFC 10-307] analyzing entity sysgen_constant_f89c3d03e9
INFO: [VRFC 10-307] analyzing entity sysgen_constant_a218a1253f
INFO: [VRFC 10-307] analyzing entity sysgen_constant_073cc76cc2
INFO: [VRFC 10-307] analyzing entity sysgen_constant_871182b3d0
INFO: [VRFC 10-307] analyzing entity sysgen_constant_112f602149
INFO: [VRFC 10-307] analyzing entity sysgen_constant_47508c1bc7
INFO: [VRFC 10-307] analyzing entity sysgen_constant_d383ad7533
INFO: [VRFC 10-307] analyzing entity sysgen_constant_d3486b10be
INFO: [VRFC 10-307] analyzing entity sysgen_constant_37c57ab154
INFO: [VRFC 10-307] analyzing entity sysgen_constant_ac9067f0a9
INFO: [VRFC 10-307] analyzing entity sysgen_constant_c34ec3e52a
INFO: [VRFC 10-307] analyzing entity sysgen_constant_1a4e0cfb40
INFO: [VRFC 10-307] analyzing entity sysgen_constant_845cff379f
INFO: [VRFC 10-307] analyzing entity sysgen_constant_e05d28d7b0
INFO: [VRFC 10-307] analyzing entity sysgen_constant_8f1ac0bb1b
INFO: [VRFC 10-307] analyzing entity sysgen_constant_731ac842ab
INFO: [VRFC 10-307] analyzing entity sysgen_constant_2fb1f15adb
INFO: [VRFC 10-307] analyzing entity sysgen_constant_00dfbd154d
INFO: [VRFC 10-307] analyzing entity sysgen_accum_655e1dcf1c
INFO: [VRFC 10-307] analyzing entity sysgen_constant_d5e395a873
INFO: [VRFC 10-307] analyzing entity sysgen_concat_29359719ea
INFO: [VRFC 10-307] analyzing entity sysgen_concat_df4adc5aa1
INFO: [VRFC 10-307] analyzing entity sysgen_concat_c972ec02f4
INFO: [VRFC 10-307] analyzing entity sysgen_mux_01f180e972
INFO: [VRFC 10-307] analyzing entity sysgen_mux_0c551e4813
INFO: [VRFC 10-307] analyzing entity sysgen_mux_d788387139
INFO: [VRFC 10-307] analyzing entity sysgen_reinterpret_93768b945e
INFO: [VRFC 10-307] analyzing entity sysgen_concat_0a0e933569
INFO: [VRFC 10-307] analyzing entity sysgen_concat_cb04417d34
INFO: [VRFC 10-307] analyzing entity sysgen_concat_4e866f198a
INFO: [VRFC 10-307] analyzing entity sysgen_concat_f7e97768de
INFO: [VRFC 10-307] analyzing entity sysgen_concat_2dec865db8
INFO: [VRFC 10-307] analyzing entity sysgen_concat_cc27c1e9a8
INFO: [VRFC 10-307] analyzing entity sysgen_constant_a0d784c0dd
INFO: [VRFC 10-307] analyzing entity sysgen_constant_90e08939e1
INFO: [VRFC 10-307] analyzing entity sysgen_constant_5c721efa33
INFO: [VRFC 10-307] analyzing entity sysgen_logical_03bb0ceeeb
INFO: [VRFC 10-307] analyzing entity sysgen_mux_694efeab37
INFO: [VRFC 10-307] analyzing entity sysgen_mux_7f11b167ea
INFO: [VRFC 10-307] analyzing entity sysgen_reinterpret_b3084df45c
INFO: [VRFC 10-307] analyzing entity sysgen_accum_f435551619
INFO: [VRFC 10-307] analyzing entity sysgen_concat_9fe97968f8
INFO: [VRFC 10-307] analyzing entity sysgen_mux_0f61a6a8ef
INFO: [VRFC 10-307] analyzing entity sysgen_reinterpret_10a2a2cdc6
INFO: [VRFC 10-307] analyzing entity sysgen_constant_fe66a4e73b
INFO: [VRFC 10-307] analyzing entity sysgen_relational_a38da1e39a
INFO: [VRFC 10-307] analyzing entity sysgen_bitbasher_e7970768b1
INFO: [VRFC 10-307] analyzing entity sysgen_bitbasher_a4c48cb4c6
INFO: [VRFC 10-307] analyzing entity sysgen_bitbasher_e5b9bd11ba
INFO: [VRFC 10-307] analyzing entity sysgen_accum_f7268c511b
INFO: [VRFC 10-307] analyzing entity sysgen_accum_b0a8506b02
INFO: [VRFC 10-307] analyzing entity sysgen_constant_a3235e36b1
INFO: [VRFC 10-307] analyzing entity sysgen_constant_bd297e968a
INFO: [VRFC 10-307] analyzing entity sysgen_logical_ea7bc0468a
INFO: [VRFC 10-307] analyzing entity sysgen_mux_78005b416f
INFO: [VRFC 10-307] analyzing entity sysgen_bitbasher_98fbdd9c51
INFO: [VRFC 10-307] analyzing entity sysgen_bitbasher_3d92772749
INFO: [VRFC 10-307] analyzing entity sysgen_bitbasher_9a1c468a02
INFO: [VRFC 10-307] analyzing entity sysgen_relational_71869bf5c6
INFO: [VRFC 10-307] analyzing entity sysgen_concat_30cbfc2d25
INFO: [VRFC 10-307] analyzing entity sysgen_constant_7f14361dbf
INFO: [VRFC 10-307] analyzing entity sysgen_logical_41c8cd19f6
INFO: [VRFC 10-307] analyzing entity sysgen_mux_4dadff0a56
INFO: [VRFC 10-307] analyzing entity sysgen_relational_e71d3c6531
INFO: [VRFC 10-307] analyzing entity sysgen_counter_0d564c4081
INFO: [VRFC 10-307] analyzing entity sysgen_relational_e7217667d7
INFO: [VRFC 10-307] analyzing entity sysgen_relational_de33fa5c1a
INFO: [VRFC 10-307] analyzing entity sysgen_reinterpret_938b6a704d
INFO: [VRFC 10-307] analyzing entity sysgen_concat_98f9db0373
INFO: [VRFC 10-307] analyzing entity sysgen_concat_cd0d06caf2
INFO: [VRFC 10-307] analyzing entity sysgen_accum_fff4f158ea
INFO: [VRFC 10-307] analyzing entity sysgen_concat_7898937da8
INFO: [VRFC 10-307] analyzing entity sysgen_concat_7f250806b7
INFO: [VRFC 10-307] analyzing entity sysgen_constant_1315fc97a9
INFO: [VRFC 10-307] analyzing entity sysgen_logical_f48e67331f
INFO: [VRFC 10-307] analyzing entity sysgen_mux_05a9e9736c
INFO: [VRFC 10-307] analyzing entity sysgen_accum_6bc94263f5
INFO: [VRFC 10-307] analyzing entity sysgen_concat_c95b4fd9a5
INFO: [VRFC 10-307] analyzing entity sysgen_relational_1346821100
INFO: [VRFC 10-307] analyzing entity sysgen_relational_58583f9b7b
INFO: [VRFC 10-307] analyzing entity sysgen_concat_0d27e87d86
INFO: [VRFC 10-307] analyzing entity sysgen_constant_f948f4cbc9
INFO: [VRFC 10-307] analyzing entity sysgen_constant_74a583781e
INFO: [VRFC 10-307] analyzing entity sysgen_mux_23d9ca36d1
INFO: [VRFC 10-307] analyzing entity sysgen_relational_2ff909d7aa
INFO: [VRFC 10-307] analyzing entity sysgen_relational_b71d0844b7
INFO: [VRFC 10-307] analyzing entity sysgen_mux_fabffae51a
INFO: [VRFC 10-307] analyzing entity sysgen_constant_c91082eec8
INFO: [VRFC 10-307] analyzing entity sysgen_relational_35db827390
INFO: [VRFC 10-307] analyzing entity sysgen_mux_2f79518f68
INFO: [VRFC 10-307] analyzing entity sysgen_concat_070b4565d5
INFO: [VRFC 10-307] analyzing entity sysgen_concat_57d1d7f0b4
INFO: [VRFC 10-307] analyzing entity sysgen_concat_69e08b2947
INFO: [VRFC 10-307] analyzing entity sysgen_concat_a9669812bf
INFO: [VRFC 10-307] analyzing entity sysgen_constant_87a7c4caa7
INFO: [VRFC 10-307] analyzing entity sysgen_constant_ed3ca9b237
INFO: [VRFC 10-307] analyzing entity sysgen_constant_afbe4cb741
INFO: [VRFC 10-307] analyzing entity sysgen_constant_542a2e0340
INFO: [VRFC 10-307] analyzing entity sysgen_constant_4224fbce52
INFO: [VRFC 10-307] analyzing entity sysgen_constant_d04e2b4d34
INFO: [VRFC 10-307] analyzing entity sysgen_constant_c22280d55e
INFO: [VRFC 10-307] analyzing entity sysgen_logical_871ea0e105
INFO: [VRFC 10-307] analyzing entity n3z_tonetest_axi_lite_interface
INFO: [VRFC 10-307] analyzing entity n3z_tonetest_xladdsub
INFO: [VRFC 10-307] analyzing entity n3z_tonetest_xladdsubmode
INFO: [VRFC 10-307] analyzing entity n3z_tonetest_xlcmult
INFO: [VRFC 10-307] analyzing entity n3z_tonetest_xlcounter_free
INFO: [VRFC 10-307] analyzing entity n3z_tonetest_xlcounter_limit
INFO: [VRFC 10-307] analyzing entity n3z_tonetest_xldpram
INFO: [VRFC 10-307] analyzing entity n3z_tonetest_xlfifogen
INFO: [VRFC 10-307] analyzing entity n3z_tonetest_xlmult
INFO: [VRFC 10-307] analyzing entity n3z_tonetest_xlsprom
INFO: [VRFC 10-307] analyzing entity n3z_tonetest_xlsprom_dist
INFO: [VRFC 10-163] Analyzing VHDL file "/home/graham/Dropbox/N3workingG/TE0722Rebuild/N3Vivado/TE0722TD/N3Z_TD_FIFO/N3Z_TD_FIFO.srcs/sources_1/bd/PS_PL/ipshared/associationnicola/n3z_tonetest_v1_09/hdl/n3z_tonetest.vhd" into library xil_defaultlib
INFO: [VRFC 10-307] analyzing entity n3z_tonetest_monostable1_x6
INFO: [VRFC 10-307] analyzing entity n3z_tonetest_monostable2_x5
INFO: [VRFC 10-307] analyzing entity n3z_tonetest_sckgenerator
INFO: [VRFC 10-307] analyzing entity n3z_tonetest_subsystem1_x4
INFO: [VRFC 10-307] analyzing entity n3z_tonetest_adcread
INFO: [VRFC 10-307] analyzing entity n3z_tonetest_monostable1_x7
INFO: [VRFC 10-307] analyzing entity n3z_tonetest_adctrigger
INFO: [VRFC 10-307] analyzing entity n3z_tonetest_bit_corrector
INFO: [VRFC 10-307] analyzing entity n3z_tonetest_bit_corrector1
INFO: [VRFC 10-307] analyzing entity n3z_tonetest_monostable_x6
INFO: [VRFC 10-307] analyzing entity n3z_tonetest_monostable1_x8
INFO: [VRFC 10-307] analyzing entity n3z_tonetest_constantdetect
INFO: [VRFC 10-307] analyzing entity n3z_tonetest_dac_xapp154_1
INFO: [VRFC 10-307] analyzing entity n3z_tonetest_buffer_x0
INFO: [VRFC 10-307] analyzing entity n3z_tonetest_inputselect
INFO: [VRFC 10-307] analyzing entity n3z_tonetest_monostable1_x9
INFO: [VRFC 10-307] analyzing entity n3z_tonetest_monostable2_x6
INFO: [VRFC 10-307] analyzing entity n3z_tonetest_monostable_x7
INFO: [VRFC 10-307] analyzing entity n3z_tonetest_monostable2_x4
INFO: [VRFC 10-307] analyzing entity n3z_tonetest_levelmonitor_x0
INFO: [VRFC 10-307] analyzing entity n3z_tonetest_monostable_x5
INFO: [VRFC 10-307] analyzing entity n3z_tonetest_monostable2_x3
INFO: [VRFC 10-307] analyzing entity n3z_tonetest_levelmonitor1_x0
INFO: [VRFC 10-307] analyzing entity n3z_tonetest_subsystem_x1
INFO: [VRFC 10-307] analyzing entity n3z_tonetest_subsystem1_x3
INFO: [VRFC 10-307] analyzing entity n3z_tonetest_subsystem10_x0
INFO: [VRFC 10-307] analyzing entity n3z_tonetest_subsystem11_x0
INFO: [VRFC 10-307] analyzing entity n3z_tonetest_subsystem12_x0
INFO: [VRFC 10-307] analyzing entity n3z_tonetest_subsystem13_x0
INFO: [VRFC 10-307] analyzing entity n3z_tonetest_subsystem15_x0
INFO: [VRFC 10-307] analyzing entity n3z_tonetest_subsystem16_x0
INFO: [VRFC 10-307] analyzing entity n3z_tonetest_subsystem17
INFO: [VRFC 10-307] analyzing entity n3z_tonetest_subsystem18
INFO: [VRFC 10-307] analyzing entity n3z_tonetest_subsystem2_x2
INFO: [VRFC 10-307] analyzing entity n3z_tonetest_subsystem23_x0
INFO: [VRFC 10-307] analyzing entity n3z_tonetest_subsystem24
INFO: [VRFC 10-307] analyzing entity n3z_tonetest_subsystem25
INFO: [VRFC 10-307] analyzing entity n3z_tonetest_subsystem26
INFO: [VRFC 10-307] analyzing entity n3z_tonetest_subsystem27
INFO: [VRFC 10-307] analyzing entity n3z_tonetest_subsystem28
INFO: [VRFC 10-307] analyzing entity n3z_tonetest_subsystem3_x2
INFO: [VRFC 10-307] analyzing entity n3z_tonetest_subsystem4_x2
INFO: [VRFC 10-307] analyzing entity n3z_tonetest_subsystem5_x2
INFO: [VRFC 10-307] analyzing entity n3z_tonetest_subsystem6_x2
INFO: [VRFC 10-307] analyzing entity n3z_tonetest_subsystem7_x2
INFO: [VRFC 10-307] analyzing entity n3z_tonetest_subsystem8_x2
INFO: [VRFC 10-307] analyzing entity n3z_tonetest_subsystem9_x1
INFO: [VRFC 10-307] analyzing entity n3z_tonetest_outputregister_x1
INFO: [VRFC 10-307] analyzing entity n3z_tonetest_dsprocessor1
INFO: [VRFC 10-307] analyzing entity n3z_tonetest_delay16ms
INFO: [VRFC 10-307] analyzing entity n3z_tonetest_latch_x2
INFO: [VRFC 10-307] analyzing entity n3z_tonetest_monostable_x11
INFO: [VRFC 10-307] analyzing entity n3z_tonetest_monostable1_x11
INFO: [VRFC 10-307] analyzing entity n3z_tonetest_filter1
INFO: [VRFC 10-307] analyzing entity n3z_tonetest_agcandfilter1
INFO: [VRFC 10-307] analyzing entity n3z_tonetest_ctrlbitsequenceaddress
INFO: [VRFC 10-307] analyzing entity n3z_tonetest_ctrlsequencer
INFO: [VRFC 10-307] analyzing entity n3z_tonetest_3lineto8way_x0
INFO: [VRFC 10-307] analyzing entity n3z_tonetest_trigdistrib
INFO: [VRFC 10-307] analyzing entity n3z_tonetest_3lineto8way
INFO: [VRFC 10-307] analyzing entity n3z_tonetest_trigdistrib1
INFO: [VRFC 10-307] analyzing entity n3z_tonetest_filterstreamintegration
INFO: [VRFC 10-307] analyzing entity n3z_tonetest_monostable_x8
INFO: [VRFC 10-307] analyzing entity n3z_tonetest_monostable_x9
INFO: [VRFC 10-307] analyzing entity n3z_tonetest_streamcontrol1
INFO: [VRFC 10-307] analyzing entity n3z_tonetest_demodulationssb1
INFO: [VRFC 10-307] analyzing entity n3z_tonetest_buffer_x1
INFO: [VRFC 10-307] analyzing entity n3z_tonetest_monostable_x10
INFO: [VRFC 10-307] analyzing entity n3z_tonetest_monostable1_x10
INFO: [VRFC 10-307] analyzing entity n3z_tonetest_monostable2_x7
INFO: [VRFC 10-307] analyzing entity n3z_tonetest_subsystem1_x5
INFO: [VRFC 10-307] analyzing entity n3z_tonetest_subsystem10_x1
INFO: [VRFC 10-307] analyzing entity n3z_tonetest_subsystem11_x1
INFO: [VRFC 10-307] analyzing entity n3z_tonetest_subsystem12_x1
INFO: [VRFC 10-307] analyzing entity n3z_tonetest_subsystem13_x1
INFO: [VRFC 10-307] analyzing entity n3z_tonetest_subsystem14_x0
INFO: [VRFC 10-307] analyzing entity n3z_tonetest_subsystem2_x3
INFO: [VRFC 10-307] analyzing entity n3z_tonetest_subsystem3_x1
INFO: [VRFC 10-307] analyzing entity n3z_tonetest_subsystem4_x1
INFO: [VRFC 10-307] analyzing entity n3z_tonetest_subsystem5_x1
INFO: [VRFC 10-307] analyzing entity n3z_tonetest_subsystem6_x1
INFO: [VRFC 10-307] analyzing entity n3z_tonetest_subsystem7_x1
INFO: [VRFC 10-307] analyzing entity n3z_tonetest_subsystem8_x1
INFO: [VRFC 10-307] analyzing entity n3z_tonetest_subsystem9
INFO: [VRFC 10-307] analyzing entity n3z_tonetest_outputregister_x2
INFO: [VRFC 10-307] analyzing entity n3z_tonetest_keypadinterface
INFO: [VRFC 10-307] analyzing entity n3z_tonetest_latch_x1
INFO: [VRFC 10-307] analyzing entity n3z_tonetest_latch1
INFO: [VRFC 10-307] analyzing entity n3z_tonetest_monostable_x1
INFO: [VRFC 10-307] analyzing entity n3z_tonetest_monostable1_x2
INFO: [VRFC 10-307] analyzing entity n3z_tonetest_levelmonitor
INFO: [VRFC 10-307] analyzing entity n3z_tonetest_monostable1_x3
INFO: [VRFC 10-307] analyzing entity n3z_tonetest_levelmonitor1
INFO: [VRFC 10-307] analyzing entity n3z_tonetest_monostable_x2
INFO: [VRFC 10-307] analyzing entity n3z_tonetest_fastlevelmonitor
INFO: [VRFC 10-307] analyzing entity n3z_tonetest_lorantrigger
INFO: [VRFC 10-307] analyzing entity n3z_tonetest_eighth
INFO: [VRFC 10-307] analyzing entity n3z_tonetest_half
INFO: [VRFC 10-307] analyzing entity n3z_tonetest_half1
INFO: [VRFC 10-307] analyzing entity n3z_tonetest_quarter
INFO: [VRFC 10-307] analyzing entity n3z_tonetest_quarter2
INFO: [VRFC 10-307] analyzing entity n3z_tonetest_lranpass
INFO: [VRFC 10-307] analyzing entity n3z_tonetest_loranpulsedetect
INFO: [VRFC 10-307] analyzing entity n3z_tonetest_monostable_x3
INFO: [VRFC 10-307] analyzing entity n3z_tonetest_monostable1_x4
INFO: [VRFC 10-307] analyzing entity n3z_tonetest_monostable2_x2
INFO: [VRFC 10-307] analyzing entity n3z_tonetest_monostable3_x0
INFO: [VRFC 10-307] analyzing entity n3z_tonetest_monostable4
INFO: [VRFC 10-307] analyzing entity n3z_tonetest_monostable5
INFO: [VRFC 10-307] analyzing entity n3z_tonetest_monostable6
INFO: [VRFC 10-307] analyzing entity n3z_tonetest_monostable7
INFO: [VRFC 10-307] analyzing entity n3z_tonetest_latch
INFO: [VRFC 10-307] analyzing entity n3z_tonetest_monostable1
INFO: [VRFC 10-307] analyzing entity n3z_tonetest_monostable2_x0
INFO: [VRFC 10-307] analyzing entity n3z_tonetest_monostable3
INFO: [VRFC 10-307] analyzing entity n3z_tonetest_rampgen
INFO: [VRFC 10-307] analyzing entity n3z_tonetest_subsystem
INFO: [VRFC 10-307] analyzing entity n3z_tonetest_ssbmodulator
INFO: [VRFC 10-307] analyzing entity n3z_tonetest_signed_unsigned_offset
INFO: [VRFC 10-307] analyzing entity n3z_tonetest_monostable2_x1
INFO: [VRFC 10-307] analyzing entity n3z_tonetest_monostable1_x0
INFO: [VRFC 10-307] analyzing entity n3z_tonetest_monostable2
INFO: [VRFC 10-307] analyzing entity n3z_tonetest_subsystem1_x0
INFO: [VRFC 10-307] analyzing entity n3z_tonetest_subsystem1
INFO: [VRFC 10-307] analyzing entity n3z_tonetest_divide2
INFO: [VRFC 10-307] analyzing entity n3z_tonetest_latch_x0
INFO: [VRFC 10-307] analyzing entity n3z_tonetest_monostable
INFO: [VRFC 10-307] analyzing entity n3z_tonetest_subsystem2
INFO: [VRFC 10-307] analyzing entity n3z_tonetest_monostable_x0
INFO: [VRFC 10-307] analyzing entity n3z_tonetest_monostable1_x1
INFO: [VRFC 10-307] analyzing entity n3z_tonetest_monostable1_x5
INFO: [VRFC 10-307] analyzing entity n3z_tonetest_pcmclock
INFO: [VRFC 10-307] analyzing entity n3z_tonetest_subsystem4
INFO: [VRFC 10-307] analyzing entity n3z_tonetest_monostable_x4
INFO: [VRFC 10-307] analyzing entity n3z_tonetest_subsystem10
INFO: [VRFC 10-307] analyzing entity n3z_tonetest_subsystem11
INFO: [VRFC 10-307] analyzing entity n3z_tonetest_subsystem12
INFO: [VRFC 10-307] analyzing entity n3z_tonetest_subsystem2_x1
INFO: [VRFC 10-307] analyzing entity n3z_tonetest_subsystem3_x0
INFO: [VRFC 10-307] analyzing entity n3z_tonetest_subsystem5_x0
INFO: [VRFC 10-307] analyzing entity n3z_tonetest_subsystem6_x0
INFO: [VRFC 10-307] analyzing entity n3z_tonetest_subsystem7_x0
INFO: [VRFC 10-307] analyzing entity n3z_tonetest_subsystem8_x0
INFO: [VRFC 10-307] analyzing entity n3z_tonetest_subsystem9_x0
INFO: [VRFC 10-307] analyzing entity n3z_tonetest_outputregister
INFO: [VRFC 10-307] analyzing entity n3z_tonetest_tonedetect
INFO: [VRFC 10-307] analyzing entity n3z_tonetest_buffer
INFO: [VRFC 10-307] analyzing entity n3z_tonetest_buffer2
INFO: [VRFC 10-307] analyzing entity n3z_tonetest_buffer3
INFO: [VRFC 10-307] analyzing entity n3z_tonetest_subsystem_x0
INFO: [VRFC 10-307] analyzing entity n3z_tonetest_pulse2
INFO: [VRFC 10-307] analyzing entity n3z_tonetest_subsystem1_x2
INFO: [VRFC 10-307] analyzing entity n3z_tonetest_subsystem13
INFO: [VRFC 10-307] analyzing entity n3z_tonetest_subsystem14
INFO: [VRFC 10-307] analyzing entity n3z_tonetest_subsystem15
INFO: [VRFC 10-307] analyzing entity n3z_tonetest_subsystem16
INFO: [VRFC 10-307] analyzing entity n3z_tonetest_subsystem19
INFO: [VRFC 10-307] analyzing entity n3z_tonetest_subsystem2_x0
INFO: [VRFC 10-307] analyzing entity n3z_tonetest_subsystem21
INFO: [VRFC 10-307] analyzing entity n3z_tonetest_subsystem22
INFO: [VRFC 10-307] analyzing entity n3z_tonetest_subsystem23
INFO: [VRFC 10-307] analyzing entity n3z_tonetest_subsystem3
INFO: [VRFC 10-307] analyzing entity n3z_tonetest_subsystem4_x0
INFO: [VRFC 10-307] analyzing entity n3z_tonetest_subsystem5
INFO: [VRFC 10-307] analyzing entity n3z_tonetest_subsystem6
INFO: [VRFC 10-307] analyzing entity n3z_tonetest_subsystem7
INFO: [VRFC 10-307] analyzing entity n3z_tonetest_subsystem8
INFO: [VRFC 10-307] analyzing entity n3z_tonetest_outputregister_x0
INFO: [VRFC 10-307] analyzing entity n3z_tonetest_subsystem1_x1
INFO: [VRFC 10-307] analyzing entity n3z_tonetest_user_interface
INFO: [VRFC 10-307] analyzing entity n3z_tonetest_struct
INFO: [VRFC 10-307] analyzing entity n3z_tonetest_default_clock_driver
INFO: [VRFC 10-307] analyzing entity n3z_tonetest
INFO: [VRFC 10-163] Analyzing VHDL file "/home/graham/Dropbox/N3workingG/TE0722Rebuild/N3Vivado/TE0722TD/N3Z_TD_FIFO/N3Z_TD_FIFO.ip_user_files/ipstatic/lib_cdc_v1_0/hdl/src/vhdl/cdc_sync.vhd" into library lib_cdc_v1_0_2
INFO: [VRFC 10-307] analyzing entity cdc_sync
INFO: [VRFC 10-163] Analyzing VHDL file "/home/graham/Dropbox/N3workingG/TE0722Rebuild/N3Vivado/TE0722TD/N3Z_TD_FIFO/N3Z_TD_FIFO.ip_user_files/ipstatic/proc_sys_reset_v5_0/hdl/src/vhdl/upcnt_n.vhd" into library proc_sys_reset_v5_0_9
INFO: [VRFC 10-307] analyzing entity upcnt_n
INFO: [VRFC 10-163] Analyzing VHDL file "/home/graham/Dropbox/N3workingG/TE0722Rebuild/N3Vivado/TE0722TD/N3Z_TD_FIFO/N3Z_TD_FIFO.ip_user_files/ipstatic/proc_sys_reset_v5_0/hdl/src/vhdl/sequence_psr.vhd" into library proc_sys_reset_v5_0_9
INFO: [VRFC 10-307] analyzing entity sequence_psr
INFO: [VRFC 10-163] Analyzing VHDL file "/home/graham/Dropbox/N3workingG/TE0722Rebuild/N3Vivado/TE0722TD/N3Z_TD_FIFO/N3Z_TD_FIFO.ip_user_files/ipstatic/proc_sys_reset_v5_0/hdl/src/vhdl/lpf.vhd" into library proc_sys_reset_v5_0_9
INFO: [VRFC 10-307] analyzing entity lpf
INFO: [VRFC 10-163] Analyzing VHDL file "/home/graham/Dropbox/N3workingG/TE0722Rebuild/N3Vivado/TE0722TD/N3Z_TD_FIFO/N3Z_TD_FIFO.ip_user_files/ipstatic/proc_sys_reset_v5_0/hdl/src/vhdl/proc_sys_reset.vhd" into library proc_sys_reset_v5_0_9
INFO: [VRFC 10-307] analyzing entity proc_sys_reset
INFO: [VRFC 10-163] Analyzing VHDL file "/home/graham/Dropbox/N3workingG/TE0722Rebuild/N3Vivado/TE0722TD/N3Z_TD_FIFO/N3Z_TD_FIFO.ip_user_files/bd/PS_PL/ip/PS_PL_rst_clk_wiz_0_49M_0/sim/PS_PL_rst_clk_wiz_0_49M_0.vhd" into library xil_defaultlib
INFO: [VRFC 10-307] analyzing entity PS_PL_rst_clk_wiz_0_49M_0
INFO: [VRFC 10-163] Analyzing VHDL file "/home/graham/Dropbox/N3workingG/TE0722Rebuild/N3Vivado/TE0722TD/N3Z_TD_FIFO/N3Z_TD_FIFO.ip_user_files/ipstatic/axi_lite_ipif_v3_0/hdl/src/vhdl/ipif_pkg.vhd" into library axi_lite_ipif_v3_0_4
INFO: [VRFC 10-163] Analyzing VHDL file "/home/graham/Dropbox/N3workingG/TE0722Rebuild/N3Vivado/TE0722TD/N3Z_TD_FIFO/N3Z_TD_FIFO.ip_user_files/ipstatic/axi_lite_ipif_v3_0/hdl/src/vhdl/pselect_f.vhd" into library axi_lite_ipif_v3_0_4
INFO: [VRFC 10-307] analyzing entity pselect_f
INFO: [VRFC 10-163] Analyzing VHDL file "/home/graham/Dropbox/N3workingG/TE0722Rebuild/N3Vivado/TE0722TD/N3Z_TD_FIFO/N3Z_TD_FIFO.ip_user_files/ipstatic/axi_lite_ipif_v3_0/hdl/src/vhdl/address_decoder.vhd" into library axi_lite_ipif_v3_0_4
INFO: [VRFC 10-307] analyzing entity address_decoder
INFO: [VRFC 10-163] Analyzing VHDL file "/home/graham/Dropbox/N3workingG/TE0722Rebuild/N3Vivado/TE0722TD/N3Z_TD_FIFO/N3Z_TD_FIFO.ip_user_files/ipstatic/axi_lite_ipif_v3_0/hdl/src/vhdl/slave_attachment.vhd" into library axi_lite_ipif_v3_0_4
INFO: [VRFC 10-307] analyzing entity slave_attachment
INFO: [VRFC 10-163] Analyzing VHDL file "/home/graham/Dropbox/N3workingG/TE0722Rebuild/N3Vivado/TE0722TD/N3Z_TD_FIFO/N3Z_TD_FIFO.ip_user_files/ipstatic/axi_lite_ipif_v3_0/hdl/src/vhdl/axi_lite_ipif.vhd" into library axi_lite_ipif_v3_0_4
INFO: [VRFC 10-307] analyzing entity axi_lite_ipif
INFO: [VRFC 10-163] Analyzing VHDL file "/home/graham/Dropbox/N3workingG/TE0722Rebuild/N3Vivado/TE0722TD/N3Z_TD_FIFO/N3Z_TD_FIFO.ip_user_files/ipstatic/lib_pkg_v1_0/hdl/src/vhdl/lib_pkg.vhd" into library lib_pkg_v1_0_2
INFO: [VRFC 10-163] Analyzing VHDL file "/home/graham/Dropbox/N3workingG/TE0722Rebuild/N3Vivado/TE0722TD/N3Z_TD_FIFO/N3Z_TD_FIFO.ip_user_files/ipstatic/lib_fifo_v1_0/hdl/src/vhdl/async_fifo_fg.vhd" into library lib_fifo_v1_0_5
INFO: [VRFC 10-307] analyzing entity async_fifo_fg
INFO: [VRFC 10-163] Analyzing VHDL file "/home/graham/Dropbox/N3workingG/TE0722Rebuild/N3Vivado/TE0722TD/N3Z_TD_FIFO/N3Z_TD_FIFO.ip_user_files/ipstatic/lib_fifo_v1_0/hdl/src/vhdl/sync_fifo_fg.vhd" into library lib_fifo_v1_0_5
INFO: [VRFC 10-307] analyzing entity sync_fifo_fg
INFO: [VRFC 10-163] Analyzing VHDL file "/home/graham/Dropbox/N3workingG/TE0722Rebuild/N3Vivado/TE0722TD/N3Z_TD_FIFO/N3Z_TD_FIFO.ip_user_files/ipstatic/fifo_generator_v13_0/simulation/fifo_generator_vhdl_beh.vhd" into library fifo_generator_v13_0_3
INFO: [VRFC 10-307] analyzing entity fifo_generator_v13_0_3_bhv_as
INFO: [VRFC 10-307] analyzing entity fifo_generator_v13_0_3_bhv_ss
INFO: [VRFC 10-307] analyzing entity fifo_generator_v13_0_3_bhv_preload0
INFO: [VRFC 10-307] analyzing entity fifo_generator_v13_0_3_conv
INFO: [VRFC 10-307] analyzing entity fifo_generator_v13_0_3_axic_reg_slice
INFO: [VRFC 10-307] analyzing entity fifo_generator_vhdl_beh
INFO: [VRFC 10-163] Analyzing VHDL file "/home/graham/Dropbox/N3workingG/TE0722Rebuild/N3Vivado/TE0722TD/N3Z_TD_FIFO/N3Z_TD_FIFO.ip_user_files/ipstatic/fifo_generator_v13_0/hdl/fifo_generator_v13_0_rfs.vhd" into library fifo_generator_v13_0_3
INFO: [VRFC 10-307] analyzing entity input_blk
INFO: [VRFC 10-307] analyzing entity output_blk
INFO: [VRFC 10-307] analyzing entity shft_wrapper
INFO: [VRFC 10-307] analyzing entity shft_ram
INFO: [VRFC 10-307] analyzing entity wr_pf_as
INFO: [VRFC 10-307] analyzing entity wr_pf_ss
INFO: [VRFC 10-307] analyzing entity rd_pe_as
INFO: [VRFC 10-307] analyzing entity rd_pe_ss
INFO: [VRFC 10-307] analyzing entity synchronizer_ff
INFO: [VRFC 10-307] analyzing entity delay
INFO: [VRFC 10-307] analyzing entity bin_cntr
INFO: [VRFC 10-307] analyzing entity clk_x_pntrs_builtin
INFO: [VRFC 10-307] analyzing entity logic_builtin
INFO: [VRFC 10-307] analyzing entity builtin_prim
INFO: [VRFC 10-307] analyzing entity builtin_extdepth
INFO: [VRFC 10-307] analyzing entity builtin_top
INFO: [VRFC 10-307] analyzing entity reset_builtin
INFO: [VRFC 10-307] analyzing entity builtin_prim_v6
INFO: [VRFC 10-307] analyzing entity builtin_extdepth_v6
INFO: [VRFC 10-307] analyzing entity builtin_extdepth_low_latency
INFO: [VRFC 10-307] analyzing entity builtin_top_v6
INFO: [VRFC 10-307] analyzing entity fifo_generator_v13_0_3_builtin
INFO: [VRFC 10-307] analyzing entity bram_sync_reg
INFO: [VRFC 10-307] analyzing entity bram_fifo_rstlogic
INFO: [VRFC 10-307] analyzing entity reset_blk_ramfifo
INFO: [VRFC 10-307] analyzing entity axi_reg_slice
INFO: [VRFC 10-307] analyzing entity fifo_generator_top
INFO: [VRFC 10-307] analyzing entity fifo_generator_v13_0_3_synth
INFO: [VRFC 10-307] analyzing entity fifo_generator_v13_0_3
INFO: [VRFC 10-163] Analyzing VHDL file "/home/graham/Dropbox/N3workingG/TE0722Rebuild/N3Vivado/TE0722TD/N3Z_TD_FIFO/N3Z_TD_FIFO.ip_user_files/ipstatic/axi_fifo_mm_s_v4_1/hdl/src/vhdl/axi_fifo_mm_s_pkg.vhd" into library axi_fifo_mm_s_v4_1_6
INFO: [VRFC 10-163] Analyzing VHDL file "/home/graham/Dropbox/N3workingG/TE0722Rebuild/N3Vivado/TE0722TD/N3Z_TD_FIFO/N3Z_TD_FIFO.ip_user_files/ipstatic/axi_fifo_mm_s_v4_1/hdl/src/vhdl/axi_write_fsm.vhd" into library axi_fifo_mm_s_v4_1_6
INFO: [VRFC 10-307] analyzing entity axi_write_fsm
INFO: [VRFC 10-163] Analyzing VHDL file "/home/graham/Dropbox/N3workingG/TE0722Rebuild/N3Vivado/TE0722TD/N3Z_TD_FIFO/N3Z_TD_FIFO.ip_user_files/ipstatic/axi_fifo_mm_s_v4_1/hdl/src/vhdl/axi_write_wrapper.vhd" into library axi_fifo_mm_s_v4_1_6
INFO: [VRFC 10-307] analyzing entity axi_write_wrapper
INFO: [VRFC 10-163] Analyzing VHDL file "/home/graham/Dropbox/N3workingG/TE0722Rebuild/N3Vivado/TE0722TD/N3Z_TD_FIFO/N3Z_TD_FIFO.ip_user_files/ipstatic/axi_fifo_mm_s_v4_1/hdl/src/vhdl/axi_read_fsm.vhd" into library axi_fifo_mm_s_v4_1_6
INFO: [VRFC 10-307] analyzing entity axi_read_fsm
INFO: [VRFC 10-163] Analyzing VHDL file "/home/graham/Dropbox/N3workingG/TE0722Rebuild/N3Vivado/TE0722TD/N3Z_TD_FIFO/N3Z_TD_FIFO.ip_user_files/ipstatic/axi_fifo_mm_s_v4_1/hdl/src/vhdl/axi_read_wrapper.vhd" into library axi_fifo_mm_s_v4_1_6
INFO: [VRFC 10-307] analyzing entity axi_read_wrapper
INFO: [VRFC 10-163] Analyzing VHDL file "/home/graham/Dropbox/N3workingG/TE0722Rebuild/N3Vivado/TE0722TD/N3Z_TD_FIFO/N3Z_TD_FIFO.ip_user_files/ipstatic/axi_fifo_mm_s_v4_1/hdl/src/vhdl/axi_wrapper.vhd" into library axi_fifo_mm_s_v4_1_6
INFO: [VRFC 10-307] analyzing entity axi_wrapper
INFO: [VRFC 10-163] Analyzing VHDL file "/home/graham/Dropbox/N3workingG/TE0722Rebuild/N3Vivado/TE0722TD/N3Z_TD_FIFO/N3Z_TD_FIFO.ip_user_files/ipstatic/axi_fifo_mm_s_v4_1/hdl/src/vhdl/axis_fg.vhd" into library axi_fifo_mm_s_v4_1_6
INFO: [VRFC 10-307] analyzing entity axis_fg
INFO: [VRFC 10-163] Analyzing VHDL file "/home/graham/Dropbox/N3workingG/TE0722Rebuild/N3Vivado/TE0722TD/N3Z_TD_FIFO/N3Z_TD_FIFO.ip_user_files/ipstatic/axi_fifo_mm_s_v4_1/hdl/src/vhdl/fifo.vhd" into library axi_fifo_mm_s_v4_1_6
INFO: [VRFC 10-307] analyzing entity fifo
INFO: [VRFC 10-163] Analyzing VHDL file "/home/graham/Dropbox/N3workingG/TE0722Rebuild/N3Vivado/TE0722TD/N3Z_TD_FIFO/N3Z_TD_FIFO.ip_user_files/ipstatic/axi_fifo_mm_s_v4_1/hdl/src/vhdl/ipic2axi_s.vhd" into library axi_fifo_mm_s_v4_1_6
INFO: [VRFC 10-307] analyzing entity ipic2axi_s
INFO: [VRFC 10-163] Analyzing VHDL file "/home/graham/Dropbox/N3workingG/TE0722Rebuild/N3Vivado/TE0722TD/N3Z_TD_FIFO/N3Z_TD_FIFO.ip_user_files/ipstatic/axi_fifo_mm_s_v4_1/hdl/src/vhdl/axi_fifo_mm_s.vhd" into library axi_fifo_mm_s_v4_1_6
INFO: [VRFC 10-307] analyzing entity axi_fifo_mm_s
INFO: [VRFC 10-163] Analyzing VHDL file "/home/graham/Dropbox/N3workingG/TE0722Rebuild/N3Vivado/TE0722TD/N3Z_TD_FIFO/N3Z_TD_FIFO.ip_user_files/bd/PS_PL/ip/PS_PL_axi_fifo_mm_s_0_0/sim/PS_PL_axi_fifo_mm_s_0_0.vhd" into library xil_defaultlib
INFO: [VRFC 10-307] analyzing entity PS_PL_axi_fifo_mm_s_0_0
INFO: [VRFC 10-163] Analyzing VHDL file "/home/graham/Dropbox/N3workingG/TE0722Rebuild/N3Vivado/TE0722TD/N3Z_TD_FIFO/N3Z_TD_FIFO.ip_user_files/bd/PS_PL/ip/PS_PL_axi_fifo_mm_s_1_0/sim/PS_PL_axi_fifo_mm_s_1_0.vhd" into library xil_defaultlib
INFO: [VRFC 10-307] analyzing entity PS_PL_axi_fifo_mm_s_1_0
INFO: [VRFC 10-163] Analyzing VHDL file "/home/graham/Dropbox/N3workingG/TE0722Rebuild/N3Vivado/TE0722TD/N3Z_TD_FIFO/N3Z_TD_FIFO.ip_user_files/bd/PS_PL/ip/PS_PL_c_counter_binary_0_0/sim/PS_PL_c_counter_binary_0_0.vhd" into library xil_defaultlib
INFO: [VRFC 10-307] analyzing entity PS_PL_c_counter_binary_0_0
INFO: [VRFC 10-163] Analyzing VHDL file "/home/graham/Dropbox/N3workingG/TE0722Rebuild/N3Vivado/TE0722TD/N3Z_TD_FIFO/N3Z_TD_FIFO.ip_user_files/bd/PS_PL/ipshared/xilinx.com/util_vector_logic_v2_0/hdl/util_vector_logic.vhd" into library util_vector_logic_v2_0
INFO: [VRFC 10-307] analyzing entity util_vector_logic
INFO: [VRFC 10-163] Analyzing VHDL file "/home/graham/Dropbox/N3workingG/TE0722Rebuild/N3Vivado/TE0722TD/N3Z_TD_FIFO/N3Z_TD_FIFO.ip_user_files/bd/PS_PL/ip/PS_PL_util_vector_logic_0_0/sim/PS_PL_util_vector_logic_0_0.vhd" into library xil_defaultlib
INFO: [VRFC 10-307] analyzing entity PS_PL_util_vector_logic_0_0
INFO: [VRFC 10-163] Analyzing VHDL file "/home/graham/Dropbox/N3workingG/TE0722Rebuild/N3Vivado/TE0722TD/N3Z_TD_FIFO/N3Z_TD_FIFO.ip_user_files/bd/PS_PL/ip/PS_PL_util_vector_logic_0_1/sim/PS_PL_util_vector_logic_0_1.vhd" into library xil_defaultlib
INFO: [VRFC 10-307] analyzing entity PS_PL_util_vector_logic_0_1
INFO: [VRFC 10-163] Analyzing VHDL file "/home/graham/Dropbox/N3workingG/TE0722Rebuild/N3Vivado/TE0722TD/N3Z_TD_FIFO/N3Z_TD_FIFO.ip_user_files/bd/PS_PL/ip/PS_PL_util_vector_logic_1_0/sim/PS_PL_util_vector_logic_1_0.vhd" into library xil_defaultlib
INFO: [VRFC 10-307] analyzing entity PS_PL_util_vector_logic_1_0
INFO: [VRFC 10-163] Analyzing VHDL file "/home/graham/Dropbox/N3workingG/TE0722Rebuild/N3Vivado/TE0722TD/N3Z_TD_FIFO/N3Z_TD_FIFO.ip_user_files/bd/PS_PL/ip/PS_PL_util_vector_logic_2_0/sim/PS_PL_util_vector_logic_2_0.vhd" into library xil_defaultlib
INFO: [VRFC 10-307] analyzing entity PS_PL_util_vector_logic_2_0
