INFO: [VRFC 10-2263] Analyzing SystemVerilog file "/opt/Xilinx/Vivado/2016.2/data/ip/xpm/xpm_cdc/hdl/xpm_cdc.sv" into library xil_defaultlib
INFO: [VRFC 10-311] analyzing module xpm_cdc_single
INFO: [VRFC 10-311] analyzing module xpm_cdc_gray
INFO: [VRFC 10-311] analyzing module xpm_cdc_handshake
INFO: [VRFC 10-311] analyzing module xpm_cdc_pulse
INFO: [VRFC 10-311] analyzing module xpm_cdc_array_single
INFO: [VRFC 10-311] analyzing module xpm_cdc_sync_rst
INFO: [VRFC 10-311] analyzing module xpm_cdc_async_rst
INFO: [VRFC 10-2263] Analyzing SystemVerilog file "/opt/Xilinx/Vivado/2016.2/data/ip/xpm/xpm_memory/hdl/xpm_memory_base.sv" into library xil_defaultlib
INFO: [VRFC 10-311] analyzing module xpm_memory_base
INFO: [VRFC 10-2263] Analyzing SystemVerilog file "/opt/Xilinx/Vivado/2016.2/data/ip/xpm/xpm_memory/hdl/xpm_memory_dpdistram.sv" into library xil_defaultlib
INFO: [VRFC 10-311] analyzing module xpm_memory_dpdistram
INFO: [VRFC 10-2263] Analyzing SystemVerilog file "/opt/Xilinx/Vivado/2016.2/data/ip/xpm/xpm_memory/hdl/xpm_memory_dprom.sv" into library xil_defaultlib
INFO: [VRFC 10-311] analyzing module xpm_memory_dprom
INFO: [VRFC 10-2263] Analyzing SystemVerilog file "/opt/Xilinx/Vivado/2016.2/data/ip/xpm/xpm_memory/hdl/xpm_memory_sdpram.sv" into library xil_defaultlib
INFO: [VRFC 10-311] analyzing module xpm_memory_sdpram
INFO: [VRFC 10-2263] Analyzing SystemVerilog file "/opt/Xilinx/Vivado/2016.2/data/ip/xpm/xpm_memory/hdl/xpm_memory_spram.sv" into library xil_defaultlib
INFO: [VRFC 10-311] analyzing module xpm_memory_spram
INFO: [VRFC 10-2263] Analyzing SystemVerilog file "/opt/Xilinx/Vivado/2016.2/data/ip/xpm/xpm_memory/hdl/xpm_memory_sprom.sv" into library xil_defaultlib
INFO: [VRFC 10-311] analyzing module xpm_memory_sprom
INFO: [VRFC 10-2263] Analyzing SystemVerilog file "/opt/Xilinx/Vivado/2016.2/data/ip/xpm/xpm_memory/hdl/xpm_memory_tdpram.sv" into library xil_defaultlib
INFO: [VRFC 10-311] analyzing module xpm_memory_tdpram
INFO: [VRFC 10-2263] Analyzing Verilog file "/home/graham/Dropbox/N3workingG/TE0722Rebuild/N3Vivado/TE0722TD/N3Z_TD_FIFO/N3Z_TD_FIFO.ip_user_files/ipstatic/processing_system7_bfm_v2_0/hdl/processing_system7_bfm_v2_0_arb_wr.v" into library processing_system7_bfm_v2_0_5
INFO: [VRFC 10-311] analyzing module processing_system7_bfm_v2_0_5_arb_wr
INFO: [VRFC 10-2263] Analyzing Verilog file "/home/graham/Dropbox/N3workingG/TE0722Rebuild/N3Vivado/TE0722TD/N3Z_TD_FIFO/N3Z_TD_FIFO.ip_user_files/ipstatic/processing_system7_bfm_v2_0/hdl/processing_system7_bfm_v2_0_arb_rd.v" into library processing_system7_bfm_v2_0_5
INFO: [VRFC 10-311] analyzing module processing_system7_bfm_v2_0_5_arb_rd
INFO: [VRFC 10-2263] Analyzing Verilog file "/home/graham/Dropbox/N3workingG/TE0722Rebuild/N3Vivado/TE0722TD/N3Z_TD_FIFO/N3Z_TD_FIFO.ip_user_files/ipstatic/processing_system7_bfm_v2_0/hdl/processing_system7_bfm_v2_0_arb_wr_4.v" into library processing_system7_bfm_v2_0_5
INFO: [VRFC 10-311] analyzing module processing_system7_bfm_v2_0_5_arb_wr_4
INFO: [VRFC 10-2263] Analyzing Verilog file "/home/graham/Dropbox/N3workingG/TE0722Rebuild/N3Vivado/TE0722TD/N3Z_TD_FIFO/N3Z_TD_FIFO.ip_user_files/ipstatic/processing_system7_bfm_v2_0/hdl/processing_system7_bfm_v2_0_arb_rd_4.v" into library processing_system7_bfm_v2_0_5
INFO: [VRFC 10-311] analyzing module processing_system7_bfm_v2_0_5_arb_rd_4
INFO: [VRFC 10-2263] Analyzing Verilog file "/home/graham/Dropbox/N3workingG/TE0722Rebuild/N3Vivado/TE0722TD/N3Z_TD_FIFO/N3Z_TD_FIFO.ip_user_files/ipstatic/processing_system7_bfm_v2_0/hdl/processing_system7_bfm_v2_0_arb_hp2_3.v" into library processing_system7_bfm_v2_0_5
INFO: [VRFC 10-311] analyzing module processing_system7_bfm_v2_0_5_arb_hp2_3
INFO: [VRFC 10-2263] Analyzing Verilog file "/home/graham/Dropbox/N3workingG/TE0722Rebuild/N3Vivado/TE0722TD/N3Z_TD_FIFO/N3Z_TD_FIFO.ip_user_files/ipstatic/processing_system7_bfm_v2_0/hdl/processing_system7_bfm_v2_0_arb_hp0_1.v" into library processing_system7_bfm_v2_0_5
INFO: [VRFC 10-311] analyzing module processing_system7_bfm_v2_0_5_arb_hp0_1
INFO: [VRFC 10-2263] Analyzing Verilog file "/home/graham/Dropbox/N3workingG/TE0722Rebuild/N3Vivado/TE0722TD/N3Z_TD_FIFO/N3Z_TD_FIFO.ip_user_files/ipstatic/processing_system7_bfm_v2_0/hdl/processing_system7_bfm_v2_0_ssw_hp.v" into library processing_system7_bfm_v2_0_5
INFO: [VRFC 10-311] analyzing module processing_system7_bfm_v2_0_5_ssw_hp
INFO: [VRFC 10-2263] Analyzing Verilog file "/home/graham/Dropbox/N3workingG/TE0722Rebuild/N3Vivado/TE0722TD/N3Z_TD_FIFO/N3Z_TD_FIFO.ip_user_files/ipstatic/processing_system7_bfm_v2_0/hdl/processing_system7_bfm_v2_0_sparse_mem.v" into library processing_system7_bfm_v2_0_5
INFO: [VRFC 10-311] analyzing module processing_system7_bfm_v2_0_5_sparse_mem
INFO: [VRFC 10-2263] Analyzing Verilog file "/home/graham/Dropbox/N3workingG/TE0722Rebuild/N3Vivado/TE0722TD/N3Z_TD_FIFO/N3Z_TD_FIFO.ip_user_files/ipstatic/processing_system7_bfm_v2_0/hdl/processing_system7_bfm_v2_0_reg_map.v" into library processing_system7_bfm_v2_0_5
INFO: [VRFC 10-311] analyzing module processing_system7_bfm_v2_0_5_reg_map
INFO: [VRFC 10-2263] Analyzing Verilog file "/home/graham/Dropbox/N3workingG/TE0722Rebuild/N3Vivado/TE0722TD/N3Z_TD_FIFO/N3Z_TD_FIFO.ip_user_files/ipstatic/processing_system7_bfm_v2_0/hdl/processing_system7_bfm_v2_0_ocm_mem.v" into library processing_system7_bfm_v2_0_5
INFO: [VRFC 10-311] analyzing module processing_system7_bfm_v2_0_5_ocm_mem
INFO: [VRFC 10-2263] Analyzing Verilog file "/home/graham/Dropbox/N3workingG/TE0722Rebuild/N3Vivado/TE0722TD/N3Z_TD_FIFO/N3Z_TD_FIFO.ip_user_files/ipstatic/processing_system7_bfm_v2_0/hdl/processing_system7_bfm_v2_0_intr_wr_mem.v" into library processing_system7_bfm_v2_0_5
INFO: [VRFC 10-311] analyzing module processing_system7_bfm_v2_0_5_intr_wr_mem
INFO: [VRFC 10-2263] Analyzing Verilog file "/home/graham/Dropbox/N3workingG/TE0722Rebuild/N3Vivado/TE0722TD/N3Z_TD_FIFO/N3Z_TD_FIFO.ip_user_files/ipstatic/processing_system7_bfm_v2_0/hdl/processing_system7_bfm_v2_0_intr_rd_mem.v" into library processing_system7_bfm_v2_0_5
INFO: [VRFC 10-311] analyzing module processing_system7_bfm_v2_0_5_intr_rd_mem
INFO: [VRFC 10-2263] Analyzing Verilog file "/home/graham/Dropbox/N3workingG/TE0722Rebuild/N3Vivado/TE0722TD/N3Z_TD_FIFO/N3Z_TD_FIFO.ip_user_files/ipstatic/processing_system7_bfm_v2_0/hdl/processing_system7_bfm_v2_0_fmsw_gp.v" into library processing_system7_bfm_v2_0_5
INFO: [VRFC 10-311] analyzing module processing_system7_bfm_v2_0_5_fmsw_gp
INFO: [VRFC 10-2263] Analyzing Verilog file "/home/graham/Dropbox/N3workingG/TE0722Rebuild/N3Vivado/TE0722TD/N3Z_TD_FIFO/N3Z_TD_FIFO.ip_user_files/ipstatic/processing_system7_bfm_v2_0/hdl/processing_system7_bfm_v2_0_regc.v" into library processing_system7_bfm_v2_0_5
INFO: [VRFC 10-311] analyzing module processing_system7_bfm_v2_0_5_regc
INFO: [VRFC 10-2263] Analyzing Verilog file "/home/graham/Dropbox/N3workingG/TE0722Rebuild/N3Vivado/TE0722TD/N3Z_TD_FIFO/N3Z_TD_FIFO.ip_user_files/ipstatic/processing_system7_bfm_v2_0/hdl/processing_system7_bfm_v2_0_ocmc.v" into library processing_system7_bfm_v2_0_5
INFO: [VRFC 10-311] analyzing module processing_system7_bfm_v2_0_5_ocmc
INFO: [VRFC 10-2263] Analyzing Verilog file "/home/graham/Dropbox/N3workingG/TE0722Rebuild/N3Vivado/TE0722TD/N3Z_TD_FIFO/N3Z_TD_FIFO.ip_user_files/ipstatic/processing_system7_bfm_v2_0/hdl/processing_system7_bfm_v2_0_interconnect_model.v" into library processing_system7_bfm_v2_0_5
INFO: [VRFC 10-311] analyzing module processing_system7_bfm_v2_0_5_interconnect_model
INFO: [VRFC 10-2263] Analyzing Verilog file "/home/graham/Dropbox/N3workingG/TE0722Rebuild/N3Vivado/TE0722TD/N3Z_TD_FIFO/N3Z_TD_FIFO.ip_user_files/ipstatic/processing_system7_bfm_v2_0/hdl/processing_system7_bfm_v2_0_gen_reset.v" into library processing_system7_bfm_v2_0_5
INFO: [VRFC 10-311] analyzing module processing_system7_bfm_v2_0_5_gen_reset
INFO: [VRFC 10-2263] Analyzing Verilog file "/home/graham/Dropbox/N3workingG/TE0722Rebuild/N3Vivado/TE0722TD/N3Z_TD_FIFO/N3Z_TD_FIFO.ip_user_files/ipstatic/processing_system7_bfm_v2_0/hdl/processing_system7_bfm_v2_0_gen_clock.v" into library processing_system7_bfm_v2_0_5
INFO: [VRFC 10-311] analyzing module processing_system7_bfm_v2_0_5_gen_clock
INFO: [VRFC 10-2263] Analyzing Verilog file "/home/graham/Dropbox/N3workingG/TE0722Rebuild/N3Vivado/TE0722TD/N3Z_TD_FIFO/N3Z_TD_FIFO.ip_user_files/ipstatic/processing_system7_bfm_v2_0/hdl/processing_system7_bfm_v2_0_ddrc.v" into library processing_system7_bfm_v2_0_5
INFO: [VRFC 10-311] analyzing module processing_system7_bfm_v2_0_5_ddrc
INFO: [VRFC 10-2263] Analyzing Verilog file "/home/graham/Dropbox/N3workingG/TE0722Rebuild/N3Vivado/TE0722TD/N3Z_TD_FIFO/N3Z_TD_FIFO.ip_user_files/ipstatic/processing_system7_bfm_v2_0/hdl/processing_system7_bfm_v2_0_axi_slave.v" into library processing_system7_bfm_v2_0_5
INFO: [VRFC 10-311] analyzing module processing_system7_bfm_v2_0_5_axi_slave
INFO: [VRFC 10-2458] undeclared symbol read_fifo_empty, assumed default net type wire [/home/graham/Dropbox/N3workingG/TE0722Rebuild/N3Vivado/TE0722TD/N3Z_TD_FIFO/N3Z_TD_FIFO.ip_user_files/ipstatic/processing_system7_bfm_v2_0/hdl/processing_system7_bfm_v2_0_axi_slave.v:707]
INFO: [VRFC 10-2263] Analyzing Verilog file "/home/graham/Dropbox/N3workingG/TE0722Rebuild/N3Vivado/TE0722TD/N3Z_TD_FIFO/N3Z_TD_FIFO.ip_user_files/ipstatic/processing_system7_bfm_v2_0/hdl/processing_system7_bfm_v2_0_axi_master.v" into library processing_system7_bfm_v2_0_5
INFO: [VRFC 10-311] analyzing module processing_system7_bfm_v2_0_5_axi_master
INFO: [VRFC 10-2263] Analyzing Verilog file "/home/graham/Dropbox/N3workingG/TE0722Rebuild/N3Vivado/TE0722TD/N3Z_TD_FIFO/N3Z_TD_FIFO.ip_user_files/ipstatic/processing_system7_bfm_v2_0/hdl/processing_system7_bfm_v2_0_afi_slave.v" into library processing_system7_bfm_v2_0_5
INFO: [VRFC 10-311] analyzing module processing_system7_bfm_v2_0_5_afi_slave
INFO: [VRFC 10-2458] undeclared symbol bresp_fifo_full, assumed default net type wire [/home/graham/Dropbox/N3workingG/TE0722Rebuild/N3Vivado/TE0722TD/N3Z_TD_FIFO/N3Z_TD_FIFO.ip_user_files/ipstatic/processing_system7_bfm_v2_0/hdl/processing_system7_bfm_v2_0_afi_slave.v:438]
INFO: [VRFC 10-2263] Analyzing Verilog file "/home/graham/Dropbox/N3workingG/TE0722Rebuild/N3Vivado/TE0722TD/N3Z_TD_FIFO/N3Z_TD_FIFO.ip_user_files/ipstatic/processing_system7_bfm_v2_0/hdl/processing_system7_bfm_v2_0_processing_system7_bfm.v" into library processing_system7_bfm_v2_0_5
INFO: [VRFC 10-311] analyzing module processing_system7_bfm_v2_0_5_processing_system7_bfm
INFO: [VRFC 10-2458] undeclared symbol DMA0_RSTN, assumed default net type wire [../../../N3Z_TD_FIFO.ip_user_files/ipstatic/processing_system7_bfm_v2_0/hdl/processing_system7_bfm_v2_0_5_unused_ports.v:284]
INFO: [VRFC 10-2458] undeclared symbol DMA1_RSTN, assumed default net type wire [../../../N3Z_TD_FIFO.ip_user_files/ipstatic/processing_system7_bfm_v2_0/hdl/processing_system7_bfm_v2_0_5_unused_ports.v:294]
INFO: [VRFC 10-2458] undeclared symbol DMA2_RSTN, assumed default net type wire [../../../N3Z_TD_FIFO.ip_user_files/ipstatic/processing_system7_bfm_v2_0/hdl/processing_system7_bfm_v2_0_5_unused_ports.v:304]
INFO: [VRFC 10-2458] undeclared symbol DMA3_RSTN, assumed default net type wire [../../../N3Z_TD_FIFO.ip_user_files/ipstatic/processing_system7_bfm_v2_0/hdl/processing_system7_bfm_v2_0_5_unused_ports.v:314]
INFO: [VRFC 10-2263] Analyzing Verilog file "/home/graham/Dropbox/N3workingG/TE0722Rebuild/N3Vivado/TE0722TD/N3Z_TD_FIFO/N3Z_TD_FIFO.ip_user_files/bd/PS_PL/ip/PS_PL_processing_system7_0_0/sim/PS_PL_processing_system7_0_0.v" into library xil_defaultlib
INFO: [VRFC 10-311] analyzing module PS_PL_processing_system7_0_0
INFO: [VRFC 10-2263] Analyzing Verilog file "/home/graham/Dropbox/N3workingG/TE0722Rebuild/N3Vivado/TE0722TD/N3Z_TD_FIFO/N3Z_TD_FIFO.ip_user_files/bd/PS_PL/ip/PS_PL_clk_wiz_0_1/PS_PL_clk_wiz_0_1_clk_wiz.v" into library xil_defaultlib
INFO: [VRFC 10-311] analyzing module PS_PL_clk_wiz_0_1_clk_wiz
INFO: [VRFC 10-2263] Analyzing Verilog file "/home/graham/Dropbox/N3workingG/TE0722Rebuild/N3Vivado/TE0722TD/N3Z_TD_FIFO/N3Z_TD_FIFO.ip_user_files/bd/PS_PL/ip/PS_PL_clk_wiz_0_1/PS_PL_clk_wiz_0_1.v" into library xil_defaultlib
INFO: [VRFC 10-311] analyzing module PS_PL_clk_wiz_0_1
INFO: [VRFC 10-2263] Analyzing Verilog file "/home/graham/Dropbox/N3workingG/TE0722Rebuild/N3Vivado/TE0722TD/N3Z_TD_FIFO/N3Z_TD_FIFO.ip_user_files/bd/PS_PL/ipshared/xilinx.com/xlconstant_v1_1/xlconstant.v" into library xil_defaultlib
INFO: [VRFC 10-311] analyzing module xlconstant
INFO: [VRFC 10-2263] Analyzing Verilog file "/home/graham/Dropbox/N3workingG/TE0722Rebuild/N3Vivado/TE0722TD/N3Z_TD_FIFO/N3Z_TD_FIFO.ip_user_files/bd/PS_PL/ip/PS_PL_xlconstant_0_0/sim/PS_PL_xlconstant_0_0.v" into library xil_defaultlib
INFO: [VRFC 10-311] analyzing module PS_PL_xlconstant_0_0
INFO: [VRFC 10-2263] Analyzing Verilog file "/home/graham/Dropbox/N3workingG/TE0722Rebuild/N3Vivado/TE0722TD/N3Z_TD_FIFO/N3Z_TD_FIFO.srcs/sources_1/bd/PS_PL/ip/PS_PL_n3z_tonetest_0_0/n3z_tonetest_blk_mem_gen_v8_3_i0/blk_mem_gen_v8_3_3/simulation/blk_mem_gen_v8_3.v" into library blk_mem_gen_v8_3_3
INFO: [VRFC 10-311] analyzing module STATE_LOGIC_v8_3
INFO: [VRFC 10-311] analyzing module beh_vlog_muxf7_v8_3
INFO: [VRFC 10-311] analyzing module beh_vlog_ff_clr_v8_3
INFO: [VRFC 10-311] analyzing module beh_vlog_ff_pre_v8_3
INFO: [VRFC 10-311] analyzing module beh_vlog_ff_ce_clr_v8_3
INFO: [VRFC 10-311] analyzing module write_netlist_v8_3
INFO: [VRFC 10-311] analyzing module read_netlist_v8_3
INFO: [VRFC 10-311] analyzing module blk_mem_axi_write_wrapper_beh_v8_3
INFO: [VRFC 10-311] analyzing module blk_mem_axi_read_wrapper_beh_v8_3
INFO: [VRFC 10-311] analyzing module blk_mem_axi_regs_fwd_v8_3
INFO: [VRFC 10-311] analyzing module blk_mem_gen_v8_3_3_output_stage
INFO: [VRFC 10-311] analyzing module blk_mem_gen_v8_3_3_softecc_output_reg_stage
INFO: [VRFC 10-311] analyzing module blk_mem_gen_v8_3_3_mem_module
INFO: [VRFC 10-311] analyzing module blk_mem_gen_v8_3_3
INFO: [VRFC 10-2263] Analyzing Verilog file "/home/graham/Dropbox/N3workingG/TE0722Rebuild/N3Vivado/TE0722TD/N3Z_TD_FIFO/N3Z_TD_FIFO.ip_user_files/bd/PS_PL/ip/PS_PL_n3z_tonetest_0_0/n3z_tonetest_blk_mem_gen_v8_3_i0/sim/n3z_tonetest_blk_mem_gen_v8_3_i0.v" into library blk_mem_gen_v8_3_3
INFO: [VRFC 10-311] analyzing module n3z_tonetest_blk_mem_gen_v8_3_i0
INFO: [VRFC 10-2263] Analyzing Verilog file "/home/graham/Dropbox/N3workingG/TE0722Rebuild/N3Vivado/TE0722TD/N3Z_TD_FIFO/N3Z_TD_FIFO.ip_user_files/bd/PS_PL/ip/PS_PL_n3z_tonetest_0_0/n3z_tonetest_blk_mem_gen_v8_3_i1/sim/n3z_tonetest_blk_mem_gen_v8_3_i1.v" into library blk_mem_gen_v8_3_3
INFO: [VRFC 10-311] analyzing module n3z_tonetest_blk_mem_gen_v8_3_i1
INFO: [VRFC 10-2263] Analyzing Verilog file "/home/graham/Dropbox/N3workingG/TE0722Rebuild/N3Vivado/TE0722TD/N3Z_TD_FIFO/N3Z_TD_FIFO.ip_user_files/bd/PS_PL/ip/PS_PL_n3z_tonetest_0_0/n3z_tonetest_blk_mem_gen_v8_3_i2/sim/n3z_tonetest_blk_mem_gen_v8_3_i2.v" into library blk_mem_gen_v8_3_3
INFO: [VRFC 10-311] analyzing module n3z_tonetest_blk_mem_gen_v8_3_i2
INFO: [VRFC 10-2263] Analyzing Verilog file "/home/graham/Dropbox/N3workingG/TE0722Rebuild/N3Vivado/TE0722TD/N3Z_TD_FIFO/N3Z_TD_FIFO.ip_user_files/bd/PS_PL/ip/PS_PL_n3z_tonetest_0_0/n3z_tonetest_blk_mem_gen_v8_3_i3/sim/n3z_tonetest_blk_mem_gen_v8_3_i3.v" into library blk_mem_gen_v8_3_3
INFO: [VRFC 10-311] analyzing module n3z_tonetest_blk_mem_gen_v8_3_i3
INFO: [VRFC 10-2263] Analyzing Verilog file "/home/graham/Dropbox/N3workingG/TE0722Rebuild/N3Vivado/TE0722TD/N3Z_TD_FIFO/N3Z_TD_FIFO.ip_user_files/bd/PS_PL/ip/PS_PL_n3z_tonetest_0_0/n3z_tonetest_blk_mem_gen_v8_3_i4/sim/n3z_tonetest_blk_mem_gen_v8_3_i4.v" into library blk_mem_gen_v8_3_3
INFO: [VRFC 10-311] analyzing module n3z_tonetest_blk_mem_gen_v8_3_i4
INFO: [VRFC 10-2263] Analyzing Verilog file "/home/graham/Dropbox/N3workingG/TE0722Rebuild/N3Vivado/TE0722TD/N3Z_TD_FIFO/N3Z_TD_FIFO.ip_user_files/bd/PS_PL/ip/PS_PL_n3z_tonetest_0_0/n3z_tonetest_blk_mem_gen_v8_3_i5/sim/n3z_tonetest_blk_mem_gen_v8_3_i5.v" into library blk_mem_gen_v8_3_3
INFO: [VRFC 10-311] analyzing module n3z_tonetest_blk_mem_gen_v8_3_i5
INFO: [VRFC 10-2263] Analyzing Verilog file "/home/graham/Dropbox/N3workingG/TE0722Rebuild/N3Vivado/TE0722TD/N3Z_TD_FIFO/N3Z_TD_FIFO.ip_user_files/bd/PS_PL/ip/PS_PL_n3z_tonetest_0_0/n3z_tonetest_blk_mem_gen_v8_3_i6/sim/n3z_tonetest_blk_mem_gen_v8_3_i6.v" into library blk_mem_gen_v8_3_3
INFO: [VRFC 10-311] analyzing module n3z_tonetest_blk_mem_gen_v8_3_i6
INFO: [VRFC 10-2263] Analyzing Verilog file "/home/graham/Dropbox/N3workingG/TE0722Rebuild/N3Vivado/TE0722TD/N3Z_TD_FIFO/N3Z_TD_FIFO.ip_user_files/bd/PS_PL/ip/PS_PL_n3z_tonetest_0_0/n3z_tonetest_blk_mem_gen_v8_3_i7/sim/n3z_tonetest_blk_mem_gen_v8_3_i7.v" into library blk_mem_gen_v8_3_3
INFO: [VRFC 10-311] analyzing module n3z_tonetest_blk_mem_gen_v8_3_i7
INFO: [VRFC 10-2263] Analyzing Verilog file "/home/graham/Dropbox/N3workingG/TE0722Rebuild/N3Vivado/TE0722TD/N3Z_TD_FIFO/N3Z_TD_FIFO.ip_user_files/bd/PS_PL/ip/PS_PL_n3z_tonetest_0_0/n3z_tonetest_blk_mem_gen_v8_3_i8/sim/n3z_tonetest_blk_mem_gen_v8_3_i8.v" into library blk_mem_gen_v8_3_3
INFO: [VRFC 10-311] analyzing module n3z_tonetest_blk_mem_gen_v8_3_i8
INFO: [VRFC 10-2263] Analyzing Verilog file "/home/graham/Dropbox/N3workingG/TE0722Rebuild/N3Vivado/TE0722TD/N3Z_TD_FIFO/N3Z_TD_FIFO.ip_user_files/bd/PS_PL/ip/PS_PL_n3z_tonetest_0_0/n3z_tonetest_blk_mem_gen_v8_3_i9/sim/n3z_tonetest_blk_mem_gen_v8_3_i9.v" into library blk_mem_gen_v8_3_3
INFO: [VRFC 10-311] analyzing module n3z_tonetest_blk_mem_gen_v8_3_i9
INFO: [VRFC 10-2263] Analyzing Verilog file "/home/graham/Dropbox/N3workingG/TE0722Rebuild/N3Vivado/TE0722TD/N3Z_TD_FIFO/N3Z_TD_FIFO.srcs/sources_1/bd/PS_PL/ip/PS_PL_n3z_tonetest_0_0/n3z_tonetest_dist_mem_gen_v8_0_i0/dist_mem_gen_v8_0_10/simulation/dist_mem_gen_v8_0.v" into library dist_mem_gen_v8_0_10
INFO: [VRFC 10-311] analyzing module dist_mem_gen_v8_0_10
INFO: [VRFC 10-2263] Analyzing Verilog file "/home/graham/Dropbox/N3workingG/TE0722Rebuild/N3Vivado/TE0722TD/N3Z_TD_FIFO/N3Z_TD_FIFO.ip_user_files/bd/PS_PL/ip/PS_PL_n3z_tonetest_0_0/n3z_tonetest_dist_mem_gen_v8_0_i0/sim/n3z_tonetest_dist_mem_gen_v8_0_i0.v" into library dist_mem_gen_v8_0_10
INFO: [VRFC 10-311] analyzing module n3z_tonetest_dist_mem_gen_v8_0_i0
INFO: [VRFC 10-2263] Analyzing Verilog file "/home/graham/Dropbox/N3workingG/TE0722Rebuild/N3Vivado/TE0722TD/N3Z_TD_FIFO/N3Z_TD_FIFO.ip_user_files/bd/PS_PL/ip/PS_PL_n3z_tonetest_0_0/n3z_tonetest_dist_mem_gen_v8_0_i1/sim/n3z_tonetest_dist_mem_gen_v8_0_i1.v" into library dist_mem_gen_v8_0_10
INFO: [VRFC 10-311] analyzing module n3z_tonetest_dist_mem_gen_v8_0_i1
INFO: [VRFC 10-2263] Analyzing Verilog file "/home/graham/Dropbox/N3workingG/TE0722Rebuild/N3Vivado/TE0722TD/N3Z_TD_FIFO/N3Z_TD_FIFO.ip_user_files/bd/PS_PL/ip/PS_PL_n3z_tonetest_0_0/n3z_tonetest_dist_mem_gen_v8_0_i2/sim/n3z_tonetest_dist_mem_gen_v8_0_i2.v" into library dist_mem_gen_v8_0_10
INFO: [VRFC 10-311] analyzing module n3z_tonetest_dist_mem_gen_v8_0_i2
INFO: [VRFC 10-2263] Analyzing Verilog file "/home/graham/Dropbox/N3workingG/TE0722Rebuild/N3Vivado/TE0722TD/N3Z_TD_FIFO/N3Z_TD_FIFO.srcs/sources_1/bd/PS_PL/ip/PS_PL_n3z_tonetest_0_0/n3z_tonetest_fifo_generator_v13_1_i0/fifo_generator_v13_1_1/simulation/fifo_generator_vlog_beh.v" into library fifo_generator_v13_1_1
INFO: [VRFC 10-311] analyzing module fifo_generator_vlog_beh
INFO: [VRFC 10-2458] undeclared symbol wr_eop_ad, assumed default net type wire [/home/graham/Dropbox/N3workingG/TE0722Rebuild/N3Vivado/TE0722TD/N3Z_TD_FIFO/N3Z_TD_FIFO.srcs/sources_1/bd/PS_PL/ip/PS_PL_n3z_tonetest_0_0/n3z_tonetest_fifo_generator_v13_1_i0/fifo_generator_v13_1_1/simulation/fifo_generator_vlog_beh.v:1321]
INFO: [VRFC 10-2458] undeclared symbol rd_eop_ad, assumed default net type wire [/home/graham/Dropbox/N3workingG/TE0722Rebuild/N3Vivado/TE0722TD/N3Z_TD_FIFO/N3Z_TD_FIFO.srcs/sources_1/bd/PS_PL/ip/PS_PL_n3z_tonetest_0_0/n3z_tonetest_fifo_generator_v13_1_i0/fifo_generator_v13_1_1/simulation/fifo_generator_vlog_beh.v:1322]
INFO: [VRFC 10-2458] undeclared symbol wr_rst_busy_axis, assumed default net type wire [/home/graham/Dropbox/N3workingG/TE0722Rebuild/N3Vivado/TE0722TD/N3Z_TD_FIFO/N3Z_TD_FIFO.srcs/sources_1/bd/PS_PL/ip/PS_PL_n3z_tonetest_0_0/n3z_tonetest_fifo_generator_v13_1_i0/fifo_generator_v13_1_1/simulation/fifo_generator_vlog_beh.v:1561]
INFO: [VRFC 10-2458] undeclared symbol rd_rst_busy_axis, assumed default net type wire [/home/graham/Dropbox/N3workingG/TE0722Rebuild/N3Vivado/TE0722TD/N3Z_TD_FIFO/N3Z_TD_FIFO.srcs/sources_1/bd/PS_PL/ip/PS_PL_n3z_tonetest_0_0/n3z_tonetest_fifo_generator_v13_1_i0/fifo_generator_v13_1_1/simulation/fifo_generator_vlog_beh.v:1562]
INFO: [VRFC 10-2458] undeclared symbol wr_rst_busy_wach, assumed default net type wire [/home/graham/Dropbox/N3workingG/TE0722Rebuild/N3Vivado/TE0722TD/N3Z_TD_FIFO/N3Z_TD_FIFO.srcs/sources_1/bd/PS_PL/ip/PS_PL_n3z_tonetest_0_0/n3z_tonetest_fifo_generator_v13_1_i0/fifo_generator_v13_1_1/simulation/fifo_generator_vlog_beh.v:2087]
INFO: [VRFC 10-2458] undeclared symbol rd_rst_busy_wach, assumed default net type wire [/home/graham/Dropbox/N3workingG/TE0722Rebuild/N3Vivado/TE0722TD/N3Z_TD_FIFO/N3Z_TD_FIFO.srcs/sources_1/bd/PS_PL/ip/PS_PL_n3z_tonetest_0_0/n3z_tonetest_fifo_generator_v13_1_i0/fifo_generator_v13_1_1/simulation/fifo_generator_vlog_beh.v:2088]
INFO: [VRFC 10-2458] undeclared symbol wr_rst_busy_wdch, assumed default net type wire [/home/graham/Dropbox/N3workingG/TE0722Rebuild/N3Vivado/TE0722TD/N3Z_TD_FIFO/N3Z_TD_FIFO.srcs/sources_1/bd/PS_PL/ip/PS_PL_n3z_tonetest_0_0/n3z_tonetest_fifo_generator_v13_1_i0/fifo_generator_v13_1_1/simulation/fifo_generator_vlog_beh.v:2307]
INFO: [VRFC 10-2458] undeclared symbol rd_rst_busy_wdch, assumed default net type wire [/home/graham/Dropbox/N3workingG/TE0722Rebuild/N3Vivado/TE0722TD/N3Z_TD_FIFO/N3Z_TD_FIFO.srcs/sources_1/bd/PS_PL/ip/PS_PL_n3z_tonetest_0_0/n3z_tonetest_fifo_generator_v13_1_i0/fifo_generator_v13_1_1/simulation/fifo_generator_vlog_beh.v:2308]
INFO: [VRFC 10-2458] undeclared symbol wr_rst_busy_wrch, assumed default net type wire [/home/graham/Dropbox/N3workingG/TE0722Rebuild/N3Vivado/TE0722TD/N3Z_TD_FIFO/N3Z_TD_FIFO.srcs/sources_1/bd/PS_PL/ip/PS_PL_n3z_tonetest_0_0/n3z_tonetest_fifo_generator_v13_1_i0/fifo_generator_v13_1_1/simulation/fifo_generator_vlog_beh.v:2474]
INFO: [VRFC 10-2458] undeclared symbol rd_rst_busy_wrch, assumed default net type wire [/home/graham/Dropbox/N3workingG/TE0722Rebuild/N3Vivado/TE0722TD/N3Z_TD_FIFO/N3Z_TD_FIFO.srcs/sources_1/bd/PS_PL/ip/PS_PL_n3z_tonetest_0_0/n3z_tonetest_fifo_generator_v13_1_i0/fifo_generator_v13_1_1/simulation/fifo_generator_vlog_beh.v:2475]
INFO: [VRFC 10-2458] undeclared symbol wr_rst_busy_rach, assumed default net type wire [/home/graham/Dropbox/N3workingG/TE0722Rebuild/N3Vivado/TE0722TD/N3Z_TD_FIFO/N3Z_TD_FIFO.srcs/sources_1/bd/PS_PL/ip/PS_PL_n3z_tonetest_0_0/n3z_tonetest_fifo_generator_v13_1_i0/fifo_generator_v13_1_1/simulation/fifo_generator_vlog_beh.v:2854]
INFO: [VRFC 10-2458] undeclared symbol rd_rst_busy_rach, assumed default net type wire [/home/graham/Dropbox/N3workingG/TE0722Rebuild/N3Vivado/TE0722TD/N3Z_TD_FIFO/N3Z_TD_FIFO.srcs/sources_1/bd/PS_PL/ip/PS_PL_n3z_tonetest_0_0/n3z_tonetest_fifo_generator_v13_1_i0/fifo_generator_v13_1_1/simulation/fifo_generator_vlog_beh.v:2855]
INFO: [VRFC 10-2458] undeclared symbol wr_rst_busy_rdch, assumed default net type wire [/home/graham/Dropbox/N3workingG/TE0722Rebuild/N3Vivado/TE0722TD/N3Z_TD_FIFO/N3Z_TD_FIFO.srcs/sources_1/bd/PS_PL/ip/PS_PL_n3z_tonetest_0_0/n3z_tonetest_fifo_generator_v13_1_i0/fifo_generator_v13_1_1/simulation/fifo_generator_vlog_beh.v:3087]
INFO: [VRFC 10-2458] undeclared symbol rd_rst_busy_rdch, assumed default net type wire [/home/graham/Dropbox/N3workingG/TE0722Rebuild/N3Vivado/TE0722TD/N3Z_TD_FIFO/N3Z_TD_FIFO.srcs/sources_1/bd/PS_PL/ip/PS_PL_n3z_tonetest_0_0/n3z_tonetest_fifo_generator_v13_1_i0/fifo_generator_v13_1_1/simulation/fifo_generator_vlog_beh.v:3088]
INFO: [VRFC 10-311] analyzing module fifo_generator_v13_1_1_CONV_VER
INFO: [VRFC 10-311] analyzing module fifo_generator_v13_1_1_sync_stage
INFO: [VRFC 10-311] analyzing module fifo_generator_v13_1_1_bhv_ver_as
INFO: [VRFC 10-311] analyzing module fifo_generator_v13_1_1_beh_ver_ll_afifo
INFO: [VRFC 10-311] analyzing module fifo_generator_v13_1_1_bhv_ver_ss
INFO: [VRFC 10-2458] undeclared symbol srst_wrst_busy, assumed default net type wire [/home/graham/Dropbox/N3workingG/TE0722Rebuild/N3Vivado/TE0722TD/N3Z_TD_FIFO/N3Z_TD_FIFO.srcs/sources_1/bd/PS_PL/ip/PS_PL_n3z_tonetest_0_0/n3z_tonetest_fifo_generator_v13_1_i0/fifo_generator_v13_1_1/simulation/fifo_generator_vlog_beh.v:7752]
INFO: [VRFC 10-311] analyzing module fifo_generator_v13_1_1_bhv_ver_preload0
INFO: [VRFC 10-311] analyzing module fifo_generator_v13_1_1_axic_reg_slice
INFO: [VRFC 10-2263] Analyzing Verilog file "/home/graham/Dropbox/N3workingG/TE0722Rebuild/N3Vivado/TE0722TD/N3Z_TD_FIFO/N3Z_TD_FIFO.srcs/sources_1/bd/PS_PL/ip/PS_PL_n3z_tonetest_0_0/n3z_tonetest_fifo_generator_v13_1_i0/fifo_generator_v13_1_1/hdl/fifo_generator_v13_1_rfs.v" into library fifo_generator_v13_1_1
INFO: [VRFC 10-311] analyzing module fifo_generator_v13_1_1
INFO: [VRFC 10-2458] undeclared symbol sleep_i, assumed default net type wire [/home/graham/Dropbox/N3workingG/TE0722Rebuild/N3Vivado/TE0722TD/N3Z_TD_FIFO/N3Z_TD_FIFO.srcs/sources_1/bd/PS_PL/ip/PS_PL_n3z_tonetest_0_0/n3z_tonetest_fifo_generator_v13_1_i0/fifo_generator_v13_1_1/hdl/fifo_generator_v13_1_rfs.v:519]
INFO: [VRFC 10-2263] Analyzing Verilog file "/home/graham/Dropbox/N3workingG/TE0722Rebuild/N3Vivado/TE0722TD/N3Z_TD_FIFO/N3Z_TD_FIFO.ip_user_files/bd/PS_PL/ip/PS_PL_n3z_tonetest_0_0/n3z_tonetest_fifo_generator_v13_1_i0/sim/n3z_tonetest_fifo_generator_v13_1_i0.v" into library fifo_generator_v13_1_1
INFO: [VRFC 10-311] analyzing module n3z_tonetest_fifo_generator_v13_1_i0
INFO: [VRFC 10-2263] Analyzing Verilog file "/home/graham/Dropbox/N3workingG/TE0722Rebuild/N3Vivado/TE0722TD/N3Z_TD_FIFO/N3Z_TD_FIFO.srcs/sources_1/bd/PS_PL/ipshared/associationnicola/n3z_tonetest_v1_09/hdl/n3z_tonetest_axi_lite_interface_verilog.v" into library xil_defaultlib
INFO: [VRFC 10-311] analyzing module n3z_tonetest_axi_lite_interface_verilog
WARNING: [VRFC 10-634] event expressions must result in a singular type [/home/graham/Dropbox/N3workingG/TE0722Rebuild/N3Vivado/TE0722TD/N3Z_TD_FIFO/N3Z_TD_FIFO.srcs/sources_1/bd/PS_PL/ipshared/associationnicola/n3z_tonetest_v1_09/hdl/n3z_tonetest_axi_lite_interface_verilog.v:248]
INFO: [VRFC 10-2263] Analyzing Verilog file "/home/graham/Dropbox/N3workingG/TE0722Rebuild/N3Vivado/TE0722TD/N3Z_TD_FIFO/N3Z_TD_FIFO.srcs/sources_1/bd/PS_PL/ipshared/associationnicola/n3z_tonetest_v1_09/hdl/synth_reg.v" into library xil_defaultlib
INFO: [VRFC 10-311] analyzing module srlc33e
INFO: [VRFC 10-311] analyzing module synth_reg
INFO: [VRFC 10-311] analyzing module synth_reg_reg
INFO: [VRFC 10-2263] Analyzing Verilog file "/home/graham/Dropbox/N3workingG/TE0722Rebuild/N3Vivado/TE0722TD/N3Z_TD_FIFO/N3Z_TD_FIFO.srcs/sources_1/bd/PS_PL/ipshared/associationnicola/n3z_tonetest_v1_09/hdl/synth_reg_w_init.v" into library xil_defaultlib
INFO: [VRFC 10-311] analyzing module synth_reg_w_init
INFO: [VRFC 10-311] analyzing module single_reg_w_init
INFO: [VRFC 10-2263] Analyzing Verilog file "/home/graham/Dropbox/N3workingG/TE0722Rebuild/N3Vivado/TE0722TD/N3Z_TD_FIFO/N3Z_TD_FIFO.srcs/sources_1/bd/PS_PL/ipshared/associationnicola/n3z_tonetest_v1_09/hdl/convert_type.v" into library xil_defaultlib
INFO: [VRFC 10-311] analyzing module cast
INFO: [VRFC 10-311] analyzing module shift_division_result
INFO: [VRFC 10-311] analyzing module shift_op
INFO: [VRFC 10-311] analyzing module pad_lsb
INFO: [VRFC 10-311] analyzing module zero_ext
INFO: [VRFC 10-311] analyzing module sign_ext
INFO: [VRFC 10-311] analyzing module extend_msb
INFO: [VRFC 10-311] analyzing module align_input
INFO: [VRFC 10-311] analyzing module round_towards_inf
INFO: [VRFC 10-311] analyzing module round_towards_even
INFO: [VRFC 10-311] analyzing module trunc
INFO: [VRFC 10-311] analyzing module saturation_arith
INFO: [VRFC 10-311] analyzing module wrap_arith
INFO: [VRFC 10-311] analyzing module convert_type
INFO: [VRFC 10-2263] Analyzing Verilog file "/home/graham/Dropbox/N3workingG/TE0722Rebuild/N3Vivado/TE0722TD/N3Z_TD_FIFO/N3Z_TD_FIFO.ip_user_files/bd/PS_PL/ip/PS_PL_n3z_tonetest_0_0/sim/PS_PL_n3z_tonetest_0_0.v" into library xil_defaultlib
INFO: [VRFC 10-311] analyzing module PS_PL_n3z_tonetest_0_0
INFO: [VRFC 10-2263] Analyzing Verilog file "/home/graham/Dropbox/N3workingG/TE0722Rebuild/N3Vivado/TE0722TD/N3Z_TD_FIFO/N3Z_TD_FIFO.ip_user_files/bd/PS_PL/hdl/PS_PL.v" into library xil_defaultlib
INFO: [VRFC 10-311] analyzing module PS_PL
INFO: [VRFC 10-311] analyzing module PS_PL_axi_mem_intercon_1
INFO: [VRFC 10-311] analyzing module m00_couplers_imp_Y890LQ
INFO: [VRFC 10-311] analyzing module m01_couplers_imp_1I0BMW6
INFO: [VRFC 10-311] analyzing module m02_couplers_imp_1MS6PJZ
INFO: [VRFC 10-311] analyzing module s00_couplers_imp_CJ2EUD
INFO: [VRFC 10-2263] Analyzing Verilog file "/home/graham/Dropbox/N3workingG/TE0722Rebuild/N3Vivado/TE0722TD/N3Z_TD_FIFO/N3Z_TD_FIFO.ip_user_files/bd/PS_PL/ip/PS_PL_xlconstant_2_0/sim/PS_PL_xlconstant_2_0.v" into library xil_defaultlib
INFO: [VRFC 10-311] analyzing module PS_PL_xlconstant_2_0
INFO: [VRFC 10-2263] Analyzing Verilog file "/home/graham/Dropbox/N3workingG/TE0722Rebuild/N3Vivado/TE0722TD/N3Z_TD_FIFO/N3Z_TD_FIFO.ip_user_files/bd/PS_PL/ip/PS_PL_DefaultFrequency_0/sim/PS_PL_DefaultFrequency_0.v" into library xil_defaultlib
INFO: [VRFC 10-311] analyzing module PS_PL_DefaultFrequency_0
INFO: [VRFC 10-2263] Analyzing Verilog file "/home/graham/Dropbox/N3workingG/TE0722Rebuild/N3Vivado/TE0722TD/N3Z_TD_FIFO/N3Z_TD_FIFO.ip_user_files/ipstatic/generic_baseblocks_v2_1/hdl/verilog/generic_baseblocks_v2_1_carry_and.v" into library generic_baseblocks_v2_1_0
INFO: [VRFC 10-311] analyzing module generic_baseblocks_v2_1_0_carry_and
INFO: [VRFC 10-2263] Analyzing Verilog file "/home/graham/Dropbox/N3workingG/TE0722Rebuild/N3Vivado/TE0722TD/N3Z_TD_FIFO/N3Z_TD_FIFO.ip_user_files/ipstatic/generic_baseblocks_v2_1/hdl/verilog/generic_baseblocks_v2_1_carry_latch_and.v" into library generic_baseblocks_v2_1_0
INFO: [VRFC 10-311] analyzing module generic_baseblocks_v2_1_0_carry_latch_and
INFO: [VRFC 10-2263] Analyzing Verilog file "/home/graham/Dropbox/N3workingG/TE0722Rebuild/N3Vivado/TE0722TD/N3Z_TD_FIFO/N3Z_TD_FIFO.ip_user_files/ipstatic/generic_baseblocks_v2_1/hdl/verilog/generic_baseblocks_v2_1_carry_latch_or.v" into library generic_baseblocks_v2_1_0
INFO: [VRFC 10-311] analyzing module generic_baseblocks_v2_1_0_carry_latch_or
INFO: [VRFC 10-2263] Analyzing Verilog file "/home/graham/Dropbox/N3workingG/TE0722Rebuild/N3Vivado/TE0722TD/N3Z_TD_FIFO/N3Z_TD_FIFO.ip_user_files/ipstatic/generic_baseblocks_v2_1/hdl/verilog/generic_baseblocks_v2_1_carry_or.v" into library generic_baseblocks_v2_1_0
INFO: [VRFC 10-311] analyzing module generic_baseblocks_v2_1_0_carry_or
INFO: [VRFC 10-2263] Analyzing Verilog file "/home/graham/Dropbox/N3workingG/TE0722Rebuild/N3Vivado/TE0722TD/N3Z_TD_FIFO/N3Z_TD_FIFO.ip_user_files/ipstatic/generic_baseblocks_v2_1/hdl/verilog/generic_baseblocks_v2_1_carry.v" into library generic_baseblocks_v2_1_0
INFO: [VRFC 10-311] analyzing module generic_baseblocks_v2_1_0_carry
INFO: [VRFC 10-2263] Analyzing Verilog file "/home/graham/Dropbox/N3workingG/TE0722Rebuild/N3Vivado/TE0722TD/N3Z_TD_FIFO/N3Z_TD_FIFO.ip_user_files/ipstatic/generic_baseblocks_v2_1/hdl/verilog/generic_baseblocks_v2_1_command_fifo.v" into library generic_baseblocks_v2_1_0
INFO: [VRFC 10-311] analyzing module generic_baseblocks_v2_1_0_command_fifo
INFO: [VRFC 10-2263] Analyzing Verilog file "/home/graham/Dropbox/N3workingG/TE0722Rebuild/N3Vivado/TE0722TD/N3Z_TD_FIFO/N3Z_TD_FIFO.ip_user_files/ipstatic/generic_baseblocks_v2_1/hdl/verilog/generic_baseblocks_v2_1_comparator_mask_static.v" into library generic_baseblocks_v2_1_0
INFO: [VRFC 10-311] analyzing module generic_baseblocks_v2_1_0_comparator_mask_static
INFO: [VRFC 10-2263] Analyzing Verilog file "/home/graham/Dropbox/N3workingG/TE0722Rebuild/N3Vivado/TE0722TD/N3Z_TD_FIFO/N3Z_TD_FIFO.ip_user_files/ipstatic/generic_baseblocks_v2_1/hdl/verilog/generic_baseblocks_v2_1_comparator_mask.v" into library generic_baseblocks_v2_1_0
INFO: [VRFC 10-311] analyzing module generic_baseblocks_v2_1_0_comparator_mask
INFO: [VRFC 10-2263] Analyzing Verilog file "/home/graham/Dropbox/N3workingG/TE0722Rebuild/N3Vivado/TE0722TD/N3Z_TD_FIFO/N3Z_TD_FIFO.ip_user_files/ipstatic/generic_baseblocks_v2_1/hdl/verilog/generic_baseblocks_v2_1_comparator_sel_mask_static.v" into library generic_baseblocks_v2_1_0
INFO: [VRFC 10-311] analyzing module generic_baseblocks_v2_1_0_comparator_sel_mask_static
INFO: [VRFC 10-2263] Analyzing Verilog file "/home/graham/Dropbox/N3workingG/TE0722Rebuild/N3Vivado/TE0722TD/N3Z_TD_FIFO/N3Z_TD_FIFO.ip_user_files/ipstatic/generic_baseblocks_v2_1/hdl/verilog/generic_baseblocks_v2_1_comparator_sel_mask.v" into library generic_baseblocks_v2_1_0
INFO: [VRFC 10-311] analyzing module generic_baseblocks_v2_1_0_comparator_sel_mask
INFO: [VRFC 10-2263] Analyzing Verilog file "/home/graham/Dropbox/N3workingG/TE0722Rebuild/N3Vivado/TE0722TD/N3Z_TD_FIFO/N3Z_TD_FIFO.ip_user_files/ipstatic/generic_baseblocks_v2_1/hdl/verilog/generic_baseblocks_v2_1_comparator_sel_static.v" into library generic_baseblocks_v2_1_0
INFO: [VRFC 10-311] analyzing module generic_baseblocks_v2_1_0_comparator_sel_static
INFO: [VRFC 10-2263] Analyzing Verilog file "/home/graham/Dropbox/N3workingG/TE0722Rebuild/N3Vivado/TE0722TD/N3Z_TD_FIFO/N3Z_TD_FIFO.ip_user_files/ipstatic/generic_baseblocks_v2_1/hdl/verilog/generic_baseblocks_v2_1_comparator_sel.v" into library generic_baseblocks_v2_1_0
INFO: [VRFC 10-311] analyzing module generic_baseblocks_v2_1_0_comparator_sel
INFO: [VRFC 10-2263] Analyzing Verilog file "/home/graham/Dropbox/N3workingG/TE0722Rebuild/N3Vivado/TE0722TD/N3Z_TD_FIFO/N3Z_TD_FIFO.ip_user_files/ipstatic/generic_baseblocks_v2_1/hdl/verilog/generic_baseblocks_v2_1_comparator_static.v" into library generic_baseblocks_v2_1_0
INFO: [VRFC 10-311] analyzing module generic_baseblocks_v2_1_0_comparator_static
INFO: [VRFC 10-2263] Analyzing Verilog file "/home/graham/Dropbox/N3workingG/TE0722Rebuild/N3Vivado/TE0722TD/N3Z_TD_FIFO/N3Z_TD_FIFO.ip_user_files/ipstatic/generic_baseblocks_v2_1/hdl/verilog/generic_baseblocks_v2_1_comparator.v" into library generic_baseblocks_v2_1_0
INFO: [VRFC 10-311] analyzing module generic_baseblocks_v2_1_0_comparator
INFO: [VRFC 10-2263] Analyzing Verilog file "/home/graham/Dropbox/N3workingG/TE0722Rebuild/N3Vivado/TE0722TD/N3Z_TD_FIFO/N3Z_TD_FIFO.ip_user_files/ipstatic/generic_baseblocks_v2_1/hdl/verilog/generic_baseblocks_v2_1_mux_enc.v" into library generic_baseblocks_v2_1_0
INFO: [VRFC 10-311] analyzing module generic_baseblocks_v2_1_0_mux_enc
INFO: [VRFC 10-2263] Analyzing Verilog file "/home/graham/Dropbox/N3workingG/TE0722Rebuild/N3Vivado/TE0722TD/N3Z_TD_FIFO/N3Z_TD_FIFO.ip_user_files/ipstatic/generic_baseblocks_v2_1/hdl/verilog/generic_baseblocks_v2_1_mux.v" into library generic_baseblocks_v2_1_0
INFO: [VRFC 10-311] analyzing module generic_baseblocks_v2_1_0_mux
INFO: [VRFC 10-2263] Analyzing Verilog file "/home/graham/Dropbox/N3workingG/TE0722Rebuild/N3Vivado/TE0722TD/N3Z_TD_FIFO/N3Z_TD_FIFO.ip_user_files/ipstatic/generic_baseblocks_v2_1/hdl/verilog/generic_baseblocks_v2_1_nto1_mux.v" into library generic_baseblocks_v2_1_0
INFO: [VRFC 10-311] analyzing module generic_baseblocks_v2_1_0_nto1_mux
INFO: [VRFC 10-2263] Analyzing Verilog file "/home/graham/Dropbox/N3workingG/TE0722Rebuild/N3Vivado/TE0722TD/N3Z_TD_FIFO/N3Z_TD_FIFO.ip_user_files/ipstatic/axi_infrastructure_v1_1/hdl/verilog/axi_infrastructure_v1_1_axi2vector.v" into library axi_infrastructure_v1_1_0
INFO: [VRFC 10-311] analyzing module axi_infrastructure_v1_1_0_axi2vector
INFO: [VRFC 10-2263] Analyzing Verilog file "/home/graham/Dropbox/N3workingG/TE0722Rebuild/N3Vivado/TE0722TD/N3Z_TD_FIFO/N3Z_TD_FIFO.ip_user_files/ipstatic/axi_infrastructure_v1_1/hdl/verilog/axi_infrastructure_v1_1_axic_srl_fifo.v" into library axi_infrastructure_v1_1_0
INFO: [VRFC 10-311] analyzing module axi_infrastructure_v1_1_0_axic_srl_fifo
INFO: [VRFC 10-2263] Analyzing Verilog file "/home/graham/Dropbox/N3workingG/TE0722Rebuild/N3Vivado/TE0722TD/N3Z_TD_FIFO/N3Z_TD_FIFO.ip_user_files/ipstatic/axi_infrastructure_v1_1/hdl/verilog/axi_infrastructure_v1_1_vector2axi.v" into library axi_infrastructure_v1_1_0
INFO: [VRFC 10-311] analyzing module axi_infrastructure_v1_1_0_vector2axi
INFO: [VRFC 10-2263] Analyzing Verilog file "/home/graham/Dropbox/N3workingG/TE0722Rebuild/N3Vivado/TE0722TD/N3Z_TD_FIFO/N3Z_TD_FIFO.ip_user_files/ipstatic/axi_register_slice_v2_1/hdl/verilog/axi_register_slice_v2_1_axic_register_slice.v" into library axi_register_slice_v2_1_9
INFO: [VRFC 10-311] analyzing module axi_register_slice_v2_1_9_srl_rtl
INFO: [VRFC 10-311] analyzing module axi_register_slice_v2_1_9_axic_register_slice
INFO: [VRFC 10-2263] Analyzing Verilog file "/home/graham/Dropbox/N3workingG/TE0722Rebuild/N3Vivado/TE0722TD/N3Z_TD_FIFO/N3Z_TD_FIFO.ip_user_files/ipstatic/axi_register_slice_v2_1/hdl/verilog/axi_register_slice_v2_1_axi_register_slice.v" into library axi_register_slice_v2_1_9
INFO: [VRFC 10-311] analyzing module axi_register_slice_v2_1_9_axi_register_slice
INFO: [VRFC 10-2263] Analyzing Verilog file "/home/graham/Dropbox/N3workingG/TE0722Rebuild/N3Vivado/TE0722TD/N3Z_TD_FIFO/N3Z_TD_FIFO.ip_user_files/ipstatic/axi_data_fifo_v2_1/hdl/verilog/axi_data_fifo_v2_1_axic_fifo.v" into library axi_data_fifo_v2_1_8
INFO: [VRFC 10-311] analyzing module axi_data_fifo_v2_1_8_axic_fifo
INFO: [VRFC 10-2263] Analyzing Verilog file "/home/graham/Dropbox/N3workingG/TE0722Rebuild/N3Vivado/TE0722TD/N3Z_TD_FIFO/N3Z_TD_FIFO.ip_user_files/ipstatic/axi_data_fifo_v2_1/hdl/verilog/axi_data_fifo_v2_1_fifo_gen.v" into library axi_data_fifo_v2_1_8
INFO: [VRFC 10-311] analyzing module axi_data_fifo_v2_1_8_fifo_gen
INFO: [VRFC 10-2263] Analyzing Verilog file "/home/graham/Dropbox/N3workingG/TE0722Rebuild/N3Vivado/TE0722TD/N3Z_TD_FIFO/N3Z_TD_FIFO.ip_user_files/ipstatic/axi_data_fifo_v2_1/hdl/verilog/axi_data_fifo_v2_1_axic_srl_fifo.v" into library axi_data_fifo_v2_1_8
INFO: [VRFC 10-311] analyzing module axi_data_fifo_v2_1_8_axic_srl_fifo
INFO: [VRFC 10-2263] Analyzing Verilog file "/home/graham/Dropbox/N3workingG/TE0722Rebuild/N3Vivado/TE0722TD/N3Z_TD_FIFO/N3Z_TD_FIFO.ip_user_files/ipstatic/axi_data_fifo_v2_1/hdl/verilog/axi_data_fifo_v2_1_axic_reg_srl_fifo.v" into library axi_data_fifo_v2_1_8
INFO: [VRFC 10-311] analyzing module axi_data_fifo_v2_1_8_axic_reg_srl_fifo
INFO: [VRFC 10-2263] Analyzing Verilog file "/home/graham/Dropbox/N3workingG/TE0722Rebuild/N3Vivado/TE0722TD/N3Z_TD_FIFO/N3Z_TD_FIFO.ip_user_files/ipstatic/axi_data_fifo_v2_1/hdl/verilog/axi_data_fifo_v2_1_ndeep_srl.v" into library axi_data_fifo_v2_1_8
INFO: [VRFC 10-311] analyzing module axi_data_fifo_v2_1_8_ndeep_srl
INFO: [VRFC 10-2263] Analyzing Verilog file "/home/graham/Dropbox/N3workingG/TE0722Rebuild/N3Vivado/TE0722TD/N3Z_TD_FIFO/N3Z_TD_FIFO.ip_user_files/ipstatic/axi_data_fifo_v2_1/hdl/verilog/axi_data_fifo_v2_1_axi_data_fifo.v" into library axi_data_fifo_v2_1_8
INFO: [VRFC 10-311] analyzing module axi_data_fifo_v2_1_8_axi_data_fifo
INFO: [VRFC 10-2263] Analyzing Verilog file "/home/graham/Dropbox/N3workingG/TE0722Rebuild/N3Vivado/TE0722TD/N3Z_TD_FIFO/N3Z_TD_FIFO.ip_user_files/ipstatic/axi_crossbar_v2_1/hdl/verilog/axi_crossbar_v2_1_addr_arbiter_sasd.v" into library axi_crossbar_v2_1_10
INFO: [VRFC 10-311] analyzing module axi_crossbar_v2_1_10_addr_arbiter_sasd
INFO: [VRFC 10-2263] Analyzing Verilog file "/home/graham/Dropbox/N3workingG/TE0722Rebuild/N3Vivado/TE0722TD/N3Z_TD_FIFO/N3Z_TD_FIFO.ip_user_files/ipstatic/axi_crossbar_v2_1/hdl/verilog/axi_crossbar_v2_1_addr_arbiter.v" into library axi_crossbar_v2_1_10
INFO: [VRFC 10-311] analyzing module axi_crossbar_v2_1_10_addr_arbiter
INFO: [VRFC 10-2263] Analyzing Verilog file "/home/graham/Dropbox/N3workingG/TE0722Rebuild/N3Vivado/TE0722TD/N3Z_TD_FIFO/N3Z_TD_FIFO.ip_user_files/ipstatic/axi_crossbar_v2_1/hdl/verilog/axi_crossbar_v2_1_addr_decoder.v" into library axi_crossbar_v2_1_10
INFO: [VRFC 10-311] analyzing module axi_crossbar_v2_1_10_addr_decoder
INFO: [VRFC 10-2263] Analyzing Verilog file "/home/graham/Dropbox/N3workingG/TE0722Rebuild/N3Vivado/TE0722TD/N3Z_TD_FIFO/N3Z_TD_FIFO.ip_user_files/ipstatic/axi_crossbar_v2_1/hdl/verilog/axi_crossbar_v2_1_arbiter_resp.v" into library axi_crossbar_v2_1_10
INFO: [VRFC 10-311] analyzing module axi_crossbar_v2_1_10_arbiter_resp
INFO: [VRFC 10-2263] Analyzing Verilog file "/home/graham/Dropbox/N3workingG/TE0722Rebuild/N3Vivado/TE0722TD/N3Z_TD_FIFO/N3Z_TD_FIFO.ip_user_files/ipstatic/axi_crossbar_v2_1/hdl/verilog/axi_crossbar_v2_1_crossbar_sasd.v" into library axi_crossbar_v2_1_10
INFO: [VRFC 10-311] analyzing module axi_crossbar_v2_1_10_crossbar_sasd
INFO: [VRFC 10-2263] Analyzing Verilog file "/home/graham/Dropbox/N3workingG/TE0722Rebuild/N3Vivado/TE0722TD/N3Z_TD_FIFO/N3Z_TD_FIFO.ip_user_files/ipstatic/axi_crossbar_v2_1/hdl/verilog/axi_crossbar_v2_1_crossbar.v" into library axi_crossbar_v2_1_10
INFO: [VRFC 10-311] analyzing module axi_crossbar_v2_1_10_crossbar
INFO: [VRFC 10-2263] Analyzing Verilog file "/home/graham/Dropbox/N3workingG/TE0722Rebuild/N3Vivado/TE0722TD/N3Z_TD_FIFO/N3Z_TD_FIFO.ip_user_files/ipstatic/axi_crossbar_v2_1/hdl/verilog/axi_crossbar_v2_1_decerr_slave.v" into library axi_crossbar_v2_1_10
INFO: [VRFC 10-311] analyzing module axi_crossbar_v2_1_10_decerr_slave
INFO: [VRFC 10-2263] Analyzing Verilog file "/home/graham/Dropbox/N3workingG/TE0722Rebuild/N3Vivado/TE0722TD/N3Z_TD_FIFO/N3Z_TD_FIFO.ip_user_files/ipstatic/axi_crossbar_v2_1/hdl/verilog/axi_crossbar_v2_1_si_transactor.v" into library axi_crossbar_v2_1_10
INFO: [VRFC 10-311] analyzing module axi_crossbar_v2_1_10_si_transactor
INFO: [VRFC 10-2263] Analyzing Verilog file "/home/graham/Dropbox/N3workingG/TE0722Rebuild/N3Vivado/TE0722TD/N3Z_TD_FIFO/N3Z_TD_FIFO.ip_user_files/ipstatic/axi_crossbar_v2_1/hdl/verilog/axi_crossbar_v2_1_splitter.v" into library axi_crossbar_v2_1_10
INFO: [VRFC 10-311] analyzing module axi_crossbar_v2_1_10_splitter
INFO: [VRFC 10-2263] Analyzing Verilog file "/home/graham/Dropbox/N3workingG/TE0722Rebuild/N3Vivado/TE0722TD/N3Z_TD_FIFO/N3Z_TD_FIFO.ip_user_files/ipstatic/axi_crossbar_v2_1/hdl/verilog/axi_crossbar_v2_1_wdata_mux.v" into library axi_crossbar_v2_1_10
INFO: [VRFC 10-311] analyzing module axi_crossbar_v2_1_10_wdata_mux
INFO: [VRFC 10-2263] Analyzing Verilog file "/home/graham/Dropbox/N3workingG/TE0722Rebuild/N3Vivado/TE0722TD/N3Z_TD_FIFO/N3Z_TD_FIFO.ip_user_files/ipstatic/axi_crossbar_v2_1/hdl/verilog/axi_crossbar_v2_1_wdata_router.v" into library axi_crossbar_v2_1_10
INFO: [VRFC 10-311] analyzing module axi_crossbar_v2_1_10_wdata_router
INFO: [VRFC 10-2263] Analyzing Verilog file "/home/graham/Dropbox/N3workingG/TE0722Rebuild/N3Vivado/TE0722TD/N3Z_TD_FIFO/N3Z_TD_FIFO.ip_user_files/ipstatic/axi_crossbar_v2_1/hdl/verilog/axi_crossbar_v2_1_axi_crossbar.v" into library axi_crossbar_v2_1_10
INFO: [VRFC 10-311] analyzing module axi_crossbar_v2_1_10_axi_crossbar
INFO: [VRFC 10-2263] Analyzing Verilog file "/home/graham/Dropbox/N3workingG/TE0722Rebuild/N3Vivado/TE0722TD/N3Z_TD_FIFO/N3Z_TD_FIFO.ip_user_files/bd/PS_PL/ip/PS_PL_xbar_1/sim/PS_PL_xbar_1.v" into library xil_defaultlib
INFO: [VRFC 10-311] analyzing module PS_PL_xbar_1
INFO: [VRFC 10-2263] Analyzing Verilog file "/home/graham/Dropbox/N3workingG/TE0722Rebuild/N3Vivado/TE0722TD/N3Z_TD_FIFO/N3Z_TD_FIFO.ip_user_files/bd/PS_PL/ip/PS_PL_xlconstant_3_0/sim/PS_PL_xlconstant_3_0.v" into library xil_defaultlib
INFO: [VRFC 10-311] analyzing module PS_PL_xlconstant_3_0
INFO: [VRFC 10-2263] Analyzing Verilog file "/home/graham/Dropbox/N3workingG/TE0722Rebuild/N3Vivado/TE0722TD/N3Z_TD_FIFO/N3Z_TD_FIFO.ip_user_files/bd/PS_PL/ipshared/xilinx.com/xlslice_v1_0/xlslice.v" into library xil_defaultlib
INFO: [VRFC 10-311] analyzing module xlslice
INFO: [VRFC 10-2263] Analyzing Verilog file "/home/graham/Dropbox/N3workingG/TE0722Rebuild/N3Vivado/TE0722TD/N3Z_TD_FIFO/N3Z_TD_FIFO.ip_user_files/bd/PS_PL/ip/PS_PL_xlslice_0_0/sim/PS_PL_xlslice_0_0.v" into library xil_defaultlib
INFO: [VRFC 10-311] analyzing module PS_PL_xlslice_0_0
INFO: [VRFC 10-2263] Analyzing Verilog file "/home/graham/Dropbox/N3workingG/TE0722Rebuild/N3Vivado/TE0722TD/N3Z_TD_FIFO/N3Z_TD_FIFO.ip_user_files/bd/PS_PL/ip/PS_PL_xlslice_0_1/sim/PS_PL_xlslice_0_1.v" into library xil_defaultlib
INFO: [VRFC 10-311] analyzing module PS_PL_xlslice_0_1
INFO: [VRFC 10-2263] Analyzing Verilog file "/home/graham/Dropbox/N3workingG/TE0722Rebuild/N3Vivado/TE0722TD/N3Z_TD_FIFO/N3Z_TD_FIFO.ip_user_files/bd/PS_PL/ip/PS_PL_xlslice_0_2/sim/PS_PL_xlslice_0_2.v" into library xil_defaultlib
INFO: [VRFC 10-311] analyzing module PS_PL_xlslice_0_2
INFO: [VRFC 10-2263] Analyzing Verilog file "/home/graham/Dropbox/N3workingG/TE0722Rebuild/N3Vivado/TE0722TD/N3Z_TD_FIFO/N3Z_TD_FIFO.ip_user_files/bd/PS_PL/ip/PS_PL_xlslice_3_0/sim/PS_PL_xlslice_3_0.v" into library xil_defaultlib
INFO: [VRFC 10-311] analyzing module PS_PL_xlslice_3_0
INFO: [VRFC 10-2263] Analyzing Verilog file "/home/graham/Dropbox/N3workingG/TE0722Rebuild/N3Vivado/TE0722TD/N3Z_TD_FIFO/N3Z_TD_FIFO.ip_user_files/bd/PS_PL/ip/PS_PL_LCDDATA_0/sim/PS_PL_LCDDATA_0.v" into library xil_defaultlib
INFO: [VRFC 10-311] analyzing module PS_PL_LCDDATA_0
INFO: [VRFC 10-2263] Analyzing Verilog file "/home/graham/Dropbox/N3workingG/TE0722Rebuild/N3Vivado/TE0722TD/N3Z_TD_FIFO/N3Z_TD_FIFO.ip_user_files/ipstatic/axi_protocol_converter_v2_1/hdl/verilog/axi_protocol_converter_v2_1_a_axi3_conv.v" into library axi_protocol_converter_v2_1_9
INFO: [VRFC 10-311] analyzing module axi_protocol_converter_v2_1_9_a_axi3_conv
INFO: [VRFC 10-2263] Analyzing Verilog file "/home/graham/Dropbox/N3workingG/TE0722Rebuild/N3Vivado/TE0722TD/N3Z_TD_FIFO/N3Z_TD_FIFO.ip_user_files/ipstatic/axi_protocol_converter_v2_1/hdl/verilog/axi_protocol_converter_v2_1_axi3_conv.v" into library axi_protocol_converter_v2_1_9
INFO: [VRFC 10-311] analyzing module axi_protocol_converter_v2_1_9_axi3_conv
INFO: [VRFC 10-2263] Analyzing Verilog file "/home/graham/Dropbox/N3workingG/TE0722Rebuild/N3Vivado/TE0722TD/N3Z_TD_FIFO/N3Z_TD_FIFO.ip_user_files/ipstatic/axi_protocol_converter_v2_1/hdl/verilog/axi_protocol_converter_v2_1_axilite_conv.v" into library axi_protocol_converter_v2_1_9
INFO: [VRFC 10-311] analyzing module axi_protocol_converter_v2_1_9_axilite_conv
INFO: [VRFC 10-2263] Analyzing Verilog file "/home/graham/Dropbox/N3workingG/TE0722Rebuild/N3Vivado/TE0722TD/N3Z_TD_FIFO/N3Z_TD_FIFO.ip_user_files/ipstatic/axi_protocol_converter_v2_1/hdl/verilog/axi_protocol_converter_v2_1_r_axi3_conv.v" into library axi_protocol_converter_v2_1_9
INFO: [VRFC 10-311] analyzing module axi_protocol_converter_v2_1_9_r_axi3_conv
INFO: [VRFC 10-2263] Analyzing Verilog file "/home/graham/Dropbox/N3workingG/TE0722Rebuild/N3Vivado/TE0722TD/N3Z_TD_FIFO/N3Z_TD_FIFO.ip_user_files/ipstatic/axi_protocol_converter_v2_1/hdl/verilog/axi_protocol_converter_v2_1_w_axi3_conv.v" into library axi_protocol_converter_v2_1_9
INFO: [VRFC 10-311] analyzing module axi_protocol_converter_v2_1_9_w_axi3_conv
INFO: [VRFC 10-2263] Analyzing Verilog file "/home/graham/Dropbox/N3workingG/TE0722Rebuild/N3Vivado/TE0722TD/N3Z_TD_FIFO/N3Z_TD_FIFO.ip_user_files/ipstatic/axi_protocol_converter_v2_1/hdl/verilog/axi_protocol_converter_v2_1_b_downsizer.v" into library axi_protocol_converter_v2_1_9
INFO: [VRFC 10-311] analyzing module axi_protocol_converter_v2_1_9_b_downsizer
INFO: [VRFC 10-2263] Analyzing Verilog file "/home/graham/Dropbox/N3workingG/TE0722Rebuild/N3Vivado/TE0722TD/N3Z_TD_FIFO/N3Z_TD_FIFO.ip_user_files/ipstatic/axi_protocol_converter_v2_1/hdl/verilog/axi_protocol_converter_v2_1_decerr_slave.v" into library axi_protocol_converter_v2_1_9
INFO: [VRFC 10-311] analyzing module axi_protocol_converter_v2_1_9_decerr_slave
INFO: [VRFC 10-2263] Analyzing Verilog file "/home/graham/Dropbox/N3workingG/TE0722Rebuild/N3Vivado/TE0722TD/N3Z_TD_FIFO/N3Z_TD_FIFO.ip_user_files/ipstatic/axi_protocol_converter_v2_1/hdl/verilog/axi_protocol_converter_v2_1_b2s_simple_fifo.v" into library axi_protocol_converter_v2_1_9
INFO: [VRFC 10-311] analyzing module axi_protocol_converter_v2_1_9_b2s_simple_fifo
INFO: [VRFC 10-2263] Analyzing Verilog file "/home/graham/Dropbox/N3workingG/TE0722Rebuild/N3Vivado/TE0722TD/N3Z_TD_FIFO/N3Z_TD_FIFO.ip_user_files/ipstatic/axi_protocol_converter_v2_1/hdl/verilog/axi_protocol_converter_v2_1_b2s_wrap_cmd.v" into library axi_protocol_converter_v2_1_9
INFO: [VRFC 10-311] analyzing module axi_protocol_converter_v2_1_9_b2s_wrap_cmd
INFO: [VRFC 10-2263] Analyzing Verilog file "/home/graham/Dropbox/N3workingG/TE0722Rebuild/N3Vivado/TE0722TD/N3Z_TD_FIFO/N3Z_TD_FIFO.ip_user_files/ipstatic/axi_protocol_converter_v2_1/hdl/verilog/axi_protocol_converter_v2_1_b2s_incr_cmd.v" into library axi_protocol_converter_v2_1_9
INFO: [VRFC 10-311] analyzing module axi_protocol_converter_v2_1_9_b2s_incr_cmd
INFO: [VRFC 10-2263] Analyzing Verilog file "/home/graham/Dropbox/N3workingG/TE0722Rebuild/N3Vivado/TE0722TD/N3Z_TD_FIFO/N3Z_TD_FIFO.ip_user_files/ipstatic/axi_protocol_converter_v2_1/hdl/verilog/axi_protocol_converter_v2_1_b2s_wr_cmd_fsm.v" into library axi_protocol_converter_v2_1_9
INFO: [VRFC 10-311] analyzing module axi_protocol_converter_v2_1_9_b2s_wr_cmd_fsm
INFO: [VRFC 10-2263] Analyzing Verilog file "/home/graham/Dropbox/N3workingG/TE0722Rebuild/N3Vivado/TE0722TD/N3Z_TD_FIFO/N3Z_TD_FIFO.ip_user_files/ipstatic/axi_protocol_converter_v2_1/hdl/verilog/axi_protocol_converter_v2_1_b2s_rd_cmd_fsm.v" into library axi_protocol_converter_v2_1_9
INFO: [VRFC 10-311] analyzing module axi_protocol_converter_v2_1_9_b2s_rd_cmd_fsm
INFO: [VRFC 10-2263] Analyzing Verilog file "/home/graham/Dropbox/N3workingG/TE0722Rebuild/N3Vivado/TE0722TD/N3Z_TD_FIFO/N3Z_TD_FIFO.ip_user_files/ipstatic/axi_protocol_converter_v2_1/hdl/verilog/axi_protocol_converter_v2_1_b2s_cmd_translator.v" into library axi_protocol_converter_v2_1_9
INFO: [VRFC 10-311] analyzing module axi_protocol_converter_v2_1_9_b2s_cmd_translator
INFO: [VRFC 10-2263] Analyzing Verilog file "/home/graham/Dropbox/N3workingG/TE0722Rebuild/N3Vivado/TE0722TD/N3Z_TD_FIFO/N3Z_TD_FIFO.ip_user_files/ipstatic/axi_protocol_converter_v2_1/hdl/verilog/axi_protocol_converter_v2_1_b2s_b_channel.v" into library axi_protocol_converter_v2_1_9
INFO: [VRFC 10-311] analyzing module axi_protocol_converter_v2_1_9_b2s_b_channel
INFO: [VRFC 10-2263] Analyzing Verilog file "/home/graham/Dropbox/N3workingG/TE0722Rebuild/N3Vivado/TE0722TD/N3Z_TD_FIFO/N3Z_TD_FIFO.ip_user_files/ipstatic/axi_protocol_converter_v2_1/hdl/verilog/axi_protocol_converter_v2_1_b2s_r_channel.v" into library axi_protocol_converter_v2_1_9
INFO: [VRFC 10-311] analyzing module axi_protocol_converter_v2_1_9_b2s_r_channel
INFO: [VRFC 10-2263] Analyzing Verilog file "/home/graham/Dropbox/N3workingG/TE0722Rebuild/N3Vivado/TE0722TD/N3Z_TD_FIFO/N3Z_TD_FIFO.ip_user_files/ipstatic/axi_protocol_converter_v2_1/hdl/verilog/axi_protocol_converter_v2_1_b2s_aw_channel.v" into library axi_protocol_converter_v2_1_9
INFO: [VRFC 10-311] analyzing module axi_protocol_converter_v2_1_9_b2s_aw_channel
INFO: [VRFC 10-2263] Analyzing Verilog file "/home/graham/Dropbox/N3workingG/TE0722Rebuild/N3Vivado/TE0722TD/N3Z_TD_FIFO/N3Z_TD_FIFO.ip_user_files/ipstatic/axi_protocol_converter_v2_1/hdl/verilog/axi_protocol_converter_v2_1_b2s_ar_channel.v" into library axi_protocol_converter_v2_1_9
INFO: [VRFC 10-311] analyzing module axi_protocol_converter_v2_1_9_b2s_ar_channel
INFO: [VRFC 10-2263] Analyzing Verilog file "/home/graham/Dropbox/N3workingG/TE0722Rebuild/N3Vivado/TE0722TD/N3Z_TD_FIFO/N3Z_TD_FIFO.ip_user_files/ipstatic/axi_protocol_converter_v2_1/hdl/verilog/axi_protocol_converter_v2_1_b2s.v" into library axi_protocol_converter_v2_1_9
INFO: [VRFC 10-311] analyzing module axi_protocol_converter_v2_1_9_b2s
INFO: [VRFC 10-2263] Analyzing Verilog file "/home/graham/Dropbox/N3workingG/TE0722Rebuild/N3Vivado/TE0722TD/N3Z_TD_FIFO/N3Z_TD_FIFO.ip_user_files/ipstatic/axi_protocol_converter_v2_1/hdl/verilog/axi_protocol_converter_v2_1_axi_protocol_converter.v" into library axi_protocol_converter_v2_1_9
INFO: [VRFC 10-311] analyzing module axi_protocol_converter_v2_1_9_axi_protocol_converter
INFO: [VRFC 10-2263] Analyzing Verilog file "/home/graham/Dropbox/N3workingG/TE0722Rebuild/N3Vivado/TE0722TD/N3Z_TD_FIFO/N3Z_TD_FIFO.ip_user_files/bd/PS_PL/ip/PS_PL_auto_pc_0/sim/PS_PL_auto_pc_0.v" into library xil_defaultlib
INFO: [VRFC 10-311] analyzing module PS_PL_auto_pc_0
INFO: [VRFC 10-2263] Analyzing Verilog file "/home/graham/Dropbox/N3workingG/TE0722Rebuild/N3Vivado/TE0722TD/N3Z_TD_FIFO/N3Z_TD_FIFO.srcs/sources_1/bd/PS_PL/hdl/PS_PL_wrapper.v" into library xil_defaultlib
INFO: [VRFC 10-311] analyzing module PS_PL_wrapper
INFO: [VRFC 10-2263] Analyzing Verilog file "/home/graham/Dropbox/N3workingG/TE0722Rebuild/N3Vivado/TE0722TD/N3Z_TD_FIFO/N3Z_TD_FIFO.sim/sim_1/behav/glbl.v" into library xil_defaultlib
INFO: [VRFC 10-311] analyzing module glbl
