17:03:14 INFO  : Launching XSDB server: xsdb -n -interactive /home/graham/Dropbox/N3workingG/TE0722Rebuild/N3Vivado/TE0722TD/TE0722TD.sdk/temp_xsdb_launch_script.tcl
17:03:20 INFO  : XSDB server has started successfully.
17:03:34 INFO  : Processing command line option -hwspec /home/graham/Dropbox/N3workingG/TE0722Rebuild/N3Vivado/TE0722TD/TE0722TD.sdk/PS_PL_wrapper.hdf.
21:08:37 INFO  : Launching XSDB server: xsdb -n -interactive /home/graham/Dropbox/N3workingG/TE0722Rebuild/N3Vivado/TE0722TD/TE0722TD.sdk/temp_xsdb_launch_script.tcl
21:08:38 INFO  : XSDB server has started successfully.
21:08:39 INFO  : Processing command line option -hwspec /home/graham/Dropbox/N3workingG/TE0722Rebuild/N3Vivado/TE0722TD/TE0722TD.sdk/PS_PL_wrapper.hdf.
21:08:40 INFO  : Checking for hwspec changes in the project PS_PL_wrapper_hw_platform_0.
21:17:02 INFO  : Launching XSDB server: xsdb -n -interactive /home/graham/Dropbox/N3workingG/TE0722Rebuild/N3Vivado/TE0722TD/TE0722TD.sdk/temp_xsdb_launch_script.tcl
21:17:13 INFO  : XSDB server has started successfully.
21:17:45 INFO  : Processing command line option -hwspec /home/graham/Dropbox/N3workingG/TE0722Rebuild/N3Vivado/TE0722TD/TE0722TD.sdk/PS_PL_wrapper.hdf.
21:17:47 INFO  : Checking for hwspec changes in the project PS_PL_wrapper_hw_platform_0.
22:19:41 INFO  : Launching XSDB server: xsdb -n -interactive /home/graham/Dropbox/N3workingG/TE0722Rebuild/N3Vivado/TE0722TD/TE0722TD.sdk/temp_xsdb_launch_script.tcl
22:19:49 INFO  : XSDB server has started successfully.
22:20:28 INFO  : Processing command line option -hwspec /home/graham/Dropbox/N3workingG/TE0722Rebuild/N3Vivado/TE0722TD/TE0722TD.sdk/PS_PL_wrapper.hdf.
22:20:52 INFO  : Checking for hwspec changes in the project PS_PL_wrapper_hw_platform_0.
10:17:04 INFO  : Launching XSDB server: xsdb -n -interactive /home/graham/Dropbox/N3workingG/TE0722Rebuild/N3Vivado/TE0722TD/TE0722TD.sdk/temp_xsdb_launch_script.tcl
10:17:20 INFO  : XSDB server has started successfully.
10:18:06 INFO  : Processing command line option -hwspec /home/graham/Dropbox/N3workingG/TE0722Rebuild/N3Vivado/TE0722TD/TE0722TD.sdk/PS_PL_wrapper.hdf.
10:18:12 INFO  : Checking for hwspec changes in the project PS_PL_wrapper_hw_platform_0.
10:19:20 INFO  : Connected to target on host '127.0.0.1' and port '3121'.
10:19:26 INFO  : 'targets -set -filter {jtag_cable_name =~ "Digilent JTAG-HS2 210249A0CF17" && level==0} -index 1' command is executed.
10:19:28 INFO  : FPGA configured successfully with bitstream "/home/graham/Dropbox/N3workingG/TE0722Rebuild/N3Vivado/TE0722TD/TE0722TD.sdk/PS_PL_wrapper_hw_platform_0/PS_PL_wrapper.bit"
10:24:42 INFO  : Connected to target on host '127.0.0.1' and port '3121'.
10:24:43 INFO  : 'targets -set -filter {jtag_cable_name =~ "Digilent JTAG-HS2 210249A0CF17" && level==0} -index 1' command is executed.
10:25:27 INFO  : FPGA configured successfully with bitstream "/home/graham/Dropbox/N3workingG/TE0722Rebuild/N3Vivado/TE0722TD/TE0722TD.sdk/PS_PL_wrapper_hw_platform_0/PS_PL_wrapper.bit"
12:33:56 INFO  : Launching XSDB server: xsdb -n -interactive /home/graham/Dropbox/N3workingG/TE0722Rebuild/N3Vivado/TE0722TD/TE0722TD.sdk/temp_xsdb_launch_script.tcl
12:34:04 INFO  : XSDB server has started successfully.
12:34:21 INFO  : Processing command line option -hwspec /home/graham/Dropbox/N3workingG/TE0722Rebuild/N3Vivado/TE0722TD/TE0722TD.sdk/PS_PL_wrapper.hdf.
12:34:34 INFO  : Checking for hwspec changes in the project PS_PL_wrapper_hw_platform_0.
12:36:07 INFO  : Connected to target on host '127.0.0.1' and port '3121'.
12:36:08 INFO  : 'targets -set -filter {jtag_cable_name =~ "Digilent JTAG-HS2 210249A0CF17" && level==0} -index 1' command is executed.
12:36:13 INFO  : FPGA configured successfully with bitstream "/home/graham/Dropbox/N3workingG/TE0722Rebuild/N3Vivado/TE0722TD/TE0722TD.sdk/PS_PL_wrapper_hw_platform_0/PS_PL_wrapper.bit"
20:06:45 INFO  : Launching XSDB server: xsdb -n -interactive /home/graham/Dropbox/N3workingG/TE0722Rebuild/N3Vivado/TE0722TD/TE0722TD.sdk/temp_xsdb_launch_script.tcl
20:06:50 INFO  : XSDB server has started successfully.
20:07:13 INFO  : Processing command line option -hwspec /home/graham/Dropbox/N3workingG/TE0722Rebuild/N3Vivado/TE0722TD/TE0722TD.sdk/PS_PL_wrapper.hdf.
20:07:23 INFO  : Checking for hwspec changes in the project PS_PL_wrapper_hw_platform_0.
20:07:27 INFO  : Connected to target on host '127.0.0.1' and port '3121'.
20:07:28 INFO  : 'targets -set -filter {jtag_cable_name =~ "Digilent JTAG-HS2 210249A0CF17" && level==0} -index 1' command is executed.
20:07:32 INFO  : FPGA configured successfully with bitstream "/home/graham/Dropbox/N3workingG/TE0722Rebuild/N3Vivado/TE0722TD/TE0722TD.sdk/PS_PL_wrapper_hw_platform_0/PS_PL_wrapper.bit"
20:08:40 INFO  : 'targets -set -filter {jtag_cable_name =~ "Digilent JTAG-HS2 210249A0CF17" && level==0} -index 1' command is executed.
20:08:40 INFO  : 'fpga -state' command is executed.
20:08:40 INFO  : Connected to target on host '127.0.0.1' and port '3121'.
20:08:41 INFO  : Jtag cable 'Digilent JTAG-HS2 210249A0CF17' is selected.
20:08:41 INFO  : 'jtag frequency' command is executed.
20:08:41 INFO  : Sourcing of '/home/graham/Dropbox/N3workingG/TE0722Rebuild/N3Vivado/TE0722TD/TE0722TD.sdk/PS_PL_wrapper_hw_platform_0/ps7_init.tcl' is done.
20:08:41 INFO  : 'targets -set -filter {name =~"APU" && jtag_cable_name =~ "Digilent JTAG-HS2 210249A0CF17"} -index 0' command is executed.
20:08:41 INFO  : Hardware design information is loaded from '/home/graham/Dropbox/N3workingG/TE0722Rebuild/N3Vivado/TE0722TD/TE0722TD.sdk/PS_PL_wrapper_hw_platform_0/system.hdf'.
20:08:41 INFO  : 'targets -set -filter {name =~"APU" && jtag_cable_name =~ "Digilent JTAG-HS2 210249A0CF17"} -index 0' command is executed.
20:08:41 INFO  : 'stop' command is executed.
20:12:23 ERROR : Invalid DAP ACK value: 0
20:12:23 INFO  : ----------------XSDB Script----------------
connect -url tcp:127.0.0.1:3121
source /home/graham/Dropbox/N3workingG/TE0722Rebuild/N3Vivado/TE0722TD/TE0722TD.sdk/PS_PL_wrapper_hw_platform_0/ps7_init.tcl
targets -set -filter {name =~"APU" && jtag_cable_name =~ "Digilent JTAG-HS2 210249A0CF17"} -index 0
loadhw /home/graham/Dropbox/N3workingG/TE0722Rebuild/N3Vivado/TE0722TD/TE0722TD.sdk/PS_PL_wrapper_hw_platform_0/system.hdf
targets -set -filter {name =~"APU" && jtag_cable_name =~ "Digilent JTAG-HS2 210249A0CF17"} -index 0
stop
ps7_init
----------------End of Script----------------

20:15:31 INFO  : Launching XSDB server: xsdb -n -interactive /home/graham/Dropbox/N3workingG/TE0722Rebuild/N3Vivado/TE0722TD/TE0722TD.sdk/temp_xsdb_launch_script.tcl
20:15:34 INFO  : XSDB server has started successfully.
20:15:34 INFO  : Processing command line option -hwspec /home/graham/Dropbox/N3workingG/TE0722Rebuild/N3Vivado/TE0722TD/TE0722TD.sdk/PS_PL_wrapper.hdf.
20:15:36 INFO  : Checking for hwspec changes in the project PS_PL_wrapper_hw_platform_0.
20:16:04 INFO  : Connected to target on host '127.0.0.1' and port '3121'.
20:16:05 INFO  : 'targets -set -filter {jtag_cable_name =~ "Digilent JTAG-HS2 210249A0CF17" && level==0} -index 1' command is executed.
20:16:10 INFO  : FPGA configured successfully with bitstream "/home/graham/Dropbox/N3workingG/TE0722Rebuild/N3Vivado/TE0722TD/TE0722TD.sdk/PS_PL_wrapper_hw_platform_0/PS_PL_wrapper.bit"
20:16:36 INFO  : 'targets -set -filter {jtag_cable_name =~ "Digilent JTAG-HS2 210249A0CF17" && level==0} -index 1' command is executed.
20:16:36 INFO  : 'fpga -state' command is executed.
20:16:36 INFO  : Connected to target on host '127.0.0.1' and port '3121'.
20:16:37 INFO  : Jtag cable 'Digilent JTAG-HS2 210249A0CF17' is selected.
20:16:37 INFO  : 'jtag frequency' command is executed.
20:16:37 INFO  : Sourcing of '/home/graham/Dropbox/N3workingG/TE0722Rebuild/N3Vivado/TE0722TD/TE0722TD.sdk/PS_PL_wrapper_hw_platform_0/ps7_init.tcl' is done.
20:16:37 INFO  : 'targets -set -filter {name =~"APU" && jtag_cable_name =~ "Digilent JTAG-HS2 210249A0CF17"} -index 0' command is executed.
20:16:37 INFO  : Hardware design information is loaded from '/home/graham/Dropbox/N3workingG/TE0722Rebuild/N3Vivado/TE0722TD/TE0722TD.sdk/PS_PL_wrapper_hw_platform_0/system.hdf'.
20:16:37 INFO  : 'targets -set -filter {name =~"APU" && jtag_cable_name =~ "Digilent JTAG-HS2 210249A0CF17"} -index 0' command is executed.
20:16:37 INFO  : 'stop' command is executed.
20:17:32 ERROR : Invalid DAP ACK value: 0
20:17:32 INFO  : ----------------XSDB Script----------------
connect -url tcp:127.0.0.1:3121
source /home/graham/Dropbox/N3workingG/TE0722Rebuild/N3Vivado/TE0722TD/TE0722TD.sdk/PS_PL_wrapper_hw_platform_0/ps7_init.tcl
targets -set -filter {name =~"APU" && jtag_cable_name =~ "Digilent JTAG-HS2 210249A0CF17"} -index 0
loadhw /home/graham/Dropbox/N3workingG/TE0722Rebuild/N3Vivado/TE0722TD/TE0722TD.sdk/PS_PL_wrapper_hw_platform_0/system.hdf
targets -set -filter {name =~"APU" && jtag_cable_name =~ "Digilent JTAG-HS2 210249A0CF17"} -index 0
stop
ps7_init
----------------End of Script----------------

20:17:32 INFO  : Connected to target on host '127.0.0.1' and port '3121'.
