13:51:25 **** Build of configuration Debug for project NicolaRadio ****
make pre-build main-build 
a9-linaro-pre-build-step
 
Building file: ../src/portable/port.c
Invoking: ARM v7 gcc compiler
arm-none-eabi-gcc -DDEBUG_CODE -Wall -O0 -g3 -I../../NicolaRadio_bsp/ps7_cortexa9_0/include -I"/home/gnaylor/Dropbox/N3workingG/TE0722Rebuild/N3Vivado/N3Z_TD_FIFO/N3Z_TD_FIFO.sdk/NicolaRadio/src" -I"/home/gnaylor/Dropbox/N3workingG/TE0722Rebuild/N3Vivado/N3Z_TD_FIFO/N3Z_TD_FIFO.sdk/NicolaRadio/src/include" -I"/home/gnaylor/Dropbox/N3workingG/TE0722Rebuild/N3Vivado/N3Z_TD_FIFO/N3Z_TD_FIFO.sdk/NicolaRadio/src/portable" -I"/home/gnaylor/Dropbox/N3workingG/TE0722Rebuild/N3Vivado/N3Z_TD_FIFO/N3Z_TD_FIFO.sdk/NicolaRadio/NicolaInclude" -I"/home/gnaylor/Dropbox/N3workingG/TE0722Rebuild/N3Vivado/N3Z_TD_FIFO/N3Z_TD_FIFO.sdk/PS_PL_wrapper_hw_platform_0" -c -fmessage-length=0 -MT"src/portable/port.o" -mcpu=cortex-a9 -mfpu=vfpv3 -mfloat-abi=hard -MMD -MP -MF"src/portable/port.d" -MT"src/portable/port.o" -o "src/portable/port.o" "../src/portable/port.c"
Finished building: ../src/portable/port.c
 
Building file: ../src/FreeRTOS_asm_vectors.S
Invoking: ARM v7 gcc compiler
arm-none-eabi-gcc -DDEBUG_CODE -Wall -O0 -g3 -I../../NicolaRadio_bsp/ps7_cortexa9_0/include -I"/home/gnaylor/Dropbox/N3workingG/TE0722Rebuild/N3Vivado/N3Z_TD_FIFO/N3Z_TD_FIFO.sdk/NicolaRadio/src" -I"/home/gnaylor/Dropbox/N3workingG/TE0722Rebuild/N3Vivado/N3Z_TD_FIFO/N3Z_TD_FIFO.sdk/NicolaRadio/src/include" -I"/home/gnaylor/Dropbox/N3workingG/TE0722Rebuild/N3Vivado/N3Z_TD_FIFO/N3Z_TD_FIFO.sdk/NicolaRadio/src/portable" -I"/home/gnaylor/Dropbox/N3workingG/TE0722Rebuild/N3Vivado/N3Z_TD_FIFO/N3Z_TD_FIFO.sdk/NicolaRadio/NicolaInclude" -I"/home/gnaylor/Dropbox/N3workingG/TE0722Rebuild/N3Vivado/N3Z_TD_FIFO/N3Z_TD_FIFO.sdk/PS_PL_wrapper_hw_platform_0" -c -fmessage-length=0 -MT"src/FreeRTOS_asm_vectors.o" -mcpu=cortex-a9 -mfpu=vfpv3 -mfloat-abi=hard -MMD -MP -MF"src/FreeRTOS_asm_vectors.d" -MT"src/FreeRTOS_asm_vectors.o" -o "src/FreeRTOS_asm_vectors.o" "../src/FreeRTOS_asm_vectors.S"
Finished building: ../src/FreeRTOS_asm_vectors.S
 
Building file: ../src/FreeRTOS_tick_config.c
Invoking: ARM v7 gcc compiler
arm-none-eabi-gcc -DDEBUG_CODE -Wall -O0 -g3 -I../../NicolaRadio_bsp/ps7_cortexa9_0/include -I"/home/gnaylor/Dropbox/N3workingG/TE0722Rebuild/N3Vivado/N3Z_TD_FIFO/N3Z_TD_FIFO.sdk/NicolaRadio/src" -I"/home/gnaylor/Dropbox/N3workingG/TE0722Rebuild/N3Vivado/N3Z_TD_FIFO/N3Z_TD_FIFO.sdk/NicolaRadio/src/include" -I"/home/gnaylor/Dropbox/N3workingG/TE0722Rebuild/N3Vivado/N3Z_TD_FIFO/N3Z_TD_FIFO.sdk/NicolaRadio/src/portable" -I"/home/gnaylor/Dropbox/N3workingG/TE0722Rebuild/N3Vivado/N3Z_TD_FIFO/N3Z_TD_FIFO.sdk/NicolaRadio/NicolaInclude" -I"/home/gnaylor/Dropbox/N3workingG/TE0722Rebuild/N3Vivado/N3Z_TD_FIFO/N3Z_TD_FIFO.sdk/PS_PL_wrapper_hw_platform_0" -c -fmessage-length=0 -MT"src/FreeRTOS_tick_config.o" -mcpu=cortex-a9 -mfpu=vfpv3 -mfloat-abi=hard -MMD -MP -MF"src/FreeRTOS_tick_config.d" -MT"src/FreeRTOS_tick_config.o" -o "src/FreeRTOS_tick_config.o" "../src/FreeRTOS_tick_config.c"
Finished building: ../src/FreeRTOS_tick_config.c
 
Building file: ../src/event_groups.c
Invoking: ARM v7 gcc compiler
arm-none-eabi-gcc -DDEBUG_CODE -Wall -O0 -g3 -I../../NicolaRadio_bsp/ps7_cortexa9_0/include -I"/home/gnaylor/Dropbox/N3workingG/TE0722Rebuild/N3Vivado/N3Z_TD_FIFO/N3Z_TD_FIFO.sdk/NicolaRadio/src" -I"/home/gnaylor/Dropbox/N3workingG/TE0722Rebuild/N3Vivado/N3Z_TD_FIFO/N3Z_TD_FIFO.sdk/NicolaRadio/src/include" -I"/home/gnaylor/Dropbox/N3workingG/TE0722Rebuild/N3Vivado/N3Z_TD_FIFO/N3Z_TD_FIFO.sdk/NicolaRadio/src/portable" -I"/home/gnaylor/Dropbox/N3workingG/TE0722Rebuild/N3Vivado/N3Z_TD_FIFO/N3Z_TD_FIFO.sdk/NicolaRadio/NicolaInclude" -I"/home/gnaylor/Dropbox/N3workingG/TE0722Rebuild/N3Vivado/N3Z_TD_FIFO/N3Z_TD_FIFO.sdk/PS_PL_wrapper_hw_platform_0" -c -fmessage-length=0 -MT"src/event_groups.o" -mcpu=cortex-a9 -mfpu=vfpv3 -mfloat-abi=hard -MMD -MP -MF"src/event_groups.d" -MT"src/event_groups.o" -o "src/event_groups.o" "../src/event_groups.c"
Finished building: ../src/event_groups.c
 
Building file: ../src/heap_4.c
Invoking: ARM v7 gcc compiler
arm-none-eabi-gcc -DDEBUG_CODE -Wall -O0 -g3 -I../../NicolaRadio_bsp/ps7_cortexa9_0/include -I"/home/gnaylor/Dropbox/N3workingG/TE0722Rebuild/N3Vivado/N3Z_TD_FIFO/N3Z_TD_FIFO.sdk/NicolaRadio/src" -I"/home/gnaylor/Dropbox/N3workingG/TE0722Rebuild/N3Vivado/N3Z_TD_FIFO/N3Z_TD_FIFO.sdk/NicolaRadio/src/include" -I"/home/gnaylor/Dropbox/N3workingG/TE0722Rebuild/N3Vivado/N3Z_TD_FIFO/N3Z_TD_FIFO.sdk/NicolaRadio/src/portable" -I"/home/gnaylor/Dropbox/N3workingG/TE0722Rebuild/N3Vivado/N3Z_TD_FIFO/N3Z_TD_FIFO.sdk/NicolaRadio/NicolaInclude" -I"/home/gnaylor/Dropbox/N3workingG/TE0722Rebuild/N3Vivado/N3Z_TD_FIFO/N3Z_TD_FIFO.sdk/PS_PL_wrapper_hw_platform_0" -c -fmessage-length=0 -MT"src/heap_4.o" -mcpu=cortex-a9 -mfpu=vfpv3 -mfloat-abi=hard -MMD -MP -MF"src/heap_4.d" -MT"src/heap_4.o" -o "src/heap_4.o" "../src/heap_4.c"
Finished building: ../src/heap_4.c
 
Building file: ../src/list.c
Invoking: ARM v7 gcc compiler
arm-none-eabi-gcc -DDEBUG_CODE -Wall -O0 -g3 -I../../NicolaRadio_bsp/ps7_cortexa9_0/include -I"/home/gnaylor/Dropbox/N3workingG/TE0722Rebuild/N3Vivado/N3Z_TD_FIFO/N3Z_TD_FIFO.sdk/NicolaRadio/src" -I"/home/gnaylor/Dropbox/N3workingG/TE0722Rebuild/N3Vivado/N3Z_TD_FIFO/N3Z_TD_FIFO.sdk/NicolaRadio/src/include" -I"/home/gnaylor/Dropbox/N3workingG/TE0722Rebuild/N3Vivado/N3Z_TD_FIFO/N3Z_TD_FIFO.sdk/NicolaRadio/src/portable" -I"/home/gnaylor/Dropbox/N3workingG/TE0722Rebuild/N3Vivado/N3Z_TD_FIFO/N3Z_TD_FIFO.sdk/NicolaRadio/NicolaInclude" -I"/home/gnaylor/Dropbox/N3workingG/TE0722Rebuild/N3Vivado/N3Z_TD_FIFO/N3Z_TD_FIFO.sdk/PS_PL_wrapper_hw_platform_0" -c -fmessage-length=0 -MT"src/list.o" -mcpu=cortex-a9 -mfpu=vfpv3 -mfloat-abi=hard -MMD -MP -MF"src/list.d" -MT"src/list.o" -o "src/list.o" "../src/list.c"
Finished building: ../src/list.c
 
Building file: ../src/main.c
Invoking: ARM v7 gcc compiler
arm-none-eabi-gcc -DDEBUG_CODE -Wall -O0 -g3 -I../../NicolaRadio_bsp/ps7_cortexa9_0/include -I"/home/gnaylor/Dropbox/N3workingG/TE0722Rebuild/N3Vivado/N3Z_TD_FIFO/N3Z_TD_FIFO.sdk/NicolaRadio/src" -I"/home/gnaylor/Dropbox/N3workingG/TE0722Rebuild/N3Vivado/N3Z_TD_FIFO/N3Z_TD_FIFO.sdk/NicolaRadio/src/include" -I"/home/gnaylor/Dropbox/N3workingG/TE0722Rebuild/N3Vivado/N3Z_TD_FIFO/N3Z_TD_FIFO.sdk/NicolaRadio/src/portable" -I"/home/gnaylor/Dropbox/N3workingG/TE0722Rebuild/N3Vivado/N3Z_TD_FIFO/N3Z_TD_FIFO.sdk/NicolaRadio/NicolaInclude" -I"/home/gnaylor/Dropbox/N3workingG/TE0722Rebuild/N3Vivado/N3Z_TD_FIFO/N3Z_TD_FIFO.sdk/PS_PL_wrapper_hw_platform_0" -c -fmessage-length=0 -MT"src/main.o" -mcpu=cortex-a9 -mfpu=vfpv3 -mfloat-abi=hard -MMD -MP -MF"src/main.d" -MT"src/main.o" -o "src/main.o" "../src/main.c"
Finished building: ../src/main.c
 
Building file: ../src/platform.c
Invoking: ARM v7 gcc compiler
arm-none-eabi-gcc -DDEBUG_CODE -Wall -O0 -g3 -I../../NicolaRadio_bsp/ps7_cortexa9_0/include -I"/home/gnaylor/Dropbox/N3workingG/TE0722Rebuild/N3Vivado/N3Z_TD_FIFO/N3Z_TD_FIFO.sdk/NicolaRadio/src" -I"/home/gnaylor/Dropbox/N3workingG/TE0722Rebuild/N3Vivado/N3Z_TD_FIFO/N3Z_TD_FIFO.sdk/NicolaRadio/src/include" -I"/home/gnaylor/Dropbox/N3workingG/TE0722Rebuild/N3Vivado/N3Z_TD_FIFO/N3Z_TD_FIFO.sdk/NicolaRadio/src/portable" -I"/home/gnaylor/Dropbox/N3workingG/TE0722Rebuild/N3Vivado/N3Z_TD_FIFO/N3Z_TD_FIFO.sdk/NicolaRadio/NicolaInclude" -I"/home/gnaylor/Dropbox/N3workingG/TE0722Rebuild/N3Vivado/N3Z_TD_FIFO/N3Z_TD_FIFO.sdk/PS_PL_wrapper_hw_platform_0" -c -fmessage-length=0 -MT"src/platform.o" -mcpu=cortex-a9 -mfpu=vfpv3 -mfloat-abi=hard -MMD -MP -MF"src/platform.d" -MT"src/platform.o" -o "src/platform.o" "../src/platform.c"
Finished building: ../src/platform.c
 
Building file: ../src/ps7_init_Nicola.c
Invoking: ARM v7 gcc compiler
arm-none-eabi-gcc -DDEBUG_CODE -Wall -O0 -g3 -I../../NicolaRadio_bsp/ps7_cortexa9_0/include -I"/home/gnaylor/Dropbox/N3workingG/TE0722Rebuild/N3Vivado/N3Z_TD_FIFO/N3Z_TD_FIFO.sdk/NicolaRadio/src" -I"/home/gnaylor/Dropbox/N3workingG/TE0722Rebuild/N3Vivado/N3Z_TD_FIFO/N3Z_TD_FIFO.sdk/NicolaRadio/src/include" -I"/home/gnaylor/Dropbox/N3workingG/TE0722Rebuild/N3Vivado/N3Z_TD_FIFO/N3Z_TD_FIFO.sdk/NicolaRadio/src/portable" -I"/home/gnaylor/Dropbox/N3workingG/TE0722Rebuild/N3Vivado/N3Z_TD_FIFO/N3Z_TD_FIFO.sdk/NicolaRadio/NicolaInclude" -I"/home/gnaylor/Dropbox/N3workingG/TE0722Rebuild/N3Vivado/N3Z_TD_FIFO/N3Z_TD_FIFO.sdk/PS_PL_wrapper_hw_platform_0" -c -fmessage-length=0 -MT"src/ps7_init_Nicola.o" -mcpu=cortex-a9 -mfpu=vfpv3 -mfloat-abi=hard -MMD -MP -MF"src/ps7_init_Nicola.d" -MT"src/ps7_init_Nicola.o" -o "src/ps7_init_Nicola.o" "../src/ps7_init_Nicola.c"
Finished building: ../src/ps7_init_Nicola.c
 
Building file: ../src/queue.c
Invoking: ARM v7 gcc compiler
arm-none-eabi-gcc -DDEBUG_CODE -Wall -O0 -g3 -I../../NicolaRadio_bsp/ps7_cortexa9_0/include -I"/home/gnaylor/Dropbox/N3workingG/TE0722Rebuild/N3Vivado/N3Z_TD_FIFO/N3Z_TD_FIFO.sdk/NicolaRadio/src" -I"/home/gnaylor/Dropbox/N3workingG/TE0722Rebuild/N3Vivado/N3Z_TD_FIFO/N3Z_TD_FIFO.sdk/NicolaRadio/src/include" -I"/home/gnaylor/Dropbox/N3workingG/TE0722Rebuild/N3Vivado/N3Z_TD_FIFO/N3Z_TD_FIFO.sdk/NicolaRadio/src/portable" -I"/home/gnaylor/Dropbox/N3workingG/TE0722Rebuild/N3Vivado/N3Z_TD_FIFO/N3Z_TD_FIFO.sdk/NicolaRadio/NicolaInclude" -I"/home/gnaylor/Dropbox/N3workingG/TE0722Rebuild/N3Vivado/N3Z_TD_FIFO/N3Z_TD_FIFO.sdk/PS_PL_wrapper_hw_platform_0" -c -fmessage-length=0 -MT"src/queue.o" -mcpu=cortex-a9 -mfpu=vfpv3 -mfloat-abi=hard -MMD -MP -MF"src/queue.d" -MT"src/queue.o" -o "src/queue.o" "../src/queue.c"
Finished building: ../src/queue.c
 
Building file: ../src/tasks.c
Invoking: ARM v7 gcc compiler
arm-none-eabi-gcc -DDEBUG_CODE -Wall -O0 -g3 -I../../NicolaRadio_bsp/ps7_cortexa9_0/include -I"/home/gnaylor/Dropbox/N3workingG/TE0722Rebuild/N3Vivado/N3Z_TD_FIFO/N3Z_TD_FIFO.sdk/NicolaRadio/src" -I"/home/gnaylor/Dropbox/N3workingG/TE0722Rebuild/N3Vivado/N3Z_TD_FIFO/N3Z_TD_FIFO.sdk/NicolaRadio/src/include" -I"/home/gnaylor/Dropbox/N3workingG/TE0722Rebuild/N3Vivado/N3Z_TD_FIFO/N3Z_TD_FIFO.sdk/NicolaRadio/src/portable" -I"/home/gnaylor/Dropbox/N3workingG/TE0722Rebuild/N3Vivado/N3Z_TD_FIFO/N3Z_TD_FIFO.sdk/NicolaRadio/NicolaInclude" -I"/home/gnaylor/Dropbox/N3workingG/TE0722Rebuild/N3Vivado/N3Z_TD_FIFO/N3Z_TD_FIFO.sdk/PS_PL_wrapper_hw_platform_0" -c -fmessage-length=0 -MT"src/tasks.o" -mcpu=cortex-a9 -mfpu=vfpv3 -mfloat-abi=hard -MMD -MP -MF"src/tasks.d" -MT"src/tasks.o" -o "src/tasks.o" "../src/tasks.c"
../src/tasks.c: In function ‘vTaskSwitchContext’:
../src/tasks.c:2806:10: warning: unused variable ‘n’ [-Wunused-variable]
    char *n = pxCurrentTCB->pcTaskName;
          ^
../src/tasks.c:2805:17: warning: unused variable ‘p’ [-Wunused-variable]
    TaskHandle_t p = ( TaskHandle_t ) pxCurrentTCB;
                 ^
Finished building: ../src/tasks.c
 
Building file: ../src/timers.c
Invoking: ARM v7 gcc compiler
arm-none-eabi-gcc -DDEBUG_CODE -Wall -O0 -g3 -I../../NicolaRadio_bsp/ps7_cortexa9_0/include -I"/home/gnaylor/Dropbox/N3workingG/TE0722Rebuild/N3Vivado/N3Z_TD_FIFO/N3Z_TD_FIFO.sdk/NicolaRadio/src" -I"/home/gnaylor/Dropbox/N3workingG/TE0722Rebuild/N3Vivado/N3Z_TD_FIFO/N3Z_TD_FIFO.sdk/NicolaRadio/src/include" -I"/home/gnaylor/Dropbox/N3workingG/TE0722Rebuild/N3Vivado/N3Z_TD_FIFO/N3Z_TD_FIFO.sdk/NicolaRadio/src/portable" -I"/home/gnaylor/Dropbox/N3workingG/TE0722Rebuild/N3Vivado/N3Z_TD_FIFO/N3Z_TD_FIFO.sdk/NicolaRadio/NicolaInclude" -I"/home/gnaylor/Dropbox/N3workingG/TE0722Rebuild/N3Vivado/N3Z_TD_FIFO/N3Z_TD_FIFO.sdk/PS_PL_wrapper_hw_platform_0" -c -fmessage-length=0 -MT"src/timers.o" -mcpu=cortex-a9 -mfpu=vfpv3 -mfloat-abi=hard -MMD -MP -MF"src/timers.d" -MT"src/timers.o" -o "src/timers.o" "../src/timers.c"
Finished building: ../src/timers.c
 
Building file: ../NicolaCode/Bluetooth.c
Invoking: ARM v7 gcc compiler
arm-none-eabi-gcc -DDEBUG_CODE -Wall -O0 -g3 -I../../NicolaRadio_bsp/ps7_cortexa9_0/include -I"/home/gnaylor/Dropbox/N3workingG/TE0722Rebuild/N3Vivado/N3Z_TD_FIFO/N3Z_TD_FIFO.sdk/NicolaRadio/src" -I"/home/gnaylor/Dropbox/N3workingG/TE0722Rebuild/N3Vivado/N3Z_TD_FIFO/N3Z_TD_FIFO.sdk/NicolaRadio/src/include" -I"/home/gnaylor/Dropbox/N3workingG/TE0722Rebuild/N3Vivado/N3Z_TD_FIFO/N3Z_TD_FIFO.sdk/NicolaRadio/src/portable" -I"/home/gnaylor/Dropbox/N3workingG/TE0722Rebuild/N3Vivado/N3Z_TD_FIFO/N3Z_TD_FIFO.sdk/NicolaRadio/NicolaInclude" -I"/home/gnaylor/Dropbox/N3workingG/TE0722Rebuild/N3Vivado/N3Z_TD_FIFO/N3Z_TD_FIFO.sdk/PS_PL_wrapper_hw_platform_0" -c -fmessage-length=0 -MT"NicolaCode/Bluetooth.o" -mcpu=cortex-a9 -mfpu=vfpv3 -mfloat-abi=hard -MMD -MP -MF"NicolaCode/Bluetooth.d" -MT"NicolaCode/Bluetooth.o" -o "NicolaCode/Bluetooth.o" "../NicolaCode/Bluetooth.c"
../NicolaCode/Bluetooth.c:1473:13: warning: ‘SetDataMode’ defined but not used [-Wunused-function]
 static void SetDataMode()
             ^
Finished building: ../NicolaCode/Bluetooth.c
 
Building file: ../NicolaCode/ConsoleManager.c
Invoking: ARM v7 gcc compiler
arm-none-eabi-gcc -DDEBUG_CODE -Wall -O0 -g3 -I../../NicolaRadio_bsp/ps7_cortexa9_0/include -I"/home/gnaylor/Dropbox/N3workingG/TE0722Rebuild/N3Vivado/N3Z_TD_FIFO/N3Z_TD_FIFO.sdk/NicolaRadio/src" -I"/home/gnaylor/Dropbox/N3workingG/TE0722Rebuild/N3Vivado/N3Z_TD_FIFO/N3Z_TD_FIFO.sdk/NicolaRadio/src/include" -I"/home/gnaylor/Dropbox/N3workingG/TE0722Rebuild/N3Vivado/N3Z_TD_FIFO/N3Z_TD_FIFO.sdk/NicolaRadio/src/portable" -I"/home/gnaylor/Dropbox/N3workingG/TE0722Rebuild/N3Vivado/N3Z_TD_FIFO/N3Z_TD_FIFO.sdk/NicolaRadio/NicolaInclude" -I"/home/gnaylor/Dropbox/N3workingG/TE0722Rebuild/N3Vivado/N3Z_TD_FIFO/N3Z_TD_FIFO.sdk/PS_PL_wrapper_hw_platform_0" -c -fmessage-length=0 -MT"NicolaCode/ConsoleManager.o" -mcpu=cortex-a9 -mfpu=vfpv3 -mfloat-abi=hard -MMD -MP -MF"NicolaCode/ConsoleManager.d" -MT"NicolaCode/ConsoleManager.o" -o "NicolaCode/ConsoleManager.o" "../NicolaCode/ConsoleManager.c"
Finished building: ../NicolaCode/ConsoleManager.c
 
Building file: ../NicolaCode/DebugInterface.c
Invoking: ARM v7 gcc compiler
arm-none-eabi-gcc -DDEBUG_CODE -Wall -O0 -g3 -I../../NicolaRadio_bsp/ps7_cortexa9_0/include -I"/home/gnaylor/Dropbox/N3workingG/TE0722Rebuild/N3Vivado/N3Z_TD_FIFO/N3Z_TD_FIFO.sdk/NicolaRadio/src" -I"/home/gnaylor/Dropbox/N3workingG/TE0722Rebuild/N3Vivado/N3Z_TD_FIFO/N3Z_TD_FIFO.sdk/NicolaRadio/src/include" -I"/home/gnaylor/Dropbox/N3workingG/TE0722Rebuild/N3Vivado/N3Z_TD_FIFO/N3Z_TD_FIFO.sdk/NicolaRadio/src/portable" -I"/home/gnaylor/Dropbox/N3workingG/TE0722Rebuild/N3Vivado/N3Z_TD_FIFO/N3Z_TD_FIFO.sdk/NicolaRadio/NicolaInclude" -I"/home/gnaylor/Dropbox/N3workingG/TE0722Rebuild/N3Vivado/N3Z_TD_FIFO/N3Z_TD_FIFO.sdk/PS_PL_wrapper_hw_platform_0" -c -fmessage-length=0 -MT"NicolaCode/DebugInterface.o" -mcpu=cortex-a9 -mfpu=vfpv3 -mfloat-abi=hard -MMD -MP -MF"NicolaCode/DebugInterface.d" -MT"NicolaCode/DebugInterface.o" -o "NicolaCode/DebugInterface.o" "../NicolaCode/DebugInterface.c"
../NicolaCode/DebugInterface.c: In function ‘Debuging_Main’:
../NicolaCode/DebugInterface.c:292:3: warning: implicit declaration of function ‘atoi’ [-Wimplicit-function-declaration]
   NumberOfSamples = (int) atoi( inBuffer ) ;
   ^
../NicolaCode/DebugInterface.c:182:10: warning: unused variable ‘theMessage’ [-Wunused-variable]
     char theMessage[2];
          ^
../NicolaCode/DebugInterface.c:176:9: warning: unused variable ‘Value’ [-Wunused-variable]
     int Value;
         ^
../NicolaCode/DebugInterface.c:171:9: warning: unused variable ‘ReceiveLength’ [-Wunused-variable]
     u32 ReceiveLength;
         ^
../NicolaCode/DebugInterface.c:168:6: warning: unused variable ‘Status’ [-Wunused-variable]
  int Status;
      ^
../NicolaCode/DebugInterface.c:167:18: warning: unused variable ‘ConfigData’ [-Wunused-variable]
  XLlFifo_Config *ConfigData;
                  ^
Finished building: ../NicolaCode/DebugInterface.c
 
Building file: ../NicolaCode/Flash-SDCard.c
Invoking: ARM v7 gcc compiler
arm-none-eabi-gcc -DDEBUG_CODE -Wall -O0 -g3 -I../../NicolaRadio_bsp/ps7_cortexa9_0/include -I"/home/gnaylor/Dropbox/N3workingG/TE0722Rebuild/N3Vivado/N3Z_TD_FIFO/N3Z_TD_FIFO.sdk/NicolaRadio/src" -I"/home/gnaylor/Dropbox/N3workingG/TE0722Rebuild/N3Vivado/N3Z_TD_FIFO/N3Z_TD_FIFO.sdk/NicolaRadio/src/include" -I"/home/gnaylor/Dropbox/N3workingG/TE0722Rebuild/N3Vivado/N3Z_TD_FIFO/N3Z_TD_FIFO.sdk/NicolaRadio/src/portable" -I"/home/gnaylor/Dropbox/N3workingG/TE0722Rebuild/N3Vivado/N3Z_TD_FIFO/N3Z_TD_FIFO.sdk/NicolaRadio/NicolaInclude" -I"/home/gnaylor/Dropbox/N3workingG/TE0722Rebuild/N3Vivado/N3Z_TD_FIFO/N3Z_TD_FIFO.sdk/PS_PL_wrapper_hw_platform_0" -c -fmessage-length=0 -MT"NicolaCode/Flash-SDCard.o" -mcpu=cortex-a9 -mfpu=vfpv3 -mfloat-abi=hard -MMD -MP -MF"NicolaCode/Flash-SDCard.d" -MT"NicolaCode/Flash-SDCard.o" -o "NicolaCode/Flash-SDCard.o" "../NicolaCode/Flash-SDCard.c"
Finished building: ../NicolaCode/Flash-SDCard.c
 
Building file: ../NicolaCode/LCD_Display.c
Invoking: ARM v7 gcc compiler
arm-none-eabi-gcc -DDEBUG_CODE -Wall -O0 -g3 -I../../NicolaRadio_bsp/ps7_cortexa9_0/include -I"/home/gnaylor/Dropbox/N3workingG/TE0722Rebuild/N3Vivado/N3Z_TD_FIFO/N3Z_TD_FIFO.sdk/NicolaRadio/src" -I"/home/gnaylor/Dropbox/N3workingG/TE0722Rebuild/N3Vivado/N3Z_TD_FIFO/N3Z_TD_FIFO.sdk/NicolaRadio/src/include" -I"/home/gnaylor/Dropbox/N3workingG/TE0722Rebuild/N3Vivado/N3Z_TD_FIFO/N3Z_TD_FIFO.sdk/NicolaRadio/src/portable" -I"/home/gnaylor/Dropbox/N3workingG/TE0722Rebuild/N3Vivado/N3Z_TD_FIFO/N3Z_TD_FIFO.sdk/NicolaRadio/NicolaInclude" -I"/home/gnaylor/Dropbox/N3workingG/TE0722Rebuild/N3Vivado/N3Z_TD_FIFO/N3Z_TD_FIFO.sdk/PS_PL_wrapper_hw_platform_0" -c -fmessage-length=0 -MT"NicolaCode/LCD_Display.o" -mcpu=cortex-a9 -mfpu=vfpv3 -mfloat-abi=hard -MMD -MP -MF"NicolaCode/LCD_Display.d" -MT"NicolaCode/LCD_Display.o" -o "NicolaCode/LCD_Display.o" "../NicolaCode/LCD_Display.c"
../NicolaCode/LCD_Display.c: In function ‘LCD_Main’:
../NicolaCode/LCD_Display.c:1704:30: warning: assignment makes integer from pointer without a cast
       CurrentSubMenuPosition = &turnRadioOffSetting1 ;
                              ^
../NicolaCode/LCD_Display.c: In function ‘LCD_FirstLine’:
../NicolaCode/LCD_Display.c:2487:6: warning: unused variable ‘enable’ [-Wunused-variable]
  int enable = 0;
      ^
../NicolaCode/LCD_Display.c:2486:6: warning: unused variable ‘i’ [-Wunused-variable]
  int i;
      ^
../NicolaCode/LCD_Display.c: In function ‘LCD_SecondLine’:
../NicolaCode/LCD_Display.c:2508:6: warning: unused variable ‘enable’ [-Wunused-variable]
  int enable = 0;
      ^
../NicolaCode/LCD_Display.c:2507:6: warning: unused variable ‘i’ [-Wunused-variable]
  int i;
      ^
../NicolaCode/LCD_Display.c: In function ‘LCD_ControlWrite’:
../NicolaCode/LCD_Display.c:2590:6: warning: unused variable ‘enable’ [-Wunused-variable]
  int enable ;
      ^
../NicolaCode/LCD_Display.c:2589:6: warning: unused variable ‘i’ [-Wunused-variable]
  int i;
      ^
../NicolaCode/LCD_Display.c: In function ‘MenuMessageFromHostComputer’:
../NicolaCode/LCD_Display.c:2908:3: warning: implicit declaration of function ‘atoi’ [-Wimplicit-function-declaration]
   thisNicolaSettings.thisNicolaID = atoi( parsedString);
   ^
../NicolaCode/LCD_Display.c: At top level:
../NicolaCode/LCD_Display.c:526:13: warning: ‘KEYPAD_Temp’ declared ‘static’ but never defined [-Wunused-function]
 static void KEYPAD_Temp( void *pvParameters );
             ^
../NicolaCode/LCD_Display.c:2724:13: warning: ‘LCDTimer5Callback’ defined but not used [-Wunused-function]
 static void LCDTimer5Callback( TimerHandle_t theHandle)
             ^
../NicolaCode/LCD_Display.c:610:12: warning: ‘ToneDetectStatus’ defined but not used [-Wunused-variable]
 static int ToneDetectStatus = RECEIVE_LEGACY ;
            ^
Finished building: ../NicolaCode/LCD_Display.c
 
Building file: ../NicolaCode/PSPLComms.c
Invoking: ARM v7 gcc compiler
arm-none-eabi-gcc -DDEBUG_CODE -Wall -O0 -g3 -I../../NicolaRadio_bsp/ps7_cortexa9_0/include -I"/home/gnaylor/Dropbox/N3workingG/TE0722Rebuild/N3Vivado/N3Z_TD_FIFO/N3Z_TD_FIFO.sdk/NicolaRadio/src" -I"/home/gnaylor/Dropbox/N3workingG/TE0722Rebuild/N3Vivado/N3Z_TD_FIFO/N3Z_TD_FIFO.sdk/NicolaRadio/src/include" -I"/home/gnaylor/Dropbox/N3workingG/TE0722Rebuild/N3Vivado/N3Z_TD_FIFO/N3Z_TD_FIFO.sdk/NicolaRadio/src/portable" -I"/home/gnaylor/Dropbox/N3workingG/TE0722Rebuild/N3Vivado/N3Z_TD_FIFO/N3Z_TD_FIFO.sdk/NicolaRadio/NicolaInclude" -I"/home/gnaylor/Dropbox/N3workingG/TE0722Rebuild/N3Vivado/N3Z_TD_FIFO/N3Z_TD_FIFO.sdk/PS_PL_wrapper_hw_platform_0" -c -fmessage-length=0 -MT"NicolaCode/PSPLComms.o" -mcpu=cortex-a9 -mfpu=vfpv3 -mfloat-abi=hard -MMD -MP -MF"NicolaCode/PSPLComms.d" -MT"NicolaCode/PSPLComms.o" -o "NicolaCode/PSPLComms.o" "../NicolaCode/PSPLComms.c"
../NicolaCode/PSPLComms.c: In function ‘PSPLComms_Initialise’:
../NicolaCode/PSPLComms.c:159:9: warning: variable ‘Status’ set but not used [-Wunused-but-set-variable]
     int Status;
         ^
../NicolaCode/PSPLComms.c: In function ‘PL_Receiver’:
../NicolaCode/PSPLComms.c:300:50: warning: passing argument 1 of ‘n3z_tonetest_plstatus_read’ from incompatible pointer type
       u32 statusReg = n3z_tonetest_plstatus_read(&PSPLFifo);
                                                  ^
In file included from ../NicolaCode/PSPLComms.c:28:0:
../../NicolaRadio_bsp/ps7_cortexa9_0/include/n3z_tonetest.h:165:5: note: expected ‘struct n3z_tonetest *’ but argument is of type ‘struct XLlFifo *’
 u32 n3z_tonetest_plstatus_read(n3z_tonetest *InstancePtr);
     ^
Finished building: ../NicolaCode/PSPLComms.c
 
Building file: ../NicolaCode/RadioInterface.c
Invoking: ARM v7 gcc compiler
arm-none-eabi-gcc -DDEBUG_CODE -Wall -O0 -g3 -I../../NicolaRadio_bsp/ps7_cortexa9_0/include -I"/home/gnaylor/Dropbox/N3workingG/TE0722Rebuild/N3Vivado/N3Z_TD_FIFO/N3Z_TD_FIFO.sdk/NicolaRadio/src" -I"/home/gnaylor/Dropbox/N3workingG/TE0722Rebuild/N3Vivado/N3Z_TD_FIFO/N3Z_TD_FIFO.sdk/NicolaRadio/src/include" -I"/home/gnaylor/Dropbox/N3workingG/TE0722Rebuild/N3Vivado/N3Z_TD_FIFO/N3Z_TD_FIFO.sdk/NicolaRadio/src/portable" -I"/home/gnaylor/Dropbox/N3workingG/TE0722Rebuild/N3Vivado/N3Z_TD_FIFO/N3Z_TD_FIFO.sdk/NicolaRadio/NicolaInclude" -I"/home/gnaylor/Dropbox/N3workingG/TE0722Rebuild/N3Vivado/N3Z_TD_FIFO/N3Z_TD_FIFO.sdk/PS_PL_wrapper_hw_platform_0" -c -fmessage-length=0 -MT"NicolaCode/RadioInterface.o" -mcpu=cortex-a9 -mfpu=vfpv3 -mfloat-abi=hard -MMD -MP -MF"NicolaCode/RadioInterface.d" -MT"NicolaCode/RadioInterface.o" -o "NicolaCode/RadioInterface.o" "../NicolaCode/RadioInterface.c"
Finished building: ../NicolaCode/RadioInterface.c
 
Building file: ../NicolaCode/RemoteProtocolHandler.c
Invoking: ARM v7 gcc compiler
arm-none-eabi-gcc -DDEBUG_CODE -Wall -O0 -g3 -I../../NicolaRadio_bsp/ps7_cortexa9_0/include -I"/home/gnaylor/Dropbox/N3workingG/TE0722Rebuild/N3Vivado/N3Z_TD_FIFO/N3Z_TD_FIFO.sdk/NicolaRadio/src" -I"/home/gnaylor/Dropbox/N3workingG/TE0722Rebuild/N3Vivado/N3Z_TD_FIFO/N3Z_TD_FIFO.sdk/NicolaRadio/src/include" -I"/home/gnaylor/Dropbox/N3workingG/TE0722Rebuild/N3Vivado/N3Z_TD_FIFO/N3Z_TD_FIFO.sdk/NicolaRadio/src/portable" -I"/home/gnaylor/Dropbox/N3workingG/TE0722Rebuild/N3Vivado/N3Z_TD_FIFO/N3Z_TD_FIFO.sdk/NicolaRadio/NicolaInclude" -I"/home/gnaylor/Dropbox/N3workingG/TE0722Rebuild/N3Vivado/N3Z_TD_FIFO/N3Z_TD_FIFO.sdk/PS_PL_wrapper_hw_platform_0" -c -fmessage-length=0 -MT"NicolaCode/RemoteProtocolHandler.o" -mcpu=cortex-a9 -mfpu=vfpv3 -mfloat-abi=hard -MMD -MP -MF"NicolaCode/RemoteProtocolHandler.d" -MT"NicolaCode/RemoteProtocolHandler.o" -o "NicolaCode/RemoteProtocolHandler.o" "../NicolaCode/RemoteProtocolHandler.c"
../NicolaCode/RemoteProtocolHandler.c: In function ‘HandleRemoteNicolaMessage’:
../NicolaCode/RemoteProtocolHandler.c:101:19: warning: unused variable ‘theSendMessage’ [-Wunused-variable]
  TEXT_MESSAGE    *theSendMessage = &theReceivedMessage ;  //so the code reads OK
                   ^
Finished building: ../NicolaCode/RemoteProtocolHandler.c
 
Building file: ../NicolaCode/xsdps.c
Invoking: ARM v7 gcc compiler
arm-none-eabi-gcc -DDEBUG_CODE -Wall -O0 -g3 -I../../NicolaRadio_bsp/ps7_cortexa9_0/include -I"/home/gnaylor/Dropbox/N3workingG/TE0722Rebuild/N3Vivado/N3Z_TD_FIFO/N3Z_TD_FIFO.sdk/NicolaRadio/src" -I"/home/gnaylor/Dropbox/N3workingG/TE0722Rebuild/N3Vivado/N3Z_TD_FIFO/N3Z_TD_FIFO.sdk/NicolaRadio/src/include" -I"/home/gnaylor/Dropbox/N3workingG/TE0722Rebuild/N3Vivado/N3Z_TD_FIFO/N3Z_TD_FIFO.sdk/NicolaRadio/src/portable" -I"/home/gnaylor/Dropbox/N3workingG/TE0722Rebuild/N3Vivado/N3Z_TD_FIFO/N3Z_TD_FIFO.sdk/NicolaRadio/NicolaInclude" -I"/home/gnaylor/Dropbox/N3workingG/TE0722Rebuild/N3Vivado/N3Z_TD_FIFO/N3Z_TD_FIFO.sdk/PS_PL_wrapper_hw_platform_0" -c -fmessage-length=0 -MT"NicolaCode/xsdps.o" -mcpu=cortex-a9 -mfpu=vfpv3 -mfloat-abi=hard -MMD -MP -MF"NicolaCode/xsdps.d" -MT"NicolaCode/xsdps.o" -o "NicolaCode/xsdps.o" "../NicolaCode/xsdps.c"
../NicolaCode/xsdps.c: In function ‘XSdPs_SdCardInitialize’:
../NicolaCode/xsdps.c:311:6: warning: variable ‘CSD’ set but not used [-Wunused-but-set-variable]
  u32 CSD[4];
      ^
../NicolaCode/xsdps.c: In function ‘XSdPs_CardInitialize’:
../NicolaCode/xsdps.c:506:6: warning: unused variable ‘CSD’ [-Wunused-variable]
  u32 CSD[4];
      ^
../NicolaCode/xsdps.c:505:6: warning: unused variable ‘CtrlReg’ [-Wunused-variable]
  u32 CtrlReg;
      ^
../NicolaCode/xsdps.c:504:6: warning: unused variable ‘PresentStateReg’ [-Wunused-variable]
  u32 PresentStateReg;
      ^
../NicolaCode/xsdps.c:503:6: warning: unused variable ‘Cnt’ [-Wunused-variable]
  u32 Cnt;
      ^
../NicolaCode/xsdps.c:502:5: warning: unused variable ‘Tmp’ [-Wunused-variable]
  u8 Tmp;
     ^
../NicolaCode/xsdps.c: In function ‘XSdPs_IdentifyCard’:
../NicolaCode/xsdps.c:745:6: warning: unused variable ‘OperCondReg’ [-Wunused-variable]
  u32 OperCondReg;
      ^
../NicolaCode/xsdps.c: At top level:
../NicolaCode/xsdps.c:813:12: warning: ‘XSdPs_Switch_Voltage’ defined but not used [-Wunused-function]
 static s32 XSdPs_Switch_Voltage(XSdPs *InstancePtr)
            ^
Finished building: ../NicolaCode/xsdps.c
 
Building target: NicolaRadio.elf
Invoking: ARM v7 gcc linker
arm-none-eabi-gcc -mcpu=cortex-a9 -mfpu=vfpv3 -mfloat-abi=hard -Wl,-build-id=none -specs=Xilinx.spec -Xlinker -Map=Nicola.map -Wl,-T -Wl,../src/lscript.ld -L../../NicolaRadio_bsp/ps7_cortexa9_0/lib -o "NicolaRadio.elf"  ./src/portable/port.o ./src/portable/portASM.o  ./src/FreeRTOS_asm_vectors.o ./src/FreeRTOS_tick_config.o ./src/event_groups.o ./src/heap_4.o ./src/list.o ./src/main\ (Graham\ NAYLOR's\ conflicted\ copy\ 2017-08-02).o ./src/main.o ./src/platform.o ./src/printf-stdarg.o ./src/ps7_init_Nicola.o ./src/queue.o ./src/tasks.o ./src/timers.o  ./NicolaCode/Bluetooth\ (Graham\ NAYLOR's\ conflicted\ copy\ 2017-08-02).o ./NicolaCode/Bluetooth.o ./NicolaCode/ConsoleManager.o ./NicolaCode/DebugInterface.o ./NicolaCode/Flash-SDCard.o ./NicolaCode/LCD_Display\ (Graham\ NAYLOR's\ conflicted\ copy\ 2017-08-02).o ./NicolaCode/LCD_Display.o ./NicolaCode/PSPLComms\ (Graham\ NAYLOR's\ conflicted\ copy\ 2017-08-02).o ./NicolaCode/PSPLComms.o ./NicolaCode/RadioInterface\ (Graham\ NAYLOR's\ conflicted\ copy\ 2017-08-02).o ./NicolaCode/RadioInterface.o ./NicolaCode/RemoteProtocolHandler\ (Graham\ NAYLOR's\ conflicted\ copy\ 2017-08-02).o ./NicolaCode/RemoteProtocolHandler.o ./NicolaCode/xsdps.o   -Wl,--start-group,-lxil,-lgcc,-lc,--end-group
/bin/sh: 1: Syntax error: "(" unexpected
make: *** [NicolaRadio.elf] Error 2

13:51:27 Build Finished (took 1s.841ms)

