Copyright 1986-2014 Xilinx, Inc. All Rights Reserved.
-------------------------------------------------------------------------------------------
| Tool Version : Vivado v.2014.4 (lin64) Build 1071353 Tue Nov 18 16:47:07 MST 2014
| Date         : Thu Jan 14 20:25:30 2016
| Host         : graham-Latitude-E5500 running 64-bit unknown
| Command      : report_clock_utilization -file PS_PL_wrapper_clock_utilization_placed.rpt
| Design       : PS_PL_wrapper
| Device       : xc7z010
-------------------------------------------------------------------------------------------

Clock Utilization Report

Table of Contents
-----------------
1. Clock Primitive Utilization
2. Details of Global Clocks
3. Details of Regional Clocks
4. Details of Multi-Regional Clocks
5. Details of I/O Clocks
6. Details of Local Clocks
7. Clock Regions : Key Resource Utilization
8. Net wise resources used in clock region X0Y0
9. Net wise resources used in clock region X1Y0
10. Net wise resources used in clock region X1Y1

1. Clock Primitive Utilization
------------------------------

+-------+------+-----------+-----------+
| Type  | Used | Available | Num Fixed |
+-------+------+-----------+-----------+
| BUFG  |    3 |        32 |         0 |
| BUFH  |    0 |        48 |         0 |
| BUFIO |    0 |         8 |         0 |
| MMCM  |    1 |         2 |         0 |
| PLL   |    0 |         2 |         0 |
| BUFR  |    0 |         8 |         0 |
| BUFMR |    0 |         4 |         0 |
+-------+------+-----------+-----------+


2. Details of Global Clocks
---------------------------

+-------+---------------------------------------------------------------------+-------------------------------------------------------+--------------+-------+---------------+-----------+
|       |                                                                     |                                                       |   Num Loads  |       |               |           |
+-------+---------------------------------------------------------------------+-------------------------------------------------------+------+-------+-------+---------------+-----------+
| Index | BUFG Cell                                                           | Net Name                                              | BELs | Sites | Fixed | MaxDelay (ns) | Skew (ns) |
+-------+---------------------------------------------------------------------+-------------------------------------------------------+------+-------+-------+---------------+-----------+
|     1 | PS_PL_i/clk_wiz_0/inst/clkf_buf                                     | PS_PL_i/clk_wiz_0/inst/clkfbout_buf_PS_PL_clk_wiz_0_0 |    1 |     1 |    no |         1.752 |     0.088 |
|     2 | PS_PL_i/processing_system7_0/inst/buffer_fclk_clk_0.FCLK_CLK_0_BUFG | PS_PL_i/processing_system7_0/inst/FCLK_CLK0           |    1 |     1 |    no |         1.750 |     0.088 |
|     3 | PS_PL_i/clk_wiz_0/inst/clkout1_buf                                  | PS_PL_i/clk_wiz_0/inst/clk_out1                       | 3168 |   891 |    no |         1.913 |     0.298 |
+-------+---------------------------------------------------------------------+-------------------------------------------------------+------+-------+-------+---------------+-----------+


+-------+--------------------------------------+---------------------------------------------------+--------------+-------+---------------+-----------+
|       |                                      |                                                   |   Num Loads  |       |               |           |
+-------+--------------------------------------+---------------------------------------------------+------+-------+-------+---------------+-----------+
| Index | MMCM Cell                            | Net Name                                          | BELs | Sites | Fixed | MaxDelay (ns) | Skew (ns) |
+-------+--------------------------------------+---------------------------------------------------+------+-------+-------+---------------+-----------+
|     1 | PS_PL_i/clk_wiz_0/inst/mmcm_adv_inst | PS_PL_i/clk_wiz_0/inst/clk_out1_PS_PL_clk_wiz_0_0 |    1 |     1 |    no |         1.760 |     0.088 |
|     2 | PS_PL_i/clk_wiz_0/inst/mmcm_adv_inst | PS_PL_i/clk_wiz_0/inst/clkfbout_PS_PL_clk_wiz_0_0 |    1 |     1 |    no |         1.760 |     0.088 |
+-------+--------------------------------------+---------------------------------------------------+------+-------+-------+---------------+-----------+


3. Details of Regional Clocks
-----------------------------

4. Details of Multi-Regional Clocks
-----------------------------------

5. Details of I/O Clocks
------------------------

6. Details of Local Clocks
--------------------------

7. Clock Regions : Key Resource Utilization
-------------------------------------------

+-------------------+--------------+--------------+--------------+--------------+--------------+--------------+--------------+--------------+--------------+--------------+--------------+--------------+--------------+--------------+--------------+
|                   | Global Clock |     BUFRs    |    BUFMRs    |    BUFIOs    |     MMCM     |      PLL     |      GT      |      PCI     |    ILOGIC    |    OLOGIC    |      FF      |     LUTM     |    RAMB18    |    RAMB36    |    DSP48E1   |
+-------------------+------+-------+------+-------+------+-------+------+-------+------+-------+------+-------+------+-------+------+-------+------+-------+------+-------+------+-------+------+-------+------+-------+------+-------+------+-------+
| Clock Region Name | Used | Avail | Used | Avail | Used | Avail | Used | Avail | Used | Avail | Used | Avail | Used | Avail | Used | Avail | Used | Avail | Used | Avail | Used | Avail | Used | Avail | Used | Avail | Used | Avail | Used | Avail |
+-------------------+------+-------+------+-------+------+-------+------+-------+------+-------+------+-------+------+-------+------+-------+------+-------+------+-------+------+-------+------+-------+------+-------+------+-------+------+-------+
| X0Y0              |    1 |    12 |    0 |     0 |    0 |     0 |    0 |     0 |    0 |     0 |    0 |     0 |    0 |     0 |    0 |     0 |    0 |     0 |    0 |     0 | 1099 |  8800 |  383 |  1600 |    0 |    20 |    8 |    10 |    0 |    20 |
| X1Y0              |    3 |    12 |    0 |     4 |    0 |     2 |    0 |     4 |    1 |     1 |    0 |     1 |    0 |     0 |    0 |     0 |    0 |    50 |    0 |    50 | 1568 |  8800 |   99 |  1400 |    5 |    40 |    2 |    20 |    3 |    20 |
| X0Y1              |    0 |    12 |    0 |     0 |    0 |     0 |    0 |     0 |    0 |     0 |    0 |     0 |    0 |     0 |    0 |     0 |    0 |     0 |    0 |     0 |    0 |  8800 |    0 |  1600 |    0 |    20 |    0 |    10 |    0 |    20 |
| X1Y1              |    1 |    12 |    0 |     4 |    0 |     2 |    0 |     4 |    0 |     1 |    0 |     1 |    0 |     0 |    0 |     0 |    0 |    50 |    0 |    50 |    1 |  8800 |    0 |  1400 |    0 |    40 |    0 |    20 |    0 |    20 |
+-------------------+------+-------+------+-------+------+-------+------+-------+------+-------+------+-------+------+-------+------+-------+------+-------+------+-------+------+-------+------+-------+------+-------+------+-------+------+-------+
* RAMB36 site can be used as two RAMB18/FIFO18 sites


8. Net wise resources used in clock region X0Y0
-----------------------------------------------

+-------------+-------------+-------+-----------+----------+---------+-----------+---------+---------+------+-------+----------+---------------------------------+
| Source Type | BUFHCE Site | Fixed | MMCM Pins | PLL Pins | GT Pins | BRAM Pins | ILOGICs | OLOGICs |  FFs | LUTMs | DSP48E1s |          Clock Net Name         |
+-------------+-------------+-------+-----------+----------+---------+-----------+---------+---------+------+-------+----------+---------------------------------+
| BUFG        |     ---     |   no  |         0 |        0 |       0 |        16 |       0 |       0 | 1099 |   383 |        0 | PS_PL_i/clk_wiz_0/inst/clk_out1 |
+-------------+-------------+-------+-----------+----------+---------+-----------+---------+---------+------+-------+----------+---------------------------------+


9. Net wise resources used in clock region X1Y0
-----------------------------------------------

+-------------+-------------+-------+-----------+----------+---------+-----------+---------+---------+------+-------+----------+-------------------------------------------------------+
| Source Type | BUFHCE Site | Fixed | MMCM Pins | PLL Pins | GT Pins | BRAM Pins | ILOGICs | OLOGICs |  FFs | LUTMs | DSP48E1s |                     Clock Net Name                    |
+-------------+-------------+-------+-----------+----------+---------+-----------+---------+---------+------+-------+----------+-------------------------------------------------------+
| BUFG        |     ---     |   no  |         1 |        0 |       0 |         0 |       0 |       0 |    0 |     0 |        0 | PS_PL_i/clk_wiz_0/inst/clkfbout_buf_PS_PL_clk_wiz_0_0 |
| BUFG        |     ---     |   no  |         1 |        0 |       0 |         0 |       0 |       0 |    0 |     0 |        0 | PS_PL_i/processing_system7_0/inst/FCLK_CLK0           |
| BUFG        |     ---     |   no  |         0 |        0 |       0 |        14 |       0 |       0 | 1568 |    99 |        3 | PS_PL_i/clk_wiz_0/inst/clk_out1                       |
+-------------+-------------+-------+-----------+----------+---------+-----------+---------+---------+------+-------+----------+-------------------------------------------------------+


10. Net wise resources used in clock region X1Y1
------------------------------------------------

+-------------+-------------+-------+-----------+----------+---------+-----------+---------+---------+-----+-------+----------+---------------------------------+
| Source Type | BUFHCE Site | Fixed | MMCM Pins | PLL Pins | GT Pins | BRAM Pins | ILOGICs | OLOGICs | FFs | LUTMs | DSP48E1s |          Clock Net Name         |
+-------------+-------------+-------+-----------+----------+---------+-----------+---------+---------+-----+-------+----------+---------------------------------+
| BUFG        |     ---     |   no  |         0 |        0 |       0 |         0 |       0 |       0 |   1 |     0 |        0 | PS_PL_i/clk_wiz_0/inst/clk_out1 |
+-------------+-------------+-------+-----------+----------+---------+-----------+---------+---------+-----+-------+----------+---------------------------------+



# Location of BUFG Primitives 
set_property LOC BUFGCTRL_X0Y0 [get_cells PS_PL_i/clk_wiz_0/inst/clkout1_buf]
set_property LOC BUFGCTRL_X0Y1 [get_cells PS_PL_i/clk_wiz_0/inst/clkf_buf]
set_property LOC BUFGCTRL_X0Y2 [get_cells PS_PL_i/processing_system7_0/inst/buffer_fclk_clk_0.FCLK_CLK_0_BUFG]

# Location of IO Clock Primitives

# Location of MMCM Clock Primitives
set_property LOC MMCME2_ADV_X0Y0 [get_cells PS_PL_i/clk_wiz_0/inst/mmcm_adv_inst]

# Location of BUFH Clock Primitives

# Location of BUFR Clock Primitives

# Location of BUFMR Clock Primitives

# Location of PLL Clock Primitives

# Location of IO Primitives which is load of clock spine

# Location of clock ports

# Clock net "PS_PL_i/clk_wiz_0/inst/clk_out1" driven by instance "PS_PL_i/clk_wiz_0/inst/clkout1_buf" located at site "BUFGCTRL_X0Y0"
#startgroup
create_pblock CLKAG_PS_PL_i/clk_wiz_0/inst/clk_out1
add_cells_to_pblock [get_pblocks  CLKAG_PS_PL_i/clk_wiz_0/inst/clk_out1] [get_cells  -filter { IS_PRIMITIVE==1 && PRIMITIVE_LEVEL !=INTERNAL } -of_object [get_pins -filter {DIRECTION==IN} -of_objects [get_nets -hierarchical -filter {PARENT=="PS_PL_i/clk_wiz_0/inst/clk_out1"}]]]
resize_pblock [get_pblocks CLKAG_PS_PL_i/clk_wiz_0/inst/clk_out1] -add {CLOCKREGION_X0Y0:CLOCKREGION_X0Y0 CLOCKREGION_X0Y1:CLOCKREGION_X0Y1 CLOCKREGION_X1Y0:CLOCKREGION_X1Y0 CLOCKREGION_X1Y1:CLOCKREGION_X1Y1}
#endgroup
