#-----------------------------------------------------------
# Webtalk v2016.2 (64-bit)
# SW Build 1577090 on Thu Jun  2 16:32:35 MDT 2016
# 
# Start of session at: Sun Sep 17 21:19:34 2017
# Process ID: 27520
# Current directory: /home/gnaylor/Dropbox/N3workingG/TE0722Rebuild/N3Vivado/N3Z_TD_FIFO/N3Z_TD_FIFO.sdk/webtalk
# Command line: wbtcv -mode batch -source sdk_webtalk.tcl
# Log file: /home/gnaylor/Dropbox/N3workingG/TE0722Rebuild/N3Vivado/N3Z_TD_FIFO/N3Z_TD_FIFO.sdk/webtalk/webtalk.log
# Journal file: /home/gnaylor/Dropbox/N3workingG/TE0722Rebuild/N3Vivado/N3Z_TD_FIFO/N3Z_TD_FIFO.sdk/webtalk/webtalk.jou
#-----------------------------------------------------------
source sdk_webtalk.tcl
# webtalk_init -webtalk_dir /home/gnaylor/Dropbox/N3workingG/TE0722Rebuild/N3Vivado/N3Z_TD_FIFO/N3Z_TD_FIFO.sdk/webtalk
# webtalk_register_client -client project
# webtalk_add_data -client project -key date_generated -value "Sun Sep 17 21:19:34 2017" -context "software_version_and_target_device"
# webtalk_add_data -client project -key product_version -value "SDK v2016.2" -context "software_version_and_target_device"
# webtalk_add_data -client project -key build_version -value "2016.2" -context "software_version_and_target_device"
# webtalk_add_data -client project -key os_platform -value "amd64" -context "software_version_and_target_device"
# webtalk_add_data -client project -key registration_id -value "" -context "software_version_and_target_device"
# webtalk_add_data -client project -key tool_flow -value "SDK" -context "software_version_and_target_device"
# webtalk_add_data -client project -key beta -value "false" -context "software_version_and_target_device"
# webtalk_add_data -client project -key route_design -value "NA" -context "software_version_and_target_device"
# webtalk_add_data -client project -key target_family -value "NA" -context "software_version_and_target_device"
# webtalk_add_data -client project -key target_device -value "NA" -context "software_version_and_target_device"
# webtalk_add_data -client project -key target_package -value "NA" -context "software_version_and_target_device"
# webtalk_add_data -client project -key target_speed -value "NA" -context "software_version_and_target_device"
# webtalk_add_data -client project -key random_id -value "h2ds2gdm6ggs70b9uvhur21j22" -context "software_version_and_target_device"
# webtalk_add_data -client project -key project_id -value "2016.2_12" -context "software_version_and_target_device"
# webtalk_add_data -client project -key project_iteration -value "12" -context "software_version_and_target_device"
# webtalk_add_data -client project -key os_name -value "" -context "user_environment"
# webtalk_add_data -client project -key os_release -value "" -context "user_environment"
# webtalk_add_data -client project -key cpu_name -value "" -context "user_environment"
# webtalk_add_data -client project -key cpu_speed -value "" -context "user_environment"
# webtalk_add_data -client project -key total_processors -value "" -context "user_environment"
# webtalk_add_data -client project -key system_ram -value "" -context "user_environment"
# webtalk_register_client -client sdk
# webtalk_add_data -client sdk -key uid -value "1505159076000" -context "sdk\\\\hardware/1505159076000"
# webtalk_add_data -client sdk -key isZynq -value "true" -context "sdk\\\\hardware/1505159076000"
# webtalk_add_data -client sdk -key Processors -value "2" -context "sdk\\\\hardware/1505159076000"
# webtalk_add_data -client sdk -key VivadoVersion -value "2016.2" -context "sdk\\\\hardware/1505159076000"
# webtalk_add_data -client sdk -key Arch -value "zynq" -context "sdk\\\\hardware/1505159076000"
# webtalk_add_data -client sdk -key Device -value "7z010" -context "sdk\\\\hardware/1505159076000"
# webtalk_add_data -client sdk -key IsHandoff -value "true" -context "sdk\\\\hardware/1505159076000"
# webtalk_add_data -client sdk -key uid -value "1505159122000" -context "sdk\\\\bsp/1505159122000"
# webtalk_add_data -client sdk -key hwid -value "1505159076000" -context "sdk\\\\bsp/1505159122000"
# webtalk_add_data -client sdk -key os -value "standalone" -context "sdk\\\\bsp/1505159122000"
# webtalk_add_data -client sdk -key apptemplate -value "empty_application" -context "sdk\\\\bsp/1505159122000"
# webtalk_add_data -client sdk -key uid -value "1505159123000" -context "sdk\\\\application/1505159123000"
# webtalk_add_data -client sdk -key hwid -value "1505159076000" -context "sdk\\\\application/1505159123000"
# webtalk_add_data -client sdk -key bspid -value "1505159122000" -context "sdk\\\\application/1505159123000"
# webtalk_add_data -client sdk -key newbsp -value "true" -context "sdk\\\\application/1505159123000"
# webtalk_add_data -client sdk -key os -value "standalone" -context "sdk\\\\application/1505159123000"
# webtalk_add_data -client sdk -key apptemplate -value "empty_application" -context "sdk\\\\application/1505159123000"
# webtalk_add_data -client sdk -key uid -value "1505159158000" -context "sdk\\\\bsp/1505159158000"
# webtalk_add_data -client sdk -key hwid -value "1505159076000" -context "sdk\\\\bsp/1505159158000"
# webtalk_add_data -client sdk -key os -value "standalone" -context "sdk\\\\bsp/1505159158000"
# webtalk_add_data -client sdk -key apptemplate -value "zynq_fsbl" -context "sdk\\\\bsp/1505159158000"
# webtalk_add_data -client sdk -key uid -value "1505159171000" -context "sdk\\\\application/1505159171000"
# webtalk_add_data -client sdk -key hwid -value "1505159076000" -context "sdk\\\\application/1505159171000"
# webtalk_add_data -client sdk -key bspid -value "1505159158000" -context "sdk\\\\application/1505159171000"
# webtalk_add_data -client sdk -key newbsp -value "true" -context "sdk\\\\application/1505159171000"
# webtalk_add_data -client sdk -key os -value "standalone" -context "sdk\\\\application/1505159171000"
# webtalk_add_data -client sdk -key apptemplate -value "zynq_fsbl" -context "sdk\\\\application/1505159171000"
# webtalk_transmit -clientid 1489317455 -regid "" -xml /home/gnaylor/Dropbox/N3workingG/TE0722Rebuild/N3Vivado/N3Z_TD_FIFO/N3Z_TD_FIFO.sdk/webtalk/usage_statistics_ext_sdk.xml -html /home/gnaylor/Dropbox/N3workingG/TE0722Rebuild/N3Vivado/N3Z_TD_FIFO/N3Z_TD_FIFO.sdk/webtalk/usage_statistics_ext_sdk.html -wdm /home/gnaylor/Dropbox/N3workingG/TE0722Rebuild/N3Vivado/N3Z_TD_FIFO/N3Z_TD_FIFO.sdk/webtalk/sdk_webtalk.wdm -intro "<H3>SDK Usage Report</H3><BR>"
# webtalk_terminate
INFO: [Common 17-206] Exiting Webtalk at Sun Sep 17 21:19:34 2017...
